set time = 1
C
setenv OS `uname`
uname
switch ( Linux )
breaksw
C
C --- Create HYCOM monthly rivers file.
C --- Global version, includes hycom_arctic with region-specific idm jdm
C
switch ( Linux )
setenv pget cp
setenv pput cp
endsw
C
C --- P is primary path,
C --- S is scratch directory,
C --- D is permanent directory,
C --- T is topog. identifier,
C
setenv P hycom/GOMb0.08/force/rivers
setenv T 07
C
switch ( Linux )
if ( -e /external/fast ) then
if ( -e /net/ajax/data ) then
setenv S ~/hycom/GOMb0.08/force/rivers/SCRATCH
setenv D ~/hycom/GOMb0.08/force/rivers
endif
breaksw
C
mkdir -p /home/awallcraft/hycom/GOMb0.08/force/rivers/SCRATCH
cd /home/awallcraft/hycom/GOMb0.08/force/rivers/SCRATCH
echo \033]0;/home/awallcraft/hycom/GOMb0.08/force/rivers/SCRATCH\007/home/awallcraft/hycom/GOMb0.08/force/rivers/SCRATCH
]0;/home/awallcraft/hycom/GOMb0.08/force/rivers/SCRATCH/home/awallcraft/hycom/GOMb0.08/force/rivers/SCRATCH
C
C --- Input.
C
touch regional.grid.a regional.grid.b
if ( -z regional.grid.b ) then
[1] 9720
endif
if ( -z regional.grid.a ) then
cp /home/awallcraft/hycom/GOMb0.08/force/rivers/../../topo/regional.grid.b regional.grid.b
[2] 9721
endif
cp /home/awallcraft/hycom/GOMb0.08/force/rivers/../../topo/regional.grid.a regional.grid.a
C
[1]  - Done                          cp /home/awallcraft/hycom/GOMb0.08/force/rivers/../../topo/regional.grid.b regional.grid.b
touch fort.51 fort.51A
if ( -z fort.51 ) then
[3] 9725
endif
if ( -z fort.51A ) then
cp /home/awallcraft/hycom/GOMb0.08/force/rivers/../../topo/depth_GOMb0.08_07.b fort.51
[4] 9726
endif
cp /home/awallcraft/hycom/GOMb0.08/force/rivers/../../topo/depth_GOMb0.08_07.a fort.51A
C
[4]  + Done                          cp /home/awallcraft/hycom/GOMb0.08/force/rivers/../../topo/depth_GOMb0.08_07.a fort.51A
[3]  + Done                          cp /home/awallcraft/hycom/GOMb0.08/force/rivers/../../topo/depth_GOMb0.08_07.b fort.51
[2]  + Done                          cp /home/awallcraft/hycom/GOMb0.08/force/rivers/../../topo/regional.grid.a regional.grid.a
[1] 9729
wait
cp /home/awallcraft/hycom/ALL/force/src/pcip_riv_mon .
[1]    Done                          cp ~/hycom/ALL/force/src/pcip_riv_mon .
chmod a+rx pcip_riv_mon
C
/bin/rm: No match.
C
setenv FOR014A fort.14A
setenv FOR051A fort.51A
C
switch ( Linux )
/bin/rm -f core
touch core
endsw
C
./pcip_riv_mon

xcspmd: idm,jdm =  263  193

 READING /RTITLE/
&RTITLE
 CTITLE="Mississippi(2),Atchafalaya,Usumacinta,Mobile,Papaloapan,Apalachicola,          ","and 27 others                                                                  ","                                                                               ",
 /
 READING /RIVERS/
&RIVERS
 NRIVERS=         34,
 NSMOOTH=          5,
 MAXDIST=         30,
 IJRIVER=        113,        152,        110,        150,         85,
         157,         70,          8,        126,        173,         31,
           9,        163,        160,         70,          8,          4,
          57,         46,          2,        118,        169,        108,
         167,         54,        160,         41,        159,        186,
         154,         13,         33,         34,        148,        136,
         169,         54,        160,         70,          8,         12,
         107,         28,        145,         20,        140,         11,
          37,         22,         17,         12,         36,          8,
          39,         82, 2*10         ,        134,        176,         53,
         220,         53,        188,         61,        185,         58,
         202,         69, 17932*0          ,
 TRIVER=  6956.0000000000000     ,  8390.2999999999993     ,  9974.7000000000007     ,  11056.299999999999     ,  10116.200000000001     ,
   7961.3000000000002     ,  5778.1000000000004     ,  3938.9000000000001     ,  3172.9000000000001     ,  3379.5999999999999     ,  3825.5999999999999     ,
   5527.5000000000000     ,  6956.0000000000000     ,  8390.2999999999993     ,  9974.7000000000007     ,  11056.299999999999     ,  10116.200000000001     ,
   7961.3000000000002     ,  5778.1000000000004     ,  3938.9000000000001     ,  3172.9000000000001     ,  3379.5999999999999     ,  3825.5999999999999     ,
   5527.5000000000000     ,  6708.3000000000002     ,  6858.3999999999996     ,  8486.6000000000004     ,  10129.000000000000     ,  9361.6000000000004     ,
   7201.0000000000000     ,  4757.3000000000002     ,  3279.0999999999999     ,  2785.8000000000002     ,  3349.9000000000001     ,  4077.6999999999998     ,
   6374.1999999999998     ,  1546.7000000000000     ,  1259.9000000000001     ,  1009.9000000000000     ,  746.70000000000005     ,  749.79999999999995     ,
   1900.0000000000000     ,  3076.5000000000000     ,  3351.8000000000002     ,  4390.8000000000002     ,  4427.6999999999998     ,  3172.8000000000002     ,
   2435.0000000000000     ,  1616.0000000000000     ,  2091.1999999999998     ,  1727.5999999999999     ,  2119.1999999999998     ,  982.29999999999995     ,
   463.80000000000001     ,  312.10000000000002     ,  297.60000000000002     ,  266.89999999999998     ,  359.10000000000002     ,  337.80000000000001     ,
   1129.0000000000000     ,  609.20000000000005     ,  571.10000000000002     ,  527.50000000000000     ,  553.00000000000000     ,  539.20000000000005     ,
   1056.2000000000000     ,  1450.5999999999999     ,  1494.8000000000000     ,  1742.0999999999999     ,  1165.5999999999999     ,  797.20000000000005     ,
   653.39999999999998     ,  876.10000000000002     ,  1200.4000000000001     ,  1326.7000000000000     ,  1027.9000000000001     ,  698.89999999999998     ,
   546.20000000000005     ,  608.00000000000000     ,  541.70000000000005     ,  459.00000000000000     ,  436.60000000000002     ,  464.10000000000002     ,
   691.20000000000005     ,  349.00000000000000     ,  359.39999999999998     ,  228.50000000000000     ,  240.30000000000001     ,  267.00000000000000     ,
   466.30000000000001     ,  849.50000000000000     ,  1002.4000000000000     ,  1319.5000000000000     ,  1067.0999999999999     ,  562.70000000000005     ,
   391.60000000000002     ,  173.19999999999999     ,  144.90000000000001     ,  130.00000000000000     ,  121.59999999999999     ,  154.09999999999999     ,
   437.50000000000000     ,  832.79999999999995     ,  749.89999999999998     ,  1383.9000000000001     ,  1022.5000000000000     ,  381.80000000000001     ,
   239.90000000000001     ,  234.19999999999999     ,  175.40000000000001     ,  119.00000000000000     ,  80.200000000000003     ,  71.799999999999997     ,
   258.00000000000000     ,  599.20000000000005     ,  940.20000000000005     ,  1129.8000000000000     ,  610.00000000000000     ,  384.00000000000000     ,
   357.00000000000000     ,  435.19999999999999     ,  528.10000000000002     ,  573.39999999999998     ,  529.79999999999995     ,  305.30000000000001     ,
   149.90000000000001     ,  148.19999999999999     ,  112.90000000000001     ,  101.50000000000000     ,  85.799999999999997     ,  142.50000000000000     ,
   285.19999999999999     ,  434.39999999999998     ,  559.79999999999995     ,  585.60000000000002     ,  547.89999999999998     ,  348.60000000000002     ,
   160.00000000000000     ,  127.30000000000000     ,  104.09999999999999     ,  81.700000000000003     ,  83.400000000000006     ,  118.80000000000000     ,
   278.89999999999998     ,  323.69999999999999     ,  371.89999999999998     ,  351.30000000000001     ,  348.10000000000002     ,  351.89999999999998     ,
   251.69999999999999     ,  147.19999999999999     ,  122.50000000000000     ,  112.30000000000000     ,  65.200000000000003     ,  80.799999999999997     ,
   254.59999999999999     ,  200.69999999999999     ,  241.69999999999999     ,  268.80000000000001     ,  301.19999999999999     ,  365.00000000000000     ,
   319.00000000000000     ,  118.70000000000000     ,  62.500000000000000     ,  76.599999999999994     ,  117.30000000000000     ,  179.40000000000001     ,
   217.80000000000001     ,  289.19999999999999     ,  288.50000000000000     ,  311.30000000000001     ,  298.89999999999998     ,  252.09999999999999     ,
   184.90000000000001     ,  107.30000000000000     ,  93.000000000000000     ,  105.30000000000000     ,  119.40000000000001     ,  140.40000000000001     ,
   225.09999999999999     ,  98.900000000000006     ,  83.400000000000006     ,  70.500000000000000     ,  62.600000000000001     ,  89.099999999999994     ,
   226.00000000000000     ,  281.00000000000000     ,  337.50000000000000     ,  450.00000000000000     ,  379.80000000000001     ,  192.19999999999999     ,
   107.50000000000000     ,  164.69999999999999     ,  223.19999999999999     ,  199.69999999999999     ,  265.60000000000002     ,  457.39999999999998     ,
   327.10000000000002     ,  142.69999999999999     ,  69.099999999999994     ,  101.59999999999999     ,  131.59999999999999     ,  160.30000000000001     ,
   150.59999999999999     ,  271.89999999999998     ,  359.60000000000002     ,  377.80000000000001     ,  349.60000000000002     ,  188.59999999999999     ,
   148.30000000000001     ,  84.599999999999994     ,  121.09999999999999     ,  85.200000000000003     ,  80.799999999999997     ,  76.500000000000000     ,
   147.90000000000001     ,  182.40000000000001     ,  234.00000000000000     ,  227.50000000000000     ,  260.50000000000000     ,  246.69999999999999     ,
   231.40000000000001     ,  142.40000000000001     ,  101.70000000000000     ,  88.299999999999997     ,  74.799999999999997     ,  84.700000000000003     ,
   141.59999999999999     ,  131.30000000000001     ,  143.59999999999999     ,  131.69999999999999     ,  150.00000000000000     ,  150.30000000000001     ,
   154.30000000000001     ,  124.00000000000000     ,  120.00000000000000     ,  116.50000000000000     ,  161.69999999999999     ,  178.00000000000000     ,
   166.69999999999999     ,  147.69999999999999     ,  147.30000000000001     ,  159.00000000000000     ,  152.69999999999999     ,  128.69999999999999     ,
   94.400000000000006     ,  54.799999999999997     ,  47.500000000000000     ,  53.799999999999997     ,  61.000000000000000     ,  71.700000000000003     ,
   114.90000000000001     ,  105.90000000000001     ,  105.59999999999999     ,  114.00000000000000     ,  109.40000000000001     ,  92.299999999999997     ,
   67.700000000000003     ,  39.299999999999997     ,  34.100000000000001     ,  38.500000000000000     ,  43.700000000000003     ,  51.399999999999999     ,
   82.400000000000006     ,  84.799999999999997     ,  84.500000000000000     ,  91.200000000000003     ,  87.599999999999994     ,  73.900000000000006     ,
   54.200000000000003     ,  31.500000000000000     ,  27.300000000000001     ,  30.899999999999999     ,  35.000000000000000     ,  41.200000000000003     ,
   66.000000000000000     ,  50.799999999999997     ,  36.799999999999997     ,  31.199999999999999     ,  24.600000000000001     ,  28.100000000000001     ,
   64.599999999999994     ,  55.799999999999997     ,  60.799999999999997     ,  107.20000000000000     ,  98.400000000000006     ,  71.599999999999994     ,
   47.600000000000001     ,  32.200000000000003     ,  33.200000000000003     ,  21.100000000000001     ,  22.199999999999999     ,  24.699999999999999     ,
   43.100000000000001     ,  78.500000000000000     ,  92.599999999999994     ,  121.90000000000001     ,  98.599999999999994     ,  52.000000000000000     ,
   36.200000000000003     ,  13.699999999999999     ,  11.500000000000000     ,  9.5999999999999996     ,  7.7999999999999998     ,  14.100000000000000     ,
   45.000000000000000     ,  73.000000000000000     ,  95.200000000000003     ,  122.20000000000000     ,  86.599999999999994     ,  41.100000000000001     ,
   19.800000000000001     ,  21.600000000000001     ,  17.899999999999999     ,  16.399999999999999     ,  14.100000000000000     ,  21.399999999999999     ,
   61.500000000000000     ,  124.00000000000000     ,  47.500000000000000     ,  0.0000000000000000     ,  58.000000000000000     ,  87.500000000000000     ,
   54.899999999999999     ,  29.699999999999999     ,  19.899999999999999     ,  19.399999999999999     ,  16.399999999999999     ,  15.000000000000000     ,
   20.199999999999999     , 2*33.600000000000001       ,  61.700000000000003     ,  99.099999999999994     ,  86.299999999999997     ,  64.700000000000003     ,
   9.6999999999999993     ,  6.9000000000000004     ,  5.4000000000000004     ,  10.900000000000000     ,  37.500000000000000     ,  36.700000000000003     ,
   19.800000000000001     ,  29.100000000000001     ,  63.600000000000001     ,  58.799999999999997     ,  14.800000000000001     ,  7.5000000000000000     ,
   4.7999999999999998     ,  4.0000000000000000     ,  2.8999999999999999     ,  4.0000000000000000     ,  12.300000000000001     ,  26.100000000000001     ,
   13.400000000000000     ,  11.699999999999999     ,  17.800000000000001     ,  19.699999999999999     ,  12.199999999999999     ,  5.5999999999999996     ,
   1.8999999999999999     ,  1.6000000000000001     ,  1.5000000000000000     ,  1.1000000000000001     ,  6.7999999999999998     ,  27.699999999999999     ,
   13.000000000000000     ,  9.5999999999999996     ,  19.199999999999999     ,  18.899999999999999     ,  5.4000000000000004     ,  2.2999999999999998     ,
  2*1.3999999999999999       ,  1.1000000000000001     ,  1.6000000000000001     ,  3.2000000000000002     ,  7.0999999999999996     ,  4.0999999999999996     ,
   3.2999999999999998     ,  5.0999999999999996     ,  6.2999999999999998     ,  2.7000000000000002     ,  1.5000000000000000     , 0.90000000000000002     ,
  0.69999999999999996     , 0.59999999999999998     ,  1.1000000000000001     ,  2.8999999999999999     ,  8.0000000000000000     ,  4.4000000000000004     ,
   4.9000000000000004     ,  5.5999999999999996     ,  4.0999999999999996     ,  2.5000000000000000     ,  1.0000000000000000     , 0.69999999999999996     ,
  0.59999999999999998     , 0.40000000000000002     , 0.59999999999999998     ,  1.8999999999999999     ,  4.0000000000000000     ,  2.1000000000000001     ,
   1.8000000000000000     ,  2.7000000000000002     ,  3.0000000000000000     ,  1.8999999999999999     , 0.90000000000000002     , 107592*0.0000000000000000       ,
 
 TSCALE=  9.9999999999999995E-007,
 IGNORE=T,
 /


 LPERIOD =  F
 LARCTIC =  F


 depth_GOMb0.01_04bs17m subregioned to GOMb0.08 via isuba_topog                 
 0.01 deg. resolution; boxsmoothed 9x; land from 5x;                            
 lon: -98.00 to -77.0000.  lat: 18.09165N to 31.96065N.                         
 Filled single-width inlets and 1-point seas.                                   
 Re-merged with depth_GLBb0.08_09m11 near open boundaries.                      
 min,max depth =     2.00000  6710.49268                                        

Monthly river inflow bogused to monthly precipitation (m/s)                    
Mississippi(2),Atchafalaya,Usumacinta,Mobile,Papaloapan,Apalachicola,          
and 27 others                                                                  
                                                                               
   5 smoothing passes.  i/jdm =   263   193                                    

river    1 at i,j =   113   152 or lon,lat =  -89.040  29.136   
river    2 at i,j =   110   150 or lon,lat =  -89.280  28.997   
river    3 at i,j =    85   156 or lon,lat =  -91.280  29.416   (new)   1.0
river    4 at i,j =    70     9 or lon,lat =  -92.480  18.699   (new)   1.0
river    5 at i,j =   126   173 or lon,lat =  -88.000  30.593   
river    6 at i,j =    31    10 or lon,lat =  -95.600  18.775   (new)   1.0
river    7 at i,j =   163   160 or lon,lat =  -85.040  29.694   
river    8 at i,j =    70     9 or lon,lat =  -92.480  18.699   (new)   1.0
river    9 at i,j =     4    57 or lon,lat =  -97.760  22.295   
river   10 at i,j =    46     2 or lon,lat =  -94.400  18.168   
river   11 at i,j =   118   169 or lon,lat =  -88.640  30.317   
river   12 at i,j =   108   167 or lon,lat =  -89.440  30.179   
river   13 at i,j =    54   160 or lon,lat =  -93.760  29.694   
river   14 at i,j =    41   159 or lon,lat =  -94.800  29.624   
river   15 at i,j =   186   154 or lon,lat =  -83.200  29.276   
river   16 at i,j =    13    34 or lon,lat =  -97.040  20.582   (new)   1.0
river   17 at i,j =    34   148 or lon,lat =  -95.360  28.857   
river   18 at i,j =   136   169 or lon,lat =  -87.200  30.317   
river   19 at i,j =    54   160 or lon,lat =  -93.760  29.694   
river   20 at i,j =    70     9 or lon,lat =  -92.480  18.699   (new)   1.0
river   21 at i,j =    12   107 or lon,lat =  -97.120  25.945   
river   22 at i,j =    28   145 or lon,lat =  -95.840  28.646   
river   23 at i,j =    20   140 or lon,lat =  -96.480  28.294   
river   24 at i,j =    11    37 or lon,lat =  -97.200  20.807   
river   25 at i,j =    23    17 or lon,lat =  -96.240  19.304   (new)   1.0
river   26 at i,j =    12    36 or lon,lat =  -97.120  20.732   
river   27 at i,j =    10    39 or lon,lat =  -97.280  20.956   (new)   2.0
river   28 at i,j =    82    10 or lon,lat =  -91.520  18.775   
river   29 at i,j =    10   134 or lon,lat =  -97.280  27.871   
river   30 at i,j =   176    52 or lon,lat =  -84.000  21.924   (new)   1.0
river   31 at i,j =   220    53 or lon,lat =  -80.480  21.999   
river   32 at i,j =   189    60 or lon,lat =  -82.960  22.517   (new)   1.4
river   33 at i,j =   185    57 or lon,lat =  -83.280  22.295   (new)   1.0
river   34 at i,j =   202    69 or lon,lat =  -81.920  23.180   
  river precip: month,range =  1    0.0000000E+00   2.3332228E-05
  river precip: month,range =  2    0.0000000E+00   2.7052212E-05
  river precip: month,range =  3    0.0000000E+00   3.2160675E-05
  river precip: month,range =  4    0.0000000E+00   3.5647990E-05
  river precip: month,range =  5    0.0000000E+00   3.2616903E-05
  river precip: month,range =  6    0.0000000E+00   2.5669020E-05
  river precip: month,range =  7    0.0000000E+00   1.8629891E-05
  river precip: month,range =  8    0.0000000E+00   1.2699900E-05
  river precip: month,range =  9    0.0000000E+00   1.0534896E-05
  river precip: month,range = 10    0.0000000E+00   1.1651332E-05
  river precip: month,range = 11    0.0000000E+00   1.4182700E-05
  river precip: month,range = 12    0.0000000E+00   2.2170187E-05
switch ( Linux )
endsw
C
C --- Output.
C
mv fort.14 rivers_07.b
mv fort.14A rivers_07.a
C
C --- Delete all files.
C
