grep --color=auto [A-Z] rivers_allm.txt
cut -c 33-55
grep --color=auto [A-Z] rivers_allm.txt
cut -c 11-30
hycom_lonlat2ij ../../topo/regional.grid.a
paste rivers_ij.txt rivers_lonlat.txt rivers_names.txt
  113  151	  -89.0500   29.1000	Mississippi A          
  110  150	  -89.3000   29.0000	Mississippi B          
   85  157	  -91.2800   29.4900	Atchafalaya            
   70    8	  -92.5000   18.6000	Usumacinta             
  126  167	  -88.0000   30.2000	Mobile                 
   31    9	  -95.6000   18.7000	Papaloapan             
  163  160	  -85.0000   29.7000	Apalachicola           
   70    8	  -92.5000   18.6000	Rompido de Samaria     
    4   57	  -97.7800   22.2700	Panuco                 
   46    2	  -94.4100   18.1600	Cortzacoalcos          
  118  167	  -88.6000   30.2000	Pascagoula             
  107  167	  -89.5300   30.1800	Pearl                  
   53  162	  -93.8000   29.8000	Sabine                 
   41  159	  -94.8000   29.6000	Trinity                
  186  154	  -83.1700   29.2900	Suwanee                
   13   33	  -97.0000   20.4800	Tecolutla              
   34  148	  -95.3800   28.8700	Brazos                 
  137  172	  -87.1000   30.5000	Escambia               
   53  162	  -93.8000   29.8000	Neches                 
   70    8	  -92.5000   18.6000	Grijalva               
   12  107	  -97.1500   25.9600	Rio Grande             
   26  146	  -96.0000   28.7000	Colorado               
   20  140	  -96.5000   28.3000	Guadalupe              
   10   36	  -97.3000   20.7000	Bobos                  
   22   17	  -96.3000   19.3000	La Antigua             
   11   36	  -97.2000   20.7000	Cazones                
    8   39	  -97.4000   20.9400	Tuxpan                 
   82   10	  -91.5000   18.8000	Candelaria             
   10  133	  -97.3000   27.8000	Nueces                 
  176   53	  -84.0000   22.0000	Cuyaguateje            
  220   53	  -80.5000   22.0000	Damuji                 
  188   61	  -83.0300   22.6000	San Cristobal          
  185   58	  -83.3000   22.4000	San Diego              
  202   69	  -81.9300   23.1500	Santa Cruz             
