  npes   npe   mpe   idm   jdm  ibig  jbig  nreg  minsea  maxsea  avesea
     8     4     2   263   193    66    97     0    3108    6013    4515
    10     5     2   263   193    53    97     0    2277    4654    3612
    12     4     3   263   193    66    65     0    1269    4224    3010
    15     5     3   263   193    53    65     0     854    3392    2408
    16     4     4   263   193    66    49     0     445    3234    2257
    18     6     3   263   193    44    65     0     584    2816    2006
    20     4     5   263   193    66    39     0     134    2574    1806
    20     5     4   263   193    53    49     0     238    2597    1806
    24     6     4   263   193    44    49     0     112    2156    1505
    25     5     5   263   193    53    39     0      57    2067    1444
    28     7     4   263   193    38    49     0      28    1862    1290
    30     5     6   263   193    53    33     0       0    1749    1204
    30     6     5   263   193    44    39     0      21    1716    1204
    32     8     4   263   193    33    49     0       9    1617    1128
    35     7     5   263   193    38    39     0       0    1482    1032
    36     6     6   263   193    44    33     0       0    1452    1003
    39     8     5   263   193    33    39     0      43    1287     926
    41     6     7   263   193    44    28     0       0    1232     881
    41     7     6   263   193    38    33     0       2    1254     881
    44     9     5   263   193    30    39     0      64    1170     820
    47     8     6   263   193    33    33     0       1    1089     768
    48     7     7   263   193    38    28     0       0    1064     752
    53     7     8   263   193    38    25     0       9     950     681
    53     9     6   263   193    30    33     0       1     990     681
    54     8     7   263   193    33    28     0       0     924     668
    59    10     6   263   193    27    33     0       0     891     612
    60     8     8   263   193    33    25     0       9     825     602
    62     9     7   263   193    30    28     0       0     840     582
    68    10     7   263   193    27    28     0       0     756     531
    69     9     8   263   193    30    25     0       0     750     523
    73    11     7   263   193    24    28     0       0     672     494
    76     9     9   263   193    30    22     0       0     660     475
    77    10     8   263   193    27    25     0       0     675     469
    81    12     7   263   193    22    28     0       0     616     445
    83    11     8   263   193    24    25     0       0     600     435
    84    10     9   263   193    27    22     0       0     594     430
    91    11     9   263   193    24    22     0       0     528     396
    91    12     8   263   193    22    25     0       0     550     396
    94    10    10   263   193    27    20     0       0     540     384
    96    13     8   263   193    21    25     0       0     525     376
   101    12     9   263   193    22    22     0       0     484     357
   102    11    10   263   193    24    20     0       0     480     354
   107    13     9   263   193    21    22     0       0     462     337
   112    11    11   263   193    24    18     0       0     432     322
   112    12    10   263   193    22    20     0       0     440     322
   117    14     9   263   193    19    22     0       0     418     308
   119    13    10   263   193    21    20     0       0     420     303
   122    12    11   263   193    22    18     0       0     396     296
   130    13    11   263   193    21    18     0       0     378     277
   130    14    10   263   193    19    20     0       0     380     277
   141    14    11   263   193    19    18     0       0     342     256
   143    13    12   263   193    21    17     0       0     357     252
   155    14    12   263   193    19    17     0       0     323     233
   168    14    13   263   193    19    15     0       0     285     215
