cd ~/hycom/GOMb0.08/topo
echo \033]0;/home/awallcraft/hycom/GOMb0.08/topo\007/home/awallcraft/hycom/GOMb0.08/topo
]0;/home/awallcraft/hycom/GOMb0.08/topo/home/awallcraft/hycom/GOMb0.08/topo
setenv FOR051A fort.51A
/bin/rm: No match.
ln -s depth_GOMb0.08_07.b fort.51
ln -s depth_GOMb0.08_07.a fort.51A
if ( -e landsea_GOMb0.08_09m11s.a ) then
/bin/rm -f regional.mask.a
/bin/ln -s landsea_GOMb0.08_09m11s.a regional.mask.a
endif
setenv NO_STOP_MESSAGE
/home/awallcraft/hycom/ALL/topo/src/topo_map

xcspmd: idm,jdm =  263  193

header:
depth_GOMb0.01_04bs17m subregioned to GOMb0.08 via isuba_topog                 
0.01 deg. resolution; boxsmoothed 9x; land from 5x;                            
lon: -98.00 to -77.0000.  lat: 18.09165N to 31.96065N.                         
Filled single-width inlets and 1-point seas.                                   
Re-merged with depth_GLBb0.08_09m11 near open boundaries.                      
min,max depth =     2.00000  6710.49268
1
                              LAND/SEA MASK FOR AN  263  BY  193 MESH.
                               LAND = ./#,  OCEAN = 0-9 (x 10.0)



                     I =    1  TO  100  :


    J =  193     ########## ########## ########## ########## ########## ########## ########## ########## ########## ##########
    J =  192     ########## ########## ########## ########## ########## ########## ########## ########## ########## ##########
    J =  191     ########## ########## ########## ########## ########## ########## ########## ########## ########## ##########
    J =  190     ########## ########## ########## ########## ########## ########## ########## ########## ########## ##########
    J =  189     ########## ########## ########## ########## ########## ########## ########## ########## ########## ##########
    J =  188     ########## ########## ########## ########## ########## ########## ########## ########## ########## ##########
    J =  187     ########## ########## ########## ########## ########## ########## ########## ########## ########## ##########
    J =  186     ########## ########## ########## ########## ########## ########## ########## ########## ########## ##########
    J =  185     ########## ########## ########## ########## ########## ########## ########## ########## ########## ##########
    J =  184     ########## ########## ########## ########## ########## ########## ########## ########## ########## ##########
    J =  183     ########## ########## ########## ########## ########## ########## ########## ########## ########## ##########
    J =  182     ########## ########## ########## ########## ########## ########## ########## ########## ########## ##########
    J =  181     ########## ########## ########## ########## ########## ########## ########## ########## ########## ##########
    J =  180     ########## ########## ########## ########## ########## ########## ########## ########## ########## ##########
    J =  179     ########## ########## ########## ########## ########## ########## ########## ########## ########## ##########
    J =  178     ########## ########## ########## ########## ########## ########## ########## ########## ########## ##########
    J =  177     ########## ########## ########## ########## ########## ########## ########## ########## ########## ##########
    J =  176     ########## ########## ########## ########## ########## ########## ########## ########## ########## ##########
    J =  175     ########## ########## ########## ########## ########## ########## ########## ########## ########## ##########
    J =  174     ########## ########## ########## ########## ########## ########## ########## ########## ########## ##########
    J =  173     ########## ########## ########## ########## ########## ########## ########## ########## ########## ##########
    J =  172     ########## ########## ########## ########## ########## ########## ########## ########## ########## ##########
    J =  171     ########## ########## ########## ########## ########## ########## ########## ########## ########## ##########
    J =  170     ########## ########## ########## ########## ########## ########## ########## ########## ########## ##########
    J =  169     ########## ########## ########## ########## ########## ########## ########## ########## ########## ##########
    J =  168     ########## ########## ########## ########## ########## ########## ########## ########## ########## ##########
    J =  167     ########## ########## ########## ########## ########## ########## ########## ########## ########## ##########
    J =  166     ########## ########## ########## ########## ########## ########## ########## ########## ########## ##########
    J =  165     ########## ########## ########## ########## ########## ########## ########## ########## ########## ##########
    J =  164     ########## ########## ########## ########## ########## ########## ########## ########## ########## ##########
    J =  163     ########## ########## ########## ########## ########## ########## ########## ########## ########## ##########
    J =  162     ########## ########## ########## ########## ########## ########## ########## ########## ########## ##########
    J =  161     ########## ########## ########## ########## ########## ######10#1 1######### #####00### ########## ##########
    J =  160     ########## ########## ########## ########## 00######## ###1111111 1111###### ####000000 ########## ##########
    J =  159     ########## ########## ########## #########0 00######11 1111111111 111111#### ####00#000 0######### ##########
    J =  158     ########## ########## ########## #########0 0#####1111 1111111111 1111111111 ###00####0 0######### ##########
    J =  157     ########## ########## ########## #########0 000#111111 1111111111 1111111111 1100000.00 0000###### ##########
    J =  156     ########## ########## ########## #########0 0#11111111 1111111111 1111211111 1110000000 00000##### ##########
    J =  155     ########## ########## ########## #########0 0111111111 1111111222 2222222211 1110011100 00000##### ####..####
    J =  154     ########## ########## ########## ########## 1111222111 1111111222 2222222221 1111111111 1000###### ###....##.
    J =  153     ########## ########## ########## #########1 1122222112 2222222222 2222222222 1111111111 1110000... ........#.
    J =  152     ########## ########## ########## ######..11 2222222122 2222222222 2222222222 2111111111 111100000. ...000..#1
    J =  151     ########## ########## ########## #####.1112 2222222222 2222222222 2222222222 2222211111 1111000000 00.0.0.111
    J =  150     ########## ########## ########## #####11222 2222222222 2222222222 2222223332 2222222211 1111101111 1111111122
    J =  149     ########## ########## ########## ####112222 2222222222 2222222222 2222223333 3332222222 2111111111 1111122223
    J =  148     ########## ########## ########## ##11122222 2222222222 2222222222 3233333333 3333332222 2221111111 1122222233
    J =  147     ########## ########## ########## #112222222 2222233333 2222223333 3333333333 3333333332 2222111112 2222222334
    J =  146     ########## ########## #######..1 1122222233 3333333333 3333333333 3333333333 4444433333 3222221112 2222223346
    J =  145     ########## ########## ######.111 2222233333 3333333333 3333333333 3333344434 4444444433 3333222222 2222233469
    J =  144     ########## ########## 0000011122 2223333333 3333333444 4444444444 4444444444 4444444444 4433333222 2223344569
    J =  143     ########## ########## 0001112222 2333333334 4444444444 4444444444 4445555555 5555555555 5544443333 3334445567
    J =  142     ########## ########## ##11222223 3333334444 4444444444 5555555555 5555555555 5555555555 5555554444 4444455668
    J =  141     ########## ########.. #122222233 3333444444 4444445555 5555555555 5555566666 6666666666 6666665555 5555556779
    J =  140     ########## ######0001 1222223333 3344444445 5555555555 6666666666 6666666666 6666666777 7777777666 6666677899
    J =  139     ########## ######0#12 2222333334 4444455555 5555555566 6776666666 6777777777 7777777777 8888888888 8888899999
    J =  138     ########## ######1122 2333333444 4455555555 5566666666 7777777777 8888888888 8888888889 9999999999 9999999999
    J =  137     ########## #####11222 3333444445 5555666666 6666666677 7777888899 9999999999 9999999999 9999999999 9999999999
    J =  136     ########## ####112223 3344455555 5566778888 8877788888 8889999999 9999999999 9999999999 9999999999 9999999999
    J =  135     ########## ##01122233 4455555556 6678899999 9999999999 9999999999 9999999999 9999999999 9999999999 9999999999
    J =  134     ########00 #011223334 4556666666 7789999999 9999999999 9999999999 9999999999 9999999999 9999999999 9999999999
    J =  133     ########00 0012233345 5667777777 8999999999 9999999999 9999999999 9999999999 9999999999 9999999999 9999999999
    J =  132     #########0 0122333455 6788999999 9999999999 9999999999 9999999999 9999999999 9999999999 9999999999 9999999999
    J =  131     ########## 1122334556 7899999999 9999999999 9999999999 9999999999 9999999999 9999999999 9999999999 9999999999
    J =  130     ########## 1223344567 8999999999 9999999999 9999999999 9999999999 9999999999 9999999999 9999999999 9999999999
    J =  129     ########## 2233445678 9999999999 9999999999 9999999999 9999999999 9999999999 9999999999 9999999999 9999999999
    J =  128     #########1 2233456789 9999999999 9999999999 9999999999 9999999999 9999999999 9999999999 9999999999 9999999999
    J =  127     #########1 2334456789 9999999999 9999999999 9999999999 9999999999 9999999999 9999999999 9999999999 9999999999
    J =  126     #########2 2334567899 9999999999 9999999999 9999999999 9999999999 9999999999 9999999999 9999999999 9999999999
    J =  125     #########2 2334567899 9999999999 9999999999 9999999999 9999999999 9999999999 9999999999 9999999999 9999999999
    J =  124     #######012 3344568999 9999999999 9999999999 9999999999 9999999999 9999999999 9999999999 9999999999 9999999999
    J =  123     #######012 3345678999 9999999999 9999999999 9999999999 9999999999 9999999999 9999999999 9999999999 9999999999
    J =  122     #######012 3345678999 9999999999 9999999999 9999999999 9999999999 9999999999 9999999999 9999999999 9999999999
    J =  121     #######012 3345678999 9999999999 9999999999 9999999999 9999999999 9999999999 9999999999 9999999999 9999999999
    J =  120     #######012 3345678999 9999999999 9999999999 9999999999 9999999999 9999999999 9999999999 9999999999 9999999999
    J =  119     #######0#2 3345578999 9999999999 9999999999 9999999999 9999999999 9999999999 9999999999 9999999999 9999999999
    J =  118     #######002 2344568999 9999999999 9999999999 9999999999 9999999999 9999999999 9999999999 9999999999 9999999999
    J =  117     #######001 2344567899 9999999999 9999999999 9999999999 9999999999 9999999999 9999999999 9999999999 9999999999
    J =  116     ########01 2334456799 9999999999 9999999999 9999999999 9999999999 9999999999 9999999999 9999999999 9999999999
    J =  115     ########01 2234445689 9999999999 9999999999 9999999999 9999999999 9999999999 9999999999 9999999999 9999999999
    J =  114     ########00 1234445578 9999999999 9999999999 9999999999 9999999999 9999999999 9999999999 9999999999 9999999999
    J =  113     ########00 1234445567 9999999999 9999999999 9999999999 9999999999 9999999999 9999999999 9999999999 9999999999
    J =  112     #########0 #223445567 9999999999 9999999999 9999999999 9999999999 9999999999 9999999999 9999999999 9999999999
    J =  111     #########0 1223445567 9999999999 9999999999 9999999999 9999999999 9999999999 9999999999 9999999999 9999999999
    J =  110     #########0 1223445567 9999999999 9999999999 9999999999 9999999999 9999999999 9999999999 9999999999 9999999999
    J =  109     ########## 1223445567 9999999999 9999999999 9999999999 9999999999 9999999999 9999999999 9999999999 9999999999
    J =  108     ########## 0223445567 9999999999 9999999999 9999999999 9999999999 9999999999 9999999999 9999999999 9999999999
    J =  107     ########## #223445568 9999999999 9999999999 9999999999 9999999999 9999999999 9999999999 9999999999 9999999999
    J =  106     ########## #223445679 9999999999 9999999999 9999999999 9999999999 9999999999 9999999999 9999999999 9999999999
    J =  105     ########## #233455679 9999999999 9999999999 9999999999 9999999999 9999999999 9999999999 9999999999 9999999999
    J =  104     ########## #233456789 9999999999 9999999999 9999999999 9999999999 9999999999 9999999999 9999999999 9999999999
    J =  103     ########## #234556799 9999999999 9999999999 9999999999 9999999999 9999999999 9999999999 9999999999 9999999999
    J =  102     ########## 1244566899 9999999999 9999999999 9999999999 9999999999 9999999999 9999999999 9999999999 9999999999
    J =  101     ########## 2345567899 9999999999 9999999999 9999999999 9999999999 9999999999 9999999999 9999999999 9999999999
    J =  100     #########1 3455567999 9999999999 9999999999 9999999999 9999999999 9999999999 9999999999 9999999999 9999999999
    J =   99     #########2 3455678999 9999999999 9999999999 9999999999 9999999999 9999999999 9999999999 9999999999 9999999999
    J =   98     ####000013 4555679999 9999999999 9999999999 9999999999 9999999999 9999999999 9999999999 9999999999 9999999999
    J =   97     ####000#23 4556789999 9999999999 9999999999 9999999999 9999999999 9999999999 9999999999 9999999999 9999999999
    J =   96     ####000134 5566799999 9999999999 9999999999 9999999999 9999999999 9999999999 9999999999 9999999999 9999999999
    J =   95     ####000234 5567899999 9999999999 9999999999 9999999999 9999999999 9999999999 9999999999 9999999999 9999999999
    J =   94     ####111234 5567999999 9999999999 9999999999 9999999999 9999999999 9999999999 9999999999 9999999999 9999999999
    J =   93     #####21234 5578999999 9999999999 9999999999 9999999999 9999999999 9999999999 9999999999 9999999999 9999999999
    J =   92     ####232234 5689999999 9999999999 9999999999 9999999999 9999999999 9999999999 9999999999 9999999999 9999999999
    J =   91     ####1.2345 5789999999 9999999999 9999999999 9999999999 9999999999 9999999999 9999999999 9999999999 9999999999
    J =   90     ####112345 6799999999 9999999999 9999999999 9999999999 9999999999 9999999999 9999999999 9999999999 9999999999
    J =   89     ####123445 6899999999 9999999999 9999999999 9999999999 9999999999 9999999999 9999999999 9999999999 9999999999
    J =   88     ####123456 7999999999 9999999999 9999999999 9999999999 9999999999 9999999999 9999999999 9999999999 9999999999
    J =   87     ####.23467 8999999999 9999999999 9999999999 9999999999 9999999999 9999999999 9999999999 9999999999 9999999999
    J =   86     ####223467 9999999999 9999999999 9999999999 9999999999 9999999999 9999999999 9999999999 9999999999 9999999999
    J =   85     ####124567 9999999999 9999999999 9999999999 9999999999 9999999999 9999999999 9999999999 9999999999 9999999999
    J =   84     ####134568 9999999999 9999999999 9999999999 9999999999 9999999999 9999999999 9999999999 9999999999 9999999999
    J =   83     ###1134579 9999999999 9999999999 9999999999 9999999999 9999999999 9999999999 9999999999 9999999999 9999999999
    J =   82     ###0134579 9999999999 9999999999 9999999999 9999999999 9999999999 9999999999 9999999999 9999999999 9999999999
    J =   81     ###1234679 9999999999 9999999999 9999999999 9999999999 9999999999 9999999999 9999999999 9999999999 9999999999
    J =   80     ###1235689 9999999999 9999999999 9999999999 9999999999 9999999999 9999999999 9999999999 9999999999 9999999999
    J =   79     ###1235689 9999999999 9999999999 9999999999 9999999999 9999999999 9999999999 9999999999 9999999999 9999999999
    J =   78     ###1245799 9999999999 9999999999 9999999999 9999999999 9999999999 9999999999 9999999999 9999999999 9999999999
    J =   77     ####245799 9999999999 9999999999 9999999999 9999999999 9999999999 9999999999 9999999999 9999999999 9999999999
    J =   76     ####245899 9999999999 9999999999 9999999999 9999999999 9999999999 9999999999 9999999999 9999999999 9999999999
    J =   75     ####246899 9999999999 9999999999 9999999999 9999999999 9999999999 9999999999 9999999999 9999999999 9999999999
    J =   74     ####246999 9999999999 9999999999 9999999999 9999999999 9999999999 9999999999 9999999999 9999999999 9999999999
    J =   73     ####346999 9999999999 9999999999 9999999999 9999999999 9999999999 9999999999 9999999999 9999999999 9999999999
    J =   72     ###2356999 9999999999 9999999999 9999999999 9999999999 9999999999 9999999999 9999999999 9999999999 9999999999
    J =   71     ###2356999 9999999999 9999999999 9999999999 9999999999 9999999999 9999999999 9999999999 9999999999 9999999999
    J =   70     ###2357999 9999999999 9999999999 9999999999 9999999999 9999999999 9999999999 9999999999 9999999999 9999999999
    J =   69     ###2347999 9999999999 9999999999 9999999999 9999999999 9999999999 9999999999 9999999999 9999999999 9999999999
    J =   68     ####357999 9999999999 9999999999 9999999999 9999999999 9999999999 9999999999 9999999999 9999999999 9999999999
    J =   67     ####357999 9999999999 9999999999 9999999999 9999999999 9999999999 9999999999 9999999999 9999999999 9999999999
    J =   66     ###.347999 9999999999 9999999999 9999999999 9999999999 9999999999 9999999999 9999999999 9999999999 9999999999
    J =   65     ###.347999 9999999999 9999999999 9999999999 9999999999 9999999999 9999999999 9999999999 9999999999 9999999999
    J =   64     ###2356999 9999999999 9999999999 9999999999 9999999999 9999999999 9999999999 9999999999 9999999999 9999999999
    J =   63     ##.2346999 9999999999 9999999999 9999999999 9999999999 9999999999 9999999999 9999999999 9999999999 9999999999
    J =   62     ##.2347999 9999999999 9999999999 9999999999 9999999999 9999999999 9999999999 9999999999 9999999999 9999999999
    J =   61     ##22359999 9999999999 9999999999 9999999999 9999999999 9999999999 9999999999 9999999999 9999999999 9999999999
    J =   60     ##22358999 9999999999 9999999999 9999999999 9999999999 9999999999 9999999999 9999999999 9999999999 9999999988
    J =   59     ##22357999 9999999999 9999999999 9999999999 9999999999 9999999999 9999999999 9999999999 9999999999 9987788777
    J =   58     ###2356999 9999999999 9999999999 9999999999 9999999999 9999999999 9999999999 9999999999 9999999999 8766566565
    J =   57     ###2345999 9999999999 9999999999 9999999999 9999999999 9999999999 9999999999 9999999999 9999999998 7665555445
    J =   56     ###2345999 9999999999 9999999999 9999999999 9999999999 9999999999 9999999999 9999999999 9757755555 5544455545
    J =   55     ###2344599 9999999999 9999999999 9999999999 9999999999 9999999999 9999999999 9999999999 9534533445 5444555445
    J =   54     ####223499 9999999999 9999999999 9999999999 9999999999 9999999999 9999999999 9999999977 6324544556 6434455445
    J =   53     ####114699 9999999999 9999999999 9999999999 9999999999 9999999999 9999999999 9998887555 5335655545 5544444434
    J =   52     #####13579 9999999999 9999999999 9999999999 9999999999 9999999999 9999999999 9996665345 5457755455 5544444444
    J =   51     #####12459 9999999999 9999999999 9999999999 9999999999 9999999999 9999999999 9999543345 5556655555 5434444433
    J =   50     ######2459 9999999999 9999999999 9999999999 9999999999 9999999999 9999999999 9999533345 4447655665 5324443333
    J =   49     #######346 9999999999 9999999999 9999999999 9999999999 9999999999 9999999999 9998544444 4446544543 3334532333
    J =   48     ########35 9999999999 9999999999 9999999999 9999999999 9999999999 9999999999 9997434444 4444433333 3334433332
    J =   47     #########3 4999999999 9999999999 9999999999 9999999999 9999999999 9999999999 9984434444 4323432333 3333333322
    J =   46     #########2 3999999999 9999999999 9999999999 9999999999 9999999999 9999999999 9974444445 5334332223 3333222222
    J =   45     ########12 3699999999 9999999999 9999999999 9999999999 9999999999 9999999999 9976555444 4333322222 2322221222
    J =   44     ########12 3699999999 9999999999 9999999999 9999999999 9999999999 9999999999 9779555333 3433332222 2221112111
    J =   43     ########12 2499999999 9999999999 9999999999 9999999999 9999999999 9999999999 9666555323 4433333222 2211111111
    J =   42     ########11 2499999999 9999999999 9999999999 9999999999 9999999999 9999999999 9765554224 4333333322 2211111111
    J =   41     ########12 2369999999 9999999999 9999999999 9999999999 9999999999 9999999999 8755444345 4233343222 22111111##
    J =   40     #########2 1249999999 9999999999 9999999999 9999999999 9999999999 9999999999 9433434445 4333333222 1211111###
    J =   39     #########1 1128999999 9999999999 9999999999 9999999999 9999999999 9999999999 9433434454 4443332221 111111####
    J =   38     ########## 1114999999 9999999999 9999999999 9999999999 9999999999 9999999999 9445434444 4553333211 111111####
    J =   37     ########## 3224999999 9999999999 9999999999 9999999999 9999999999 9999999999 9346434443 4443343211 11111#####
    J =   36     ########## #138999999 9999999999 9999999999 9999999999 9999999999 9999999999 9355433443 3444333211 11110#####
    J =   35     ########## #138899999 9999999999 9999999999 9999999999 9999999999 9999999999 9454442343 4444332221 11110#####
    J =   34     ########## ##24599999 9999999999 9999999999 9999999999 9999999999 9999999999 9833542234 4444332221 11000#####
    J =   33     ########## ###3469999 9999999999 9999999999 9999999999 9999999999 9999999999 9934653224 3344322211 1100######
    J =   32     ########## ###2348999 9999999999 9999999999 9999999999 9999999999 9999999999 9944654334 3233322211 1100######
    J =   31     ########## ####235999 9999999999 9999999999 9999999999 9999999999 9999999999 9994544333 3333211111 1100.#####
    J =   30     ########## #####34799 9999999999 9999999999 9999999999 9999999999 9999999999 9998644343 4333211111 1100.#####
    J =   29     ########## ######3599 9999999999 9999999999 9999999999 9999999999 9999999999 9999743444 3333222111 1100######
    J =   28     ########## #######469 9999999999 9999999999 9999999999 9999999999 9999999999 9999854444 4333322111 1000######
    J =   27     ########## ########47 9999999999 9999999999 9999999999 9999999999 9999999999 9999965444 4333222111 1000######
    J =   26     ########## ########45 9999999999 9999999999 9999999999 9999999999 9999999999 9999976544 4333221111 1000######
    J =   25     ########## #########4 7999999999 9999999999 9999999999 9999999999 9999999999 9999886544 4332222111 1000######
    J =   24     ########## ########## 5899999999 9999999999 9999999999 9999999999 9999999999 9999986544 4333322111 110#######
    J =   23     ########## ########## 6799999999 9999999999 9999999999 9999999999 9999999999 9999976544 4333222111 11########
    J =   22     ########## ########## #699999999 9999999999 9999999999 9999999999 9999999999 9999875544 4332222111 10########
    J =   21     ########## ########## #479999999 9999999999 9999999999 9999999999 9999999999 9988765444 4332222111 10########
    J =   20     ########## ########## #359999999 9999999999 9999999999 9999999999 9999999999 9976655444 3332222111 10########
    J =   19     ########## ########## ##47999999 9999999999 9999999999 9999999999 9999999999 9865454443 3322221111 00########
    J =   18     ########## ########## ##35899999 9999999999 9999999999 9999999999 9999999999 8654444433 3222221111 0#########
    J =   17     ########## ########## ##24589999 9999999999 9999999999 9999999999 9999999999 6544333332 2222211110 0#########
    J =   16     ########## ########## ###3356999 9999999999 9999999999 9999999999 9999999997 5433222222 2221111110 ##########
    J =   15     ########## ########## ####234499 9999999999 9999999999 9999999999 9999999875 4332222222 211111100# ##########
    J =   14     ########## ########## #####22359 9999999999 9999999999 9999999999 9999998654 3322222211 1111110### ##########
    J =   13     ########## ########## ######2246 9999999999 9999999999 9999999999 9999875433 2222222111 111110..## ##########
    J =   12     ########## ########## ######2235 7999999999 9999999999 9999999999 9987543333 2222111111 111.....## ##########
    J =   11     ########## ########## #######223 5689999999 9999999999 9999999999 9654333222 2222111111 11...#.### ##########
    J =   10     ########## ########## #########2 3344699999 9999999999 9999985455 5443222221 1111111111 10.....### ##########
    J =    9     ########## ########## ########## ######9999 9999999999 9999841133 3333221111 1111.#000# 0000..#### ##########
    J =    8     ########## ########## ########## #######999 9899999999 9976411222 33222111## #######000 0000.##### ##########
    J =    7     ########## ########## ########## ########## 9467888997 6543111233 222211#### #######000 000.###### ##########
    J =    6     ########## ########## ########## ########## #335665544 4322111143 22221##### ########00 0...###### ##########
    J =    5     ########## ########## ########## ########## #434444323 43111..### ########## ########.. ..######## ##########
    J =    4     ########## ########## ########## ########## ##22344321 221####### ########## ########.. .######### ##########
    J =    3     ########## ########## ########## ########## ###2333211 ########## ########## ########## ########## ##########
    J =    2     ########## ########## ########## ########## ####22#### ########## ########## ########## ########## ##########
    J =    1     ########## ########## ########## ########## ########## ########## ########## ########## ########## ##########



                     I =  101  TO  200  :


    J =  193     ########## ########## ########## ########## ########## ########## ########## ########## ########## ##########
    J =  192     ########## ########## ########## ########## ########## ########## ########## ########## ########## ##########
    J =  191     ########## ########## ########## ########## ########## ########## ########## ########## ########## ##########
    J =  190     ########## ########## ########## ########## ########## ########## ########## ########## ########## ##########
    J =  189     ########## ########## ########## ########## ########## ########## ########## ########## ########## ##########
    J =  188     ########## ########## ########## ########## ########## ########## ########## ########## ########## ##########
    J =  187     ########## ########## ########## ########## ########## ########## ########## ########## ########## ##########
    J =  186     ########## ########## ########## ########## ########## ########## ########## ########## ########## ##########
    J =  185     ########## ########## ########## ########## ########## ########## ########## ########## ########## ##########
    J =  184     ########## ########## ########## ########## ########## ########## ########## ########## ########## ##########
    J =  183     ########## ########## ########## ########## ########## ########## ########## ########## ########## ##########
    J =  182     ########## ########## ########## ########## ########## ########## ########## ########## ########## ##########
    J =  181     ########## ########## ########## ########## ########## ########## ########## ########## ########## ##########
    J =  180     ########## ########## ########## ########## ########## ########## ########## ########## ########## ##########
    J =  179     ########## ########## ########## ########## ########## ########## ########## ########## ########## ##########
    J =  178     ########## ########## ########## ########## ########## ########## ########## ########## ########## ##########
    J =  177     ########## ########## ########## ########## ########## ########## ########## ########## ########## ##########
    J =  176     ########## ########## ########## ########## ########## ########## ########## ########## ########## ##########
    J =  175     ########## ########## ########## ########## ########## ########## ########## ########## ########## ##########
    J =  174     ########## ########## ########## ########## ########## ########## ########## ########## ########## ##########
    J =  173     ########## ########## #####00### ########## ########## ########## ########## ########## ########## ##########
    J =  172     ########## ########## ####000### ########## ########## ########## ########## ########## ########## ##########
    J =  171     ########## ########## ####000### ########## ########## ########## ########## ########## ########## ##########
    J =  170     ########## ###..##### ####000### ########12 #221###### ########## ########## ########## ########## ##########
    J =  169     ########## 00000000.# 0000000### #####12222 222222222# ########## ########## ########## ########## ##########
    J =  168     ########00 000011#000 011.#1#### 1111222233 3333333322 2######### ########## ########## ########## ##########
    J =  167     #####.0000 0011111111 1111111111 1222233333 3333333333 222####### ########## ########## ########## ##########
    J =  166     #####00000 0011111222 2222222222 2223333357 7544444333 3322###### ########## ########## ########## ##########
    J =  165     ####00000. .011111222 2222222223 3333334599 9875554443 333221#### ########## #00000#### ########## ##########
    J =  164     ####00#... 0000011223 3333333333 3333346999 9998765544 3333221### ########## #0010000## ########## ##########
    J =  163     ####00##.0 0000011233 3333333333 3334579999 9999877644 44333211## ########## #011110000 ########## ##########
    J =  162     ########.0 0000011233 3444333334 4445899999 9999988654 444332211# #######011 1111111100 ########## ##########
    J =  161     ########00 0000011233 4444444444 4458999999 9999999654 444333211# #####00111 1111111111 0######### ##########
    J =  160     ########00 0000011234 4444444444 4569999999 9999999755 444333211# ##00001111 2221111111 00######## ##########
    J =  159     ####.00000 0000112234 4444444444 5679999999 9999999876 5443332111 1100111222 2222222111 100####### ##########
    J =  158     ####.00000 0001112245 5444444455 6799999999 9999999997 5443322111 1111122222 2222222211 110####### ##########
    J =  157     ######0000 0011122455 5555555666 7999999999 9999999998 6544322222 2211222222 2222222211 1100###### ##########
    J =  156     ######.000 0111234556 6566677789 9999999999 9999999999 7554433333 2222233333 2222222221 11000##### ##########
    J =  155     ########## #112345666 6678999999 9999999999 9999999999 9765544433 3333333333 3322222221 111000#### ##########
    J =  154     ..111##### #113566778 9999999999 9999999999 9999999999 9998765444 3333333333 3332222222 111100#### ##########
    J =  153     1111111### ###2677899 9999999999 9999999999 9999999999 9999987544 4333333333 3333222222 1111100### ##########
    J =  152     12222111## ##13789999 9999999999 9999999999 9999999999 9999998544 4433344333 3333332222 2111110#00 ##########
    J =  151     22333211.# #136999999 9999999999 9999999999 9999999999 9999999654 4444444433 3333332222 2211110000 0#########
    J =  150     33444421.1 1269999999 9999999999 9999999999 9999999999 9999999865 5544444443 3333333222 2211111100 0#########
    J =  149     3445664234 5799999999 9999999999 9999999999 9999999999 9999999997 6655444444 3333333322 2221111110 0#########
    J =  148     4456776569 9999999999 9999999999 9999999999 9999999999 9999999999 8755554444 4333333322 2222111110 0#########
    J =  147     4567889999 9999999999 9999999999 9999999999 9999999999 9999999999 9865555444 4433333322 2222211110 00########
    J =  146     7999999999 9999999999 9999999999 9999999999 9999999999 9999999999 9986555544 4444333332 2222211110 00########
    J =  145     9999999999 9999999999 9999999999 9999999999 9999999999 9999999999 9996555554 4444333333 2222211110 00########
    J =  144     9999999999 9999999999 9999999999 9999999999 9999999999 9999999999 9998666555 4444433333 2222221110 00########
    J =  143     9999999999 9999999999 9999999999 9999999999 9999999999 9999999999 9999766665 4444443333 3222221110 00########
    J =  142     9999999999 9999999999 9999999999 9999999999 9999999999 9999999999 9999866665 5444443333 3222221110 00########
    J =  141     9999999999 9999999999 9999999999 9999999999 9999999999 9999999999 9999977766 5544444333 3322221110 00########
    J =  140     9999999999 9999999999 9999999999 9999999999 9999999999 9999999999 9999987776 6554444433 3322222110 0#########
    J =  139     9999999999 9999999999 9999999999 9999999999 9999999999 9999999999 9999998776 6554444433 3332222110 0#########
    J =  138     9999999999 9999999999 9999999999 9999999999 9999999999 9999999999 9999998877 6655444443 3332222111 .#########
    J =  137     9999999999 9999999999 9999999999 9999999999 9999999999 9999999999 9999999987 7655544444 3333222111 0#########
    J =  136     9999999999 9999999999 9999999999 9999999999 9999999999 9999999999 9999999988 7665554444 3333222111 0#########
    J =  135     9999999999 9999999999 9999999999 9999999999 9999999999 9999999999 9999999998 7765555444 4333322111 ##########
    J =  134     9999999999 9999999999 9999999999 9999999999 9999999999 9999999999 9999999999 8766555544 4333322111 ###00#####
    J =  133     9999999999 9999999999 9999999999 9999999999 9999999999 9999999999 9999999999 8766655544 4433322111 ###00#####
    J =  132     9999999999 9999999999 9999999999 9999999999 9999999999 9999999999 9999999999 9876665554 4433332211 10#00#####
    J =  131     9999999999 9999999999 9999999999 9999999999 9999999999 9999999999 9999999999 9876665554 4443332211 1000######
    J =  130     9999999999 9999999999 9999999999 9999999999 9999999999 9999999999 9999999999 9977765555 4443332211 110#######
    J =  129     9999999999 9999999999 9999999999 9999999999 9999999999 9999999999 9999999999 9987766555 4444333221 1#########
    J =  128     9999999999 9999999999 9999999999 9999999999 9999999999 9999999999 9999999999 9988766655 5444433221 11########
    J =  127     9999999999 9999999999 9999999999 9999999999 9999999999 9999999999 9999999999 9998876655 5544433222 111#######
    J =  126     9999999999 9999999999 9999999999 9999999999 9999999999 9999999999 9999999999 9999877655 5544433322 111#######
    J =  125     9999999999 9999999999 9999999999 9999999999 9999999999 9999999999 9999999999 9999877655 5554443322 2111######
    J =  124     9999999999 9999999999 9999999999 9999999999 9999999999 9999999999 9999999999 9999887665 5554443332 2211######
    J =  123     9999999999 9999999999 9999999999 9999999999 9999999999 9999999999 9999999999 9999987766 5554444333 22211#####
    J =  122     9999999999 9999999999 9999999999 9999999999 9999999999 9999999999 9999999999 9999988766 6555444433 32211#####
    J =  121     9999999999 9999999999 9999999999 9999999999 9999999999 9999999999 9999999999 9999998766 6555544433 322211####
    J =  120     9999999999 9999999999 9999999999 9999999999 9999999999 9999999999 9999999999 9999998776 6655544433 322211####
    J =  119     9999999999 9999999999 9999999999 9999999999 9999999999 9999999999 9999999999 9999998876 6655544433 33222110##
    J =  118     9999999999 9999999999 9999999999 9999999999 9999999999 9999999999 9999999999 9999999877 6655544433 332221100#
    J =  117     9999999999 9999999999 9999999999 9999999999 9999999999 9999999999 9999999999 9999999887 6655544443 3322221#0#
    J =  116     9999999999 9999999999 9999999999 9999999999 9999999999 9999999999 9999999999 9999999987 6665554443 332222110#
    J =  115     9999999999 9999999999 9999999999 9999999999 9999999999 9999999999 9999999999 9999999987 6665554443 332222110#
    J =  114     9999999999 9999999999 9999999999 9999999999 9999999999 9999999999 9999999999 9999999987 7665554443 3332221110
    J =  113     9999999999 9999999999 9999999999 9999999999 9999999999 9999999999 9999999999 9999999987 6666555444 3332221111
    J =  112     9999999999 9999999999 9999999999 9999999999 9999999999 9999999999 9999999999 9999999987 6666555444 3332222111
    J =  111     9999999999 9999999999 9999999999 9999999999 9999999999 9999999999 9999999999 9999999987 7666555444 4332222221
    J =  110     9999999999 9999999999 9999999999 9999999999 9999999999 9999999999 9999999999 9999999997 7666655544 4333222221
    J =  109     9999999999 9999999999 9999999999 9999999999 9999999999 9999999999 9999999999 9999999998 7766655544 4333222221
    J =  108     9999999999 9999999999 9999999999 9999999999 9999999999 9999999999 9999999999 9999999998 7766655544 4433332222
    J =  107     9999999999 9999999999 9999999999 9999999999 9999999999 9999999999 9999999999 9999999998 7766665554 4433332222
    J =  106     9999999999 9999999999 9999999999 9999999999 9999999999 9999999999 9999999999 9999999998 7776665554 4443332222
    J =  105     9999999999 9999999999 9999999999 9999999999 9999999999 9999999999 9999999999 9999999999 7776665555 4443333222
    J =  104     9999999999 9999999999 9999999999 9999999999 9999999999 9999999999 9999999999 9999999999 8776666555 4443333222
    J =  103     9999999999 9999999999 9999999999 9999999999 9999999999 9999999999 9999999999 9999999999 8776666555 4443333222
    J =  102     9999999999 9999999999 9999999999 9999999999 9999999999 9999999999 9999999999 9999999999 8776666555 4433333322
    J =  101     9999999999 9999999999 9999999999 9999999999 9999999999 9999999999 9999999999 9999999998 8776666555 4443333322
    J =  100     9999999999 9999999999 9999999999 9999999999 9999999999 9999999999 9999999999 9999999999 8777666655 5443333322
    J =   99     9999999999 9999999999 9999999999 9999999999 9999999999 9999999999 9999999999 9999999999 8777666655 5443333322
    J =   98     9999999999 9999999999 9999999999 9999999999 9999999999 9999999999 9999999999 9999999999 8777666655 5444333322
    J =   97     9999999999 9999999999 9999999999 9999999999 9999999999 9999999999 9999999999 9999999998 8777666655 5444333322
    J =   96     9999999999 9999999999 9999999999 9999999999 9999999999 9999999999 9999999999 9999999998 7777666655 4444433322
    J =   95     9999999999 9999999999 9999999999 9999999999 9999999999 9999999999 9999999999 9999999998 7777666555 4444333322
    J =   94     9999999999 9999999999 9999999999 9999999999 9999999999 9999999999 9999999999 9999999998 7777666555 4444333322
    J =   93     9999999999 9999999999 9999999999 9999999999 9999999999 9999999999 9999999999 9999999998 7777666555 4443333322
    J =   92     9999999999 9999999999 9999999999 9999999999 9999999999 9999999999 9999999999 9999999987 7777666554 4433333222
    J =   91     9999999999 9999999999 9999999999 9999999999 9999999999 9999999999 9999999999 9999999987 7777666544 4333333222
    J =   90     9999999999 9999999999 9999999999 9999999999 9999999999 9999999999 9999999999 9999999998 7667665433 2333222222
    J =   89     9999999999 9999999999 9999999999 9999999999 9999999999 9999999999 9999999999 9999999999 9766665321 2332211111
    J =   88     9999999999 9999999999 9999999999 9999999999 9999999999 9999999999 9999999999 9999999999 9998765322 2222211111
    J =   87     9999999999 9999999999 9999999999 9999999999 9999999999 9999999999 9999999999 9999999999 9999986443 3222212222
    J =   86     9999999999 9999999999 9999999999 9999999999 9999999999 9999999999 9999999999 9999999999 9999999986 5433345788
    J =   85     9999999999 9999999999 9999999999 9999999999 9999999999 9999999999 9999999999 9999999999 9999999999 9999999999
    J =   84     9999999999 9999999999 9999999999 9999999999 9999999999 9999999999 9999999999 9999999999 9999999999 9999999999
    J =   83     9999999999 9999999999 9999999999 9999999999 9999999999 9999999999 9999999999 9999999999 9999999999 9999999999
    J =   82     9999999999 9999999999 9999999999 9999999999 9999999999 9999999999 9999999999 9999999999 9999999999 9999999999
    J =   81     9999999999 9999999999 9999999999 9999999999 9999999999 9999999999 9999999999 9999999999 9999999999 9999999999
    J =   80     9999999999 9999999999 9999999999 9999999999 9999999999 9999999999 9999999999 9999999999 9999999999 9999999999
    J =   79     9999999999 9999999999 9999999999 9999999999 9999999999 9999999999 9999999999 9999999999 9999999999 9999999999
    J =   78     9999999999 9999999999 9999999999 9999999999 9999999999 9999999999 9999999999 9999999999 9999999999 9999999999
    J =   77     9999999999 9999999999 9999999999 9999999999 9999999999 9999999999 9999999999 9999999999 9999999999 9999999999
    J =   76     9999999999 9999999999 9999989999 9999999999 9999999999 9999999999 9999999999 9999999999 9999999999 9999999999
    J =   75     9999999999 9998998899 9999889999 9999999999 9999999999 9999999999 9999999999 9999999999 9999999999 9999999999
    J =   74     9999999999 9997986789 9998899999 9999999999 9999999999 9999999999 9999999999 9999999999 9999999999 9999999999
    J =   73     9999999999 9997655789 9998899999 9999999999 9999999999 9999999999 9999999999 9999999999 9999999999 9999999999
    J =   72     9999999999 9996567889 9988899999 9998899999 9999999999 9999999999 9999999999 9999999999 9999999999 9999999999
    J =   71     9999999999 9997666889 9888889999 9987799999 9999999999 9999999999 9999999999 9999999999 9999999999 9999999999
    J =   70     9999999999 9998754699 9888888888 8987689999 9999999999 9999999999 9999999999 9999999999 9999999999 9999999999
    J =   69     9999999999 9999865689 8888877777 8986579999 9999999999 9999999999 9999999999 9999999999 9999999999 999999999#
    J =   68     9999999999 9999888988 8888657876 7777689999 9999999999 9999999999 9999999999 9999999999 9999999999 99999#####
    J =   67     9999999999 9998999987 7778646776 6677689999 9999999999 9999999999 9999999999 9999999999 9999999999 99########
    J =   66     9999999999 9987887864 6678756765 5566689999 9999999999 9999999999 9999999999 9999999999 9999###### ##########
    J =   65     9999999999 8876666753 5679756764 5556679999 9999999999 9999999999 9999999999 9999999999 99######## ##########
    J =   64     9999998888 7765665553 5767545765 5656669999 9999999999 9999999999 9999999999 9999999999 ########## ##########
    J =   63     9999996777 7655665455 6654424666 6555669999 9999999999 9999999999 9999999999 9999996### ########## ##########
    J =   62     9988876666 8755555566 5556545457 6555556999 9999999999 9999999999 9999999999 99998##### ########## #00121001#
    J =   61     9875456655 7665555655 5566554347 6555555999 9999999999 9999999999 9999999999 9992###### ########## 0001100011
    J =   60     7752145544 6665445655 5555555446 5345645999 9999999999 9999999999 9999999999 941####### ########00 0029500001
    J =   59     6653134555 6555445655 5554444445 5235534999 9999999999 9999999999 9999999998 11######## #######111 2129500001
    J =   58     5554345555 5555545555 5544444345 4444433899 9999999999 9999999999 9999999961 1######### ######1105 930100000#
    J =   57     5554555555 5555435554 4443444344 4443444489 9999999999 9999999999 9999999911 ########## ####111003 8200000000
    J =   56     5544555555 5544435544 4432334333 4444444459 9999999999 9999999999 9999999111 ########## ####110000 0000000000
    J =   55     5545555555 4444444443 3322333333 4333334446 8999999999 9999999999 9999994111 ######1101 1111100000 0111111000
    J =   54     5455554454 4444433333 3322233333 3333333444 5799999999 9999999999 9999941111 ######1111 1111100000 0011111100
    J =   53     4444444444 4433333332 2222233333 3333323334 4579999999 9999999999 99995111## ######9999 5111000000 0001111110
    J =   52     4434444433 3333333322 2222232222 2333322223 4459999999 9999999999 999911#### ####999999 999940100# 0000111110
    J =   51     3333333333 3322332222 2222222222 2222221223 3447999999 9999999999 9999##999# #999999999 9999931### ##00111111
    J =   50     3333333332 2222222222 1123222122 2222221442 3445999999 9999999999 999999999# 9999999999 9999991### ###0011101
    J =   49     3332222222 2222111122 1112111211 1222332752 2345999999 9999999999 9999999999 9999999999 99999911## ###0001110
    J =   48     2222222222 1221111122 1111112210 1112332641 2334999999 9999999999 9999999999 9999999999 99999941## ###0001111
    J =   47     2222222111 1111111112 ######..00 00012.##21 2234999999 9999999999 9999999999 9999999999 999999#### ###9999919
    J =   46     2221111111 1111111### ########## #.011.###4 5334999999 9999999999 9999999999 9999999999 9999999### #999999999
    J =   45     2221111001 11111##### ########## ########## #434999999 9999999999 9999999999 9999999999 9999999999 9999999999
    J =   44     11111100.# ########## ########## ########## .224999999 9999999999 9999999999 9999999999 9999999999 9999999999
    J =   43     110..##### ########## ########## ########## 2126999999 9999999999 9999999999 9999999999 9999999999 9999999999
    J =   42     1######### ########## ########## ########## 1149999999 9999999999 9999999999 9999999999 9999999999 9999999999
    J =   41     ########## ########## ########## ########## .399999999 9999999999 9999999999 9999999999 9999999999 9999999999
    J =   40     ########## ########## ########## ########## .999999999 9999999999 9999999999 9999999999 9999999999 9999999999
    J =   39     ########## ########## ########## ########## 7999999999 9999999999 9999999999 9999999999 9999999999 9999999999
    J =   38     ########## ########## ########## ########## 9999999999 9999999999 9999999999 9999999999 9999999999 9999999999
    J =   37     ########## ########## ########## #########9 9999999999 9999999999 9999999999 9999999999 9999999999 9999999999
    J =   36     ########## ########## ########## ########.9 9999999999 9999999999 9999999999 9999999999 9999999999 9999999999
    J =   35     ########## ########## ########## #######.99 9899999999 9999999999 9999999999 9999999999 9999999999 9999999999
    J =   34     ########## ########## ########## #######999 4999999999 9999999999 9999999999 9999999999 9999999999 9999999999
    J =   33     ########## ########## ########## #####8999# #999999999 9999999999 9999999999 9999999999 9999999999 9999999999
    J =   32     ########## ########## ########## ####5999## 9999999999 9999999999 9999999999 9999999999 9999999999 9999999999
    J =   31     ########## ########## ########## ####8999#9 9999999999 9999999999 9999999999 9999999999 9999999999 9999999999
    J =   30     ########## ########## ########## ###7999999 9999999999 9999999999 9999999999 9999999999 9999999999 9999999999
    J =   29     ########## ########## ########## ###5999999 9999999999 9999999999 9999999999 9999999999 9999999999 9999999999
    J =   28     ########## ########## ########## #.69999999 9999999999 9999999999 9999999999 9999999999 9999999999 9999999999
    J =   27     ########## ########## ########## #.99999999 9999999999 9999999999 9999999999 9999999999 9999999999 9999999999
    J =   26     ########## ########## ########## ##99999999 9999999999 9999999999 9999999999 9999999999 9999999999 9999999999
    J =   25     ########## ########## ########## ##.9999999 9999999999 9999999999 9999999999 9999999999 9999999999 9999999999
    J =   24     ########## ########## ########## ##99999999 9999999999 9999999999 9999999999 9999999999 9999999999 9999999999
    J =   23     ########## ########## ########## .299999999 9999999999 9999999999 9999999999 9999999999 9999999999 9999999999
    J =   22     ########## ########## ########## 1399999999 9999999999 9999999999 9999999999 9999999999 9999999999 9999999999
    J =   21     ########## ########## ########## 2399999999 9999999999 9999999999 9999999999 9999999999 9999999999 9999999999
    J =   20     ########## ########## ########## ##99999999 9999999999 9999999999 9999999999 9999999999 9999999999 9999999999
    J =   19     ########## ########## ########## ##99999999 9999999999 9999999999 9999999999 9999999999 9999999999 9999999999
    J =   18     ########## ########## ########## ##99999999 9999999999 9999999999 9999999999 9999999999 9999999999 9999999999
    J =   17     ########## ########## ########## ##99999999 9999999999 9999999999 9999999999 9999999999 9999999999 9999999999
    J =   16     ########## ########## ########## #289999999 9999999999 9999999999 9999999999 9999999999 9999999999 9999999999
    J =   15     ########## ########## ########## #999999999 9999999999 9999999999 9999999999 9999999999 9999999999 9999999999
    J =   14     ########## ########## ########## #999999999 9999999999 9999999999 9999999999 9999999999 9999999999 9999999999
    J =   13     ########## ########## ########## #999999999 9999999999 9999999999 9999999999 9999999999 9999999999 9999999999
    J =   12     ########## ########## ########## 9999999999 9999999999 9999999999 9999999999 9999999999 9999999999 9999999999
    J =   11     ########## ########## ########## 9999999999 9999999999 9999999999 9999999999 9999999999 9999999999 9999999999
    J =   10     ########## ########## ########## 9999999999 9999999999 9999999999 9999999999 9999999999 9999999999 9999999999
    J =    9     ########## ########## #########9 9993999999 9999999999 9999999999 9999999999 9999999999 9999999999 9999999999
    J =    8     ########## ########## #########9 9992999999 9999999999 9999999999 9999999999 9999999999 9999999999 9999999999
    J =    7     ########## ########## #########9 9995999999 9999999999 9999999999 9999999999 9999999999 9999999999 9999999999
    J =    6     ########## ########## #########9 9999999999 9999999999 9999999999 9999999999 9999999999 9999999999 9999999999
    J =    5     ########## ########## ########99 9999999999 9999999999 9999999999 9999999999 9999999999 9999999999 9999999999
    J =    4     ########## ########## ####...#99 9999999999 9999999999 9999999999 9999999999 9999999999 9999999999 9999999999
    J =    3     ########## ########## ####...#99 9999999999 9999999999 9999999999 9999999999 9999999999 9999999999 9999999999
    J =    2     ########## ########## ####....99 9999999999 9999999999 9999999999 9999999999 9999999999 9999999999 9999999999
    J =    1     ########## ########## ####...... .......... .......... .......... .......... .......... .......... ..........



                     I =  201  TO  263  :


    J =  193     ########## #####..... .......... .......... .......... .......... ...
    J =  192     ########## ####111122 2223333445 5689999999 9999999999 9999999999 9..
    J =  191     ########## ###1111222 2233334445 6899999999 9999999999 9999999999 9..
    J =  190     ########## ##11111222 2233344456 7999999999 9999999999 9999999999 9..
    J =  189     ########## #111122222 2333444456 9999999999 9999999999 9999999999 9..
    J =  188     ########## #111122222 3333444557 9999999999 9999999999 9999999999 9..
    J =  187     ########## #111222222 3334444569 9999999999 9999999999 9999999999 9..
    J =  186     ########## #111222223 3344444579 9999999999 9999999999 9999999999 9..
    J =  185     ########## 1111222233 3444445699 9999999999 9999999999 9999999999 9..
    J =  184     #########1 1111222233 3444445799 9999999999 9999999999 9999999999 9..
    J =  183     #########1 1112222233 3444445999 9999999999 9999999999 9999999999 9..
    J =  182     #########1 1112222233 3444456999 9999999999 9999999999 9999999999 9..
    J =  181     #########1 1112222233 3444558999 9999999999 9999999999 9999999999 9..
    J =  180     ########11 1122222233 3444569999 9999999999 9999999999 9999999999 9..
    J =  179     ########11 1122222333 3444589999 9999999999 9999999999 9999999999 9..
    J =  178     ########11 1122223333 3444599999 9999999999 9999999999 9999999999 9..
    J =  177     ########11 1222223333 4444799999 9999999999 9999999999 9999999999 9..
    J =  176     #######111 1222223334 4445999999 9999999999 9999999999 9999999999 9..
    J =  175     #######111 1222223334 4446999999 9999999999 9999999999 9999999999 9..
    J =  174     ########11 2222233333 4458999999 9999999999 9999999999 9999999999 9..
    J =  173     ########12 2222233333 4459999999 9999999999 9999999999 9999999999 9..
    J =  172     ########12 2222233333 4469999999 9999999999 9999999999 9999999999 9..
    J =  171     ########12 2222333334 4579999999 9999999999 9999999999 9999999999 9..
    J =  170     ########12 2222333334 4589999999 9999999999 9999999999 9999999999 9..
    J =  169     ########12 2222333334 4599999999 9999999999 9999999999 9999999999 9..
    J =  168     ########12 2223333334 4599999999 9999999999 9999999999 9999999999 9..
    J =  167     #########2 2222333344 4599999999 9999999999 9999999999 9999999999 9..
    J =  166     #########1 2222333344 4599999999 9999999999 9999999999 9999999999 9..
    J =  165     #########1 2222333444 4599999999 9999999999 9999999999 9999999999 9..
    J =  164     #########1 2222333444 4599999999 9999999999 9999999999 9999999999 9..
    J =  163     ########## 2222333444 4599999999 9999999999 9999999999 9999999999 9..
    J =  162     ########## 1222233344 4599999999 9999999999 9999999999 9999999999 9..
    J =  161     ########## 1222233334 4599999999 9999999999 9999999999 9999999999 9..
    J =  160     ########## 1222233333 4599999999 9999999999 9999999999 9999999999 9..
    J =  159     ########## #222223333 4599999999 9999999999 9999999999 9999999999 9..
    J =  158     ########## #222222233 4599999999 9999999999 9999999999 9999999999 9..
    J =  157     ########## #122222233 4589999999 9999999999 9999999999 9999999999 9..
    J =  156     ########## ##22223333 3579999999 9999999999 9999999999 9999999999 9..
    J =  155     ########## ##22222333 3479999999 9999999999 9999999999 9999999999 9..
    J =  154     ########## ###2222333 3469999999 9999999999 9999999999 9999999999 9..
    J =  153     ########## ###2222333 3469999999 9999999999 9999999999 9999999999 9..
    J =  152     ########## ####222233 3458999999 9999999999 9999999999 9999999999 9..
    J =  151     ########## ####222223 3457999999 9999999999 9999999999 9999999999 9..
    J =  150     ########## #####22222 3457999999 9999999999 9999999999 9999999999 9..
    J =  149     ########## #####12222 3346999999 9999999999 9999999999 9999999999 9..
    J =  148     ########## #####.2222 2346999999 9999999999 9999999999 9999999999 9..
    J =  147     ########## ######1222 2346999999 9999999999 9999999999 9999999999 9..
    J =  146     ########## ######.122 2345899999 9999999999 9999999999 9999999999 9..
    J =  145     ########## ########11 2345899999 9999999999 9999999999 9999999999 9..
    J =  144     ########## ########11 2245799999 9999999999 9999999999 9999999999 9..
    J =  143     ########## #########1 2345699999 9999999999 9999999999 9999999999 9..
    J =  142     ########## ########11 2234699999 9999999999 9999999999 9999999999 9..
    J =  141     ########## ########11 2234699999 9999999999 9999999999 9999999999 9..
    J =  140     ########## ########12 2234599999 9999999999 9999999999 9999999999 9..
    J =  139     ########## ########12 2234599999 9999999999 9999999999 9999999999 9..
    J =  138     ########## ########12 2234589999 9999999999 9999999999 9999999999 9..
    J =  137     ########## ########12 2233589999 9999999999 9999999999 9999999999 9..
    J =  136     ########## #########1 2223479999 9999999999 9999999999 9999999999 9..
    J =  135     ########## #########1 2223479999 9999999999 9999999999 9999999999 9..
    J =  134     ########## #########. 1123479999 9999999999 9999999999 9999999999 9..
    J =  133     ########## ########## 1122479999 9999999999 9999999999 9999999999 9..
    J =  132     ########## ########## #122479999 9999999999 9999999999 9999999999 9..
    J =  131     ########## ########## #122379999 9999999999 9999999999 9999999999 9..
    J =  130     ########## ########## #112369999 9999999999 9999999999 9999999999 9..
    J =  129     ########## ########## ##12369999 9999999999 9999999999 9999999999 9..
    J =  128     ########## ########## ##12369999 9999999999 9999999999 9999999999 9..
    J =  127     ########## ########## ##11269999 9999999999 9999999999 9999999999 9..
    J =  126     ########## ########## ###1269999 9999999555 6689999999 9999999999 9..
    J =  125     ########## ########## ###1269999 9999999543 3334469999 9999999999 9..
    J =  124     ########## ########## ####269999 9999999743 2211112599 9999999999 9..
    J =  123     ########## ########## ####169999 9999999853 2111111124 6999999999 9..
    J =  122     ########## ########## ####159999 9999999974 2111111111 1126999999 9..
    J =  121     ########## ########## #####59999 9999999984 2111111111 1111112999 9..
    J =  120     ########## ########## #####69999 9999999983 2110111111 11111##... ...
    J =  119     ########## ########## #####79999 9999999972 1111111111 11111..#.. ...
    J =  118     ########## ########## #####99999 9999999992 110#111222 21111..##. ...
    J =  117     ########## ########## #####99999 9999999996 111####### ##........ ...
    J =  116     ########## ########## #####99999 9999999999 11###99999 .........# #..
    J =  115     ########## ########## #####99999 9999999999 9##9999999 .......... ...
    J =  114     0######### ########## #####99999 9999999999 9999999999 .......... .#.
    J =  113     11######## ########## #####99999 9999999999 9999999999 .......... .##
    J =  112     11######## ########## #####99999 9999999999 9999999999 .......... ###
    J =  111     111####### ########## ####999999 9999999999 9999999999 .......... #..
    J =  110     111####### ########## ####999999 9999999999 9999999999 .......... #..
    J =  109     111####### ########## ####999999 9999999999 9999999999 ......#..# #..
    J =  108     1110###### ########## ####999999 9999994379 9999999999 ........## #..
    J =  107     1111###### ########## ####999999 9999991114 9999999999 .......... #..
    J =  106     211100#### ########## ###1999999 9999951011 2499999999 .......... #..
    J =  105     2111000### ########## ###0999999 9999930001 1125899999 .......... ...
    J =  104     211110000# ########## ####999999 9999910001 1112245554 ..#....... ...
    J =  103     2211111000 ########## ##01999999 9999910001 1111223222 .......... ...
    J =  102     2211111100 ########## ##00999999 9999910001 1111222221 .......... ...
    J =  101     2211111100 ########## #001999999 9999941001 1111222269 .......... ...
    J =  100     2211111110 0######### #001999999 9999991001 1111222399 ..##...... ...
    J =   99     2211111110 0######### ###3999999 9999992001 1111111299 .......... ...
    J =   98     2211111110 0######### #015999999 9999995101 1111111119 .......... ...
    J =   97     2221111110 0######### #019999999 9999997111 1111111112 .......... ...
    J =   96     2221111110 0######000 #149999999 9999999111 11111111## .......... ...
    J =   95     2222111110 0000000000 1399999999 9999999111 11111111## #.......## ...
    J =   94     2222111110 0000000001 2799999999 9999999211 11111111## #.....###. ...
    J =   93     2222111110 0000000013 7999999999 9999998111 11111111## #......... ...
    J =   92     2222111100 000000#259 9999999999 9999997111 11111111## ##........ ...
    J =   91     2221111000 0000013799 9999999999 9999995111 1111111### ##........ ...
    J =   90     2111100#00 0011359999 9999999999 9999994111 111111#### ###....... ...
    J =   89     11100.#011 1247999999 9999999999 9999993111 1111###### ####...... ...
    J =   88     100#.11235 7999999999 9999999999 9999992111 11111##### ####...... ...
    J =   87     1122357999 9999999999 9999999999 9999992111 111111#### ####...... ...
    J =   86     8889999999 9999999999 9999999999 9999993111 11111117## ##........ ...
    J =   85     9999999999 9999999999 9999999999 9999994111 111111115# ##.#...... ...
    J =   84     9999999999 9999999999 9999999999 9999995211 1111111112 ...##..... ...
    J =   83     9999999999 9999999999 9999999999 9999997311 1111111111 ...###.... ...
    J =   82     9999999999 9999999999 9999999999 9999999421 1111111111 ..####.... ...
    J =   81     9999999999 9999999999 9999974999 9999999521 1111111111 ..####.... ...
    J =   80     9999999999 9999999999 9732332599 9999999621 1111111111 ..#####... ...
    J =   79     9999999999 9999999999 3111111199 9999999611 1111111111 ...####... ...
    J =   78     9999999999 9999999999 1111111149 9999999811 1111111111 ...####... ...
    J =   77     9999999999 9999999999 2111111129 9999999911 1111111111 ...###.... ...
    J =   76     9999999999 9999999999 7211111114 9999999931 1111111111 .......... ...
    J =   75     9999999999 9999999999 9995111112 9999999951 1111111111 .......... ...
    J =   74     9999999999 9999999999 9999974211 3999999992 1111111111 .......... ...
    J =   73     9999999999 9999999999 9999999996 4999999995 2111111111 .......... ...
    J =   72     9999999999 9999999999 9999999999 9999999999 2111111111 .......... ...
    J =   71     9999999999 9999999999 9999999999 9999999999 6111111111 .......... ...
    J =   70     9999999999 9955999999 9999999999 9999999999 9411111111 .......... ...
    J =   69     #999999999 81000001## 1699999999 9999999999 9921111111 .......... ...
    J =   68     ######99## 000#000000 0049999999 9999999999 9961111111 .......... ...
    J =   67     ########## #########0 00124#9999 9999999999 9994111111 .......... ...
    J =   66     ########## ########## ########99 9999999999 9999521111 .......... ...
    J =   65     ########## ########## #######029 9999999999 9999993111 .......... ...
    J =   64     ########## ########## #######111 9999999999 9999999984 .......... ...
    J =   63     ########## ########## ########## ##89999999 9999999999 .......... ...
    J =   62     001####### ########## ########## ##02897##1 2999999999 .......... ...
    J =   61     1118###### ########## ########## ##001####1 1115999999 .......... ...
    J =   60     1019###### ########## ########## ##00#####1 11####4999 .......... ...
    J =   59     101####### ########## ########## #########1 11#######. .......... ...
    J =   58     ########## ########## ########## ########## ########## .......... ...
    J =   57     0######### ########## ########## ########## ########## #......... ...
    J =   56     00######## ########## ########## ########## ########## #......... ...
    J =   55     00000132## ########## ########## ########## ########## ##........ ...
    J =   54     00000166.. 49######## ########## ########## ########## ####...... ...
    J =   53     0000004999 9999999999 9######### ########## ########## #####..... ...
    J =   52     0000001999 9999999999 99######## ########## ########## ######.... ...
    J =   51     2100000399 9999999999 999####### ########## ########## #######... ...
    J =   50     2100000001 9999999999 99999##### ########## ########## ########.. ...
    J =   49     00000111.0 1699999999 9999999### ########## ########## #########. ...
    J =   48     1992389999 9999999999 9999999941 1######### ########## ########## #..
    J =   47     9999999999 9999999999 9999999996 11111#1364 11######## ########## ###
    J =   46     9999999999 9999999999 9999999999 9211111222 111####### ########## ###
    J =   45     9999999999 9999999999 9999999999 9222212211 111####### ########## ###
    J =   44     9999999999 9999999999 9999999999 9222222221 1111###### ########## ###
    J =   43     9999999999 9999999999 9999999999 9621122222 1111###### ########## ###
    J =   42     9999999999 9999999999 9999999999 9911112222 2111###### ########## ###
    J =   41     9999999999 9999999999 9999999999 999#222222 2111###### ########## ###
    J =   40     9999999999 9999999999 9999999999 9999972222 1111###### ########## ###
    J =   39     9999999999 9999999999 9999999999 9999999322 111111#### ########## ###
    J =   38     9999999999 9999999999 9999999999 9999999#53 3211111### ########## ###
    J =   37     9999999999 9999999999 9999999999 9999999999 94111111## ########## ###
    J =   36     9999999999 9999999999 9999999999 9999999999 .7.1.0111# ########## ###
    J =   35     9999999999 9999999999 9999999999 9999999999 99.5101121 111111111. ###
    J =   34     9999999999 9999999999 9999999999 9999999999 9999971253 1111222111 ###
    J =   33     9999999999 9999999999 9999999999 9999999999 9999995121 1122222222 11#
    J =   32     9999999999 9999999999 9999999999 9999999999 9999999411 1122221122 21#
    J =   31     9999999999 9999999999 9999999999 9999999999 9999999995 1111211222 11#
    J =   30     9999999999 9999999999 9999999999 9999999999 9999999999 2111112221 ###
    J =   29     9999999999 9999999999 9999999999 9999999999 9999999999 51111121## ###
    J =   28     9999999999 9999999999 9999999999 9999999999 9999999999 9412211### ###
    J =   27     9999999999 9999999999 9999999999 9999999999 9999999999 99222##### ###
    J =   26     9999999999 9999999999 9999999999 9999999999 9999999999 99521##### ###
    J =   25     9999999999 9999999999 9999999999 9999999999 9999999999 9999###### ###
    J =   24     9999999999 9999999999 9999999999 9999999999 9999999999 9999#99999 9..
    J =   23     9999999999 9999999999 9999999999 9999999999 9999999999 9999999999 9..
    J =   22     9999999999 9999999999 9999#99999 9999999999 9999999999 9999999999 9..
    J =   21     9999999999 9999999999 9999999999 9999999999 9999999999 9999999999 9..
    J =   20     9999999999 9999999999 9999999999 9999999999 9999999999 9999999999 9..
    J =   19     9999999999 9999999999 9999999999 9999999999 9999999999 9999999999 9..
    J =   18     99999999#9 9999999999 9999999999 9999999999 9999999999 9999999999 9..
    J =   17     99999999## ##99999999 9999999999 9999999999 9999999999 9999999999 9..
    J =   16     9999999999 9999999999 9999999999 9999999999 9999999999 9999999999 9..
    J =   15     9999999999 9999999999 9999999999 9999999999 9999999999 9999999999 9..
    J =   14     9999999999 9999999999 9999999999 9999999999 9999999999 9999999999 9..
    J =   13     9999999999 9999999999 9999999999 9999999999 9999999999 9999999999 9..
    J =   12     9999999999 9999999999 9999999999 9999999999 9999999999 9999999999 9..
    J =   11     9999999999 9999999999 9999999999 9999999999 9999999999 9999999999 9..
    J =   10     9999999999 9999999999 9999999999 9999999999 9999999999 9999999999 9..
    J =    9     9999999999 9999999999 9999999999 9999999999 9999999999 9999999999 9..
    J =    8     9999999999 9999999999 9999999999 9999999999 9999999999 9999999999 9..
    J =    7     9999999999 9999999999 9999999999 9999999999 9999999999 9999999999 9..
    J =    6     9999999999 9999999999 9999999999 9999999999 9999999999 9#######33 9..
    J =    5     9999999999 9999999999 9999999999 9999999999 9999999### ########## ###
    J =    4     9999999999 9999999999 9999999999 9999999999 999999#### ########## ###
    J =    3     9999999999 9999999999 9999999999 9999999999 999999#### ########## ###
    J =    2     9999999999 9999999999 9999999999 9999999999 999999.... ########## ###
    J =    1     .......... .......... .......... .......... .......... .######### ###
/bin/rm -f regional.mask.a
/bin/rm -f fort.51 fort.51A
