cd ~/hycom/GOMb0.08/topo
echo \033]0;/home/awallcraft/hycom/GOMb0.08/topo\007/home/awallcraft/hycom/GOMb0.08/topo
]0;/home/awallcraft/hycom/GOMb0.08/topo/home/awallcraft/hycom/GOMb0.08/topo
setenv FOR051A fort.51A
/bin/rm: No match.
ln -s depth_GOMb0.08_09m11s.b fort.51
ln -s depth_GOMb0.08_09m11s.a fort.51A
if ( -e landsea_GOMb0.08.a ) then
/bin/rm -f regional.mask.a
/bin/ln -s landsea_GOMb0.08.a regional.mask.a
endif
setenv NO_STOP_MESSAGE
/home/awallcraft/hycom/ALL/topo/src/topo_map

xcspmd: idm,jdm =  263  193

header:
depth_GLBb0.08_09m11 subregioned to GOMb0.08 via isuba_topog                   
i/jdm = 4500 3298; plon,plat range = 74.12003 434.12000   -78.64000 89.97772   
Filled single-width inlets and (B&C grid) enclosed seas except the Black Sea.  
Clipped to range:    5.00 m to 11000.00 m. Compatible with CICE.               
Topography mods to Faroe Bank Channel. Fixed Yenisei River. depth_11 coastline.
min,max depth =      5.0000000  6726.5087891
1
                              LAND/SEA MASK FOR AN  263  BY  193 MESH.
                               LAND = ./#,  OCEAN = 0-9 (x 10.0)



                     I =    1  TO  100  :


    J =  193     ########## ########## ########## ########## ########## ########## ########## ########## ########## ##########
    J =  192     ########## ########## ########## ########## ########## ########## ########## ########## ########## ##########
    J =  191     ########## ########## ########## ########## ########## ########## ########## ########## ########## ##########
    J =  190     ########## ########## ########## ########## ########## ########## ########## ########## ########## ##########
    J =  189     ########## ########## ########## ########## ########## ########## ########## ########## ########## ##########
    J =  188     ########## ########## ########## ########## ########## ########## ########## ########## ########## ##########
    J =  187     ########## ########## ########## ########## ########## ########## ########## ########## ########## ##########
    J =  186     ########## ########## ########## ########## ########## ########## ########## ########## ########## ##########
    J =  185     ########## ########## ########## ########## ########## ########## ########## ########## ########## ##########
    J =  184     ########## ########## ########## ########## ########## ########## ########## ########## ########## ##########
    J =  183     ########## ########## ########## ########## ########## ########## ########## ########## ########## ##########
    J =  182     ########## ########## ########## ########## ########## ########## ########## ########## ########## ##########
    J =  181     ########## ########## ########## ########## ########## ########## ########## ########## ########## ##########
    J =  180     ########## ########## ########## ########## ########## ########## ########## ########## ########## ##########
    J =  179     ########## ########## ########## ########## ########## ########## ########## ########## ########## ##########
    J =  178     ########## ########## ########## ########## ########## ########## ########## ########## ########## ##########
    J =  177     ########## ########## ########## ########## ########## ########## ########## ########## ########## ##########
    J =  176     ########## ########## ########## ########## ########## ########## ########## ########## ########## ##########
    J =  175     ########## ########## ########## ########## ########## ########## ########## ########## ########## ##########
    J =  174     ########## ########## ########## ########## ########## ########## ########## ########## ########## ##########
    J =  173     ########## ########## ########## ########## ########## ########## ########## ########## ########## ##########
    J =  172     ########## ########## ########## ########## ########## ########## ########## ########## ########## ##########
    J =  171     ########## ########## ########## ########## ########## ########## ########## ########## ########## ##########
    J =  170     ########## ########## ########## ########## ########## ########## ########## ########## ########## ##########
    J =  169     ########## ########## ########## ########## ########## ########## ########## ########## ########## #######...
    J =  168     ########## ########## ########## ########## ########## ########## ########## ########## ########## ######....
    J =  167     ########## ########## ########## ########## ########## ########## ########## ########## ########## #####.....
    J =  166     ########## ########## ########## ########## ########## ########## ########## ########## ########## #####.....
    J =  165     ########## ########## ########## ########## ########## ########## ########## ########## ########## ########..
    J =  164     ########## ########## ########## ########## ########## ##.####### #####.#### ########## ########## ##########
    J =  163     ########## ########## ########## ########## ########## ##.####### #####..##. ########## ########## ##########
    J =  162     ########## ########## ########## ########## ########## #..####### ######.#.# ########## ########## #######..#
    J =  161     ########## ########## ########## ########## ..######## ######11#1 1#######.. .###...### ########## #######..#
    J =  160     ########## ########## ########## ########## ..######## ###1111111 1111####.. ###....... ########## ######..#.
    J =  159     ########## ########## ########## ########.. ..######11 1111111111 111111###. #..##.#... .######### ########..
    J =  158     ########## ########## ########## ########.. .##.##1111 1111111111 1111111111 ###11####1 1######### ########..
    J =  157     ########## ########## ########## #########. ...#111111 1111111111 1111111111 1111111111 1111###### ########..
    J =  156     ########## ########## ########## #########. .#11111111 1111111111 1111111111 1111111111 11111##### ##...####.
    J =  155     ########## ########## ########## #########. .111111111 1111111111 1222222111 1111111111 11111.#..# ##.#11#..#
    J =  154     ########## ########## ########## ########.# .111111111 1111111222 2222222211 1111111111 1111####.# ###1111##1
    J =  153     ########## ########## ########## #######.#1 1112221111 2222222222 2222222222 1111111111 1111111111 11111111#1
    J =  152     ########## ########## ########## ######1111 2222221112 2222222222 2222222222 2111111111 1111111111 11111111#1
    J =  151     ########## ########## ########## #####11112 2222222222 2222222222 2222222222 2222211111 1111111111 1111111111
    J =  150     ########## ########## ########## #####11122 2222222222 2222222222 2222222222 2222222211 1111111111 1111111122
    J =  149     ########## ########## ########## ####112222 2222222222 2222222222 2222223333 3322222222 2111111111 1111112223
    J =  148     ########## ########## ########## ###1122222 2222222222 2222222222 2223333333 3333332222 2221111111 1111222233
    J =  147     ########## ########## ########## #111222222 2222222333 3222223333 3333333333 3333333332 2222111111 2222222334
    J =  146     ########## ########## #######111 1122222222 3233333333 3333333333 3333333333 4444333333 3222221112 2222223346
    J =  145     ########## ########## .#.###1111 1222233333 3333333333 3333333333 3333344444 4444444433 3333222222 2222233469
    J =  144     ########## ########## 1111111112 2222333333 3333333333 4444444444 4444444444 4444444444 4433333222 2223334569
    J =  143     ########## ########## 1111111222 2233333333 3344444444 4444444444 4444455555 5555555555 5444443333 3334445569
    J =  142     ########## ########## ##11222222 3333334444 4444444444 5555555555 5555555555 5555555555 5555554444 4444455668
    J =  141     ########## ######.#11 #122222233 3333444444 4444445555 5555555555 5555556666 6666666666 6666665555 5555556779
    J =  140     ########## #####.1111 1222222333 3344444444 5555555555 6666666666 6666666666 6666666777 7777777666 6666678899
    J =  139     ########## #####.1#11 2222333333 4444455555 5555555566 6666666666 6777777777 7777777777 8888888888 8888999999
    J =  138     ########## ##.###1122 2233333444 4455555555 5555666666 7777777777 8888888888 8888888889 9999999999 9999999999
    J =  137     ########## #.#.#11222 3333444444 5555666666 6666667777 7778888899 9999999999 9999999999 9999999999 9999999999
    J =  136     ########## ##.#112223 3344445555 5566777888 8877788888 8889999999 9999999999 9999999999 9999999999 9999999999
    J =  135     ########## ##.1122233 4445555556 6677899999 9999999999 9999999999 9999999999 9999999999 9999999999 9999999999
    J =  134     ########## #.#1222334 4556666666 7789999999 9999999999 9999999999 9999999999 9999999999 9999999999 9999999999
    J =  133     ########.1 1112223344 5667777778 9999999999 9999999999 9999999999 9999999999 9999999999 9999999999 9999999999
    J =  132     #########1 1122233445 6778899999 9999999999 9999999999 9999999999 9999999999 9999999999 9999999999 9999999999
    J =  131     ########## .122334456 7899999999 9999999999 9999999999 9999999999 9999999999 9999999999 9999999999 9999999999
    J =  130     #########. 1223344567 8999999999 9999999999 9999999999 9999999999 9999999999 9999999999 9999999999 9999999999
    J =  129     ########## 1223345678 9999999999 9999999999 9999999999 9999999999 9999999999 9999999999 9999999999 9999999999
    J =  128     #########1 2233455678 9999999999 9999999999 9999999999 9999999999 9999999999 9999999999 9999999999 9999999999
    J =  127     #########1 2233456789 9999999999 9999999999 9999999999 9999999999 9999999999 9999999999 9999999999 9999999999
    J =  126     #####....1 2334556899 9999999999 9999999999 9999999999 9999999999 9999999999 9999999999 9999999999 9999999999
    J =  125     #########2 2334567899 9999999999 9999999999 9999999999 9999999999 9999999999 9999999999 9999999999 9999999999
    J =  124     #######.12 2344567999 9999999999 9999999999 9999999999 9999999999 9999999999 9999999999 9999999999 9999999999
    J =  123     ########12 3344568999 9999999999 9999999999 9999999999 9999999999 9999999999 9999999999 9999999999 9999999999
    J =  122     #######112 3345678999 9999999999 9999999999 9999999999 9999999999 9999999999 9999999999 9999999999 9999999999
    J =  121     ######.112 3345678999 9999999999 9999999999 9999999999 9999999999 9999999999 9999999999 9999999999 9999999999
    J =  120     ########12 3345578999 9999999999 9999999999 9999999999 9999999999 9999999999 9999999999 9999999999 9999999999
    J =  119     #########2 3344568999 9999999999 9999999999 9999999999 9999999999 9999999999 9999999999 9999999999 9999999999
    J =  118     #######.11 2344567999 9999999999 9999999999 9999999999 9999999999 9999999999 9999999999 9999999999 9999999999
    J =  117     #######.11 2334557899 9999999999 9999999999 9999999999 9999999999 9999999999 9999999999 9999999999 9999999999
    J =  116     ########11 2334456799 9999999999 9999999999 9999999999 9999999999 9999999999 9999999999 9999999999 9999999999
    J =  115     ########11 2234445689 9999999999 9999999999 9999999999 9999999999 9999999999 9999999999 9999999999 9999999999
    J =  114     ########.# 1233445578 9999999999 9999999999 9999999999 9999999999 9999999999 9999999999 9999999999 9999999999
    J =  113     #########1 1233444567 9999999999 9999999999 9999999999 9999999999 9999999999 9999999999 9999999999 9999999999
    J =  112     #########1 #223444567 9999999999 9999999999 9999999999 9999999999 9999999999 9999999999 9999999999 9999999999
    J =  111     #########1 .223444567 9999999999 9999999999 9999999999 9999999999 9999999999 9999999999 9999999999 9999999999
    J =  110     #########1 1223444567 9999999999 9999999999 9999999999 9999999999 9999999999 9999999999 9999999999 9999999999
    J =  109     ########## 1123444567 9999999999 9999999999 9999999999 9999999999 9999999999 9999999999 9999999999 9999999999
    J =  108     ########## 1123445567 9999999999 9999999999 9999999999 9999999999 9999999999 9999999999 9999999999 9999999999
    J =  107     ########## #123345568 9999999999 9999999999 9999999999 9999999999 9999999999 9999999999 9999999999 9999999999
    J =  106     ########## #123445679 9999999999 9999999999 9999999999 9999999999 9999999999 9999999999 9999999999 9999999999
    J =  105     ########## #133445679 9999999999 9999999999 9999999999 9999999999 9999999999 9999999999 9999999999 9999999999
    J =  104     ########## #133456789 9999999999 9999999999 9999999999 9999999999 9999999999 9999999999 9999999999 9999999999
    J =  103     ########## #234456789 9999999999 9999999999 9999999999 9999999999 9999999999 9999999999 9999999999 9999999999
    J =  102     ########## 1234556899 9999999999 9999999999 9999999999 9999999999 9999999999 9999999999 9999999999 9999999999
    J =  101     ########## 1345567899 9999999999 9999999999 9999999999 9999999999 9999999999 9999999999 9999999999 9999999999
    J =  100     ######.##1 2345567999 9999999999 9999999999 9999999999 9999999999 9999999999 9999999999 9999999999 9999999999
    J =   99     #########2 3455678999 9999999999 9999999999 9999999999 9999999999 9999999999 9999999999 9999999999 9999999999
    J =   98     ####....12 3455679999 9999999999 9999999999 9999999999 9999999999 9999999999 9999999999 9999999999 9999999999
    J =   97     ####...#13 4556789999 9999999999 9999999999 9999999999 9999999999 9999999999 9999999999 9999999999 9999999999
    J =   96     ####...123 4556799999 9999999999 9999999999 9999999999 9999999999 9999999999 9999999999 9999999999 9999999999
    J =   95     ####..#134 5567899999 9999999999 9999999999 9999999999 9999999999 9999999999 9999999999 9999999999 9999999999
    J =   94     ####..1234 5567999999 9999999999 9999999999 9999999999 9999999999 9999999999 9999999999 9999999999 9999999999
    J =   93     #####11234 5578999999 9999999999 9999999999 9999999999 9999999999 9999999999 9999999999 9999999999 9999999999
    J =   92     ####111234 5679999999 9999999999 9999999999 9999999999 9999999999 9999999999 9999999999 9999999999 9999999999
    J =   91     ####112344 5789999999 9999999999 9999999999 9999999999 9999999999 9999999999 9999999999 9999999999 9999999999
    J =   90     ####112345 6799999999 9999999999 9999999999 9999999999 9999999999 9999999999 9999999999 9999999999 9999999999
    J =   89     ####112345 7899999999 9999999999 9999999999 9999999999 9999999999 9999999999 9999999999 9999999999 9999999999
    J =   88     ####123456 7999999999 9999999999 9999999999 9999999999 9999999999 9999999999 9999999999 9999999999 9999999999
    J =   87     ####123457 8999999999 9999999999 9999999999 9999999999 9999999999 9999999999 9999999999 9999999999 9999999999
    J =   86     ####123467 9999999999 9999999999 9999999999 9999999999 9999999999 9999999999 9999999999 9999999999 9999999999
    J =   85     ####124567 9999999999 9999999999 9999999999 9999999999 9999999999 9999999999 9999999999 9999999999 9999999999
    J =   84     ####124568 9999999999 9999999999 9999999999 9999999999 9999999999 9999999999 9999999999 9999999999 9999999999
    J =   83     ####124579 9999999999 9999999999 9999999999 9999999999 9999999999 9999999999 9999999999 9999999999 9999999999
    J =   82     ###1134579 9999999999 9999999999 9999999999 9999999999 9999999999 9999999999 9999999999 9999999999 9999999999
    J =   81     ###1234679 9999999999 9999999999 9999999999 9999999999 9999999999 9999999999 9999999999 9999999999 9999999999
    J =   80     ###1235689 9999999999 9999999999 9999999999 9999999999 9999999999 9999999999 9999999999 9999999999 9999999999
    J =   79     ###1235699 9999999999 9999999999 9999999999 9999999999 9999999999 9999999999 9999999999 9999999999 9999999999
    J =   78     ####235799 9999999999 9999999999 9999999999 9999999999 9999999999 9999999999 9999999999 9999999999 9999999999
    J =   77     ####245799 9999999999 9999999999 9999999999 9999999999 9999999999 9999999999 9999999999 9999999999 9999999999
    J =   76     ####245899 9999999999 9999999999 9999999999 9999999999 9999999999 9999999999 9999999999 9999999999 9999999999
    J =   75     ####246899 9999999999 9999999999 9999999999 9999999999 9999999999 9999999999 9999999999 9999999999 9999999999
    J =   74     ####246999 9999999999 9999999999 9999999999 9999999999 9999999999 9999999999 9999999999 9999999999 9999999999
    J =   73     ####246999 9999999999 9999999999 9999999999 9999999999 9999999999 9999999999 9999999999 9999999999 9999999999
    J =   72     ###1246999 9999999999 9999999999 9999999999 9999999999 9999999999 9999999999 9999999999 9999999999 9999999999
    J =   71     ###1357999 9999999999 9999999999 9999999999 9999999999 9999999999 9999999999 9999999999 9999999999 9999999999
    J =   70     ###1347999 9999999999 9999999999 9999999999 9999999999 9999999999 9999999999 9999999999 9999999999 9999999999
    J =   69     ###1357999 9999999999 9999999999 9999999999 9999999999 9999999999 9999999999 9999999999 9999999999 9999999999
    J =   68     ####357999 9999999999 9999999999 9999999999 9999999999 9999999999 9999999999 9999999999 9999999999 9999999999
    J =   67     ####358999 9999999999 9999999999 9999999999 9999999999 9999999999 9999999999 9999999999 9999999999 9999999999
    J =   66     ###1347999 9999999999 9999999999 9999999999 9999999999 9999999999 9999999999 9999999999 9999999999 9999999999
    J =   65     ###1347999 9999999999 9999999999 9999999999 9999999999 9999999999 9999999999 9999999999 9999999999 9999999999
    J =   64     ###1347999 9999999999 9999999999 9999999999 9999999999 9999999999 9999999999 9999999999 9999999999 9999999999
    J =   63     ##12347999 9999999999 9999999999 9999999999 9999999999 9999999999 9999999999 9999999999 9999999999 9999999999
    J =   62     ##12349999 9999999999 9999999999 9999999999 9999999999 9999999999 9999999999 9999999999 9999999999 9999999999
    J =   61     ##12359999 9999999999 9999999999 9999999999 9999999999 9999999999 9999999999 9999999999 9999999999 9999999999
    J =   60     ##12359999 9999999999 9999999999 9999999999 9999999999 9999999999 9999999999 9999999999 9999999999 9999999988
    J =   59     ##12359999 9999999999 9999999999 9999999999 9999999999 9999999999 9999999999 9999999999 9999999999 9998778776
    J =   58     .##2347999 9999999999 9999999999 9999999999 9999999999 9999999999 9999999999 9999999999 9999999999 8766666665
    J =   57     ###1346999 9999999999 9999999999 9999999999 9999999999 9999999999 9999999999 9999999999 9999999888 6655555555
    J =   56     ###1345999 9999999999 9999999999 9999999999 9999999999 9999999999 9999999999 9999999999 9877766666 5555555445
    J =   55     #.#1245899 9999999999 9999999999 9999999999 9999999999 9999999999 9999999999 9999999999 8544555555 5444555555
    J =   54     ####136799 9999999999 9999999999 9999999999 9999999999 9999999999 9999999999 9999999877 6434565556 6444444445
    J =   53     ####115699 9999999999 9999999999 9999999999 9999999999 9999999999 9999999999 9998777655 5444565555 5544444444
    J =   52     #####13589 9999999999 9999999999 9999999999 9999999999 9999999999 9999999999 9998654445 5445565555 5444444444
    J =   51     ####.12469 9999999999 9999999999 9999999999 9999999999 9999999999 9999999999 9998543345 5444566666 5434444433
    J =   50     ####.#1459 9999999999 9999999999 9999999999 9999999999 9999999999 9999999999 9999643444 4444555665 5334543333
    J =   49     ####..#257 9999999999 9999999999 9999999999 9999999999 9999999999 9999999999 9999644444 4444444544 4334543323
    J =   48     #####..#25 9999999999 9999999999 9999999999 9999999999 9999999999 9999999999 9998544444 4444443333 3344443322
    J =   47     #####...#3 3999999999 9999999999 9999999999 9999999999 9999999999 9999999999 9997534444 4433433333 3343333222
    J =   46     ######..#2 2999999999 9999999999 9999999999 9999999999 9999999999 9999999999 9996544444 4333332333 3333222222
    J =   45     ########12 3899999999 9999999999 9999999999 9999999999 9999999999 9999999999 9986555444 4343332233 3322222212
    J =   44     ########12 3799999999 9999999999 9999999999 9999999999 9999999999 9999999999 9976555433 4443333223 2221111111
    J =   43     ########13 3599999999 9999999999 9999999999 9999999999 9999999999 9999999999 9766554333 4443333222 2211111111
    J =   42     ########11 2599999999 9999999999 9999999999 9999999999 9999999999 9999999999 9765554334 4433333322 2211111111
    J =   41     ########11 2479999999 9999999999 9999999999 9999999999 9999999999 9999999999 9655544345 4333333222 22111111##
    J =   40     #########2 1369999999 9999999999 9999999999 9999999999 9999999999 9999999999 9544544445 4433333222 2111111###
    J =   39     #########1 1349999999 9999999999 9999999999 9999999999 9999999999 9999999999 9534544444 4543333222 111111####
    J =   38     ########## 1246999999 9999999999 9999999999 9999999999 9999999999 9999999999 9545544444 4554333221 111111####
    J =   37     ########## 3456999999 9999999999 9999999999 9999999999 9999999999 9999999999 9555544443 4554333221 11111#####
    J =   36     ########## #378999999 9999999999 9999999999 9999999999 9999999999 9999999999 9655433443 4554433221 11111#####
    J =   35     ########## #137899999 9999999999 9999999999 9999999999 9999999999 9999999999 9844433344 4554433221 11111#####
    J =   34     ########## ##14589999 9999999999 9999999999 9999999999 9999999999 9999999999 9943432234 3444432221 11111#####
    J =   33     ########## ###3459999 9999999999 9999999999 9999999999 9999999999 9999999999 9963543234 3344322211 1111######
    J =   32     ########## ####247999 9999999999 9999999999 9999999999 9999999999 9999999999 9994554334 3233322211 1111######
    J =   31     ########## ####136999 9999999999 9999999999 9999999999 9999999999 9999999999 9996544334 3233221211 11111#####
    J =   30     ########## #####14799 9999999999 9999999999 9999999999 9999999999 9999999999 9999644443 3333221111 11111#####
    J =   29     ########## ######2599 9999999999 9999999999 9999999999 9999999999 9999999999 9999744444 3333222111 1111######
    J =   28     ########## #######269 9999999999 9999999999 9999999999 9999999999 9999999999 9999954444 4333222111 1111.#####
    J =   27     ########## ########47 9999999999 9999999999 9999999999 9999999999 9999999999 9999965544 4333222111 1111######
    J =   26     ########## ########.5 8999999999 9999999999 9999999999 9999999999 9999999999 9999976544 4333222111 1111.#####
    J =   25     ########## #########2 6999999999 9999999999 9999999999 9999999999 9999999999 9999976544 4333222111 1111######
    J =   24     ########## ########## 4899999999 9999999999 9999999999 9999999999 9999999999 9999986544 4333222111 111#######
    J =   23     ########## ########## 1699999999 9999999999 9999999999 9999999999 9999999999 9999976544 4333222111 11########
    J =   22     ########## ########## #689999999 9999999999 9999999999 9999999999 9999999999 9999876544 4333222111 11########
    J =   21     ########## ########## #369999999 9999999999 9999999999 9999999999 9999999999 9988765544 4332222111 11########
    J =   20     ########## ########## #259999999 9999999999 9999999999 9999999999 9999999999 9976655444 3332222111 11########
    J =   19     ########## ########## ##46999999 9999999999 9999999999 9999999999 9999999999 9865554443 3322221111 11########
    J =   18     ########## ########## ##35899999 9999999999 9999999999 9999999999 9999999999 8654444433 3222221111 1#########
    J =   17     ########## ########## ##14589999 9999999999 9999999999 9999999999 9999999998 7544333333 2222211111 1#########
    J =   16     ########## ########## ###1357999 9999999999 9999999999 9999999999 9999999997 5433322222 2221111111 ##########
    J =   15     ########## ########## ####134799 9999999999 9999999999 9999999999 9999999875 4332222222 211111111# ##########
    J =   14     ########## ########## #####12369 9999999999 9999999999 9999999999 9999998654 3322222221 1111111### ##########
    J =   13     ########## ########## ######2247 9999999999 9999999999 9999999999 9999976543 3222222211 11111111.# ##########
    J =   12     ########## ########## ######1245 8999999999 9999999999 9999999999 9997654333 2222111111 11111111## ##########
    J =   11     ########## ########## #######124 6779999999 9999999999 9999999999 9865433222 2221111111 11111#1### ##########
    J =   10     ########## ########## #########1 3244489999 9999999999 9999997666 5543322221 1111111111 1111111### ##########
    J =    9     ########## ########## ########## ######8999 9999999999 9999853333 3333221111 11111#111# 111111#### ##########
    J =    8     ########## ########## ########## #######999 9999999999 9987544443 33222111## #######111 11111##### ##########
    J =    7     ########## ########## ########## ########## 9267889998 7555556763 222211##.. #######111 1111###### ##########
    J =    6     ########## ########## ########## ########## #435666656 5436897995 45311###.# #########1 1111.##### ##########
    J =    5     ########## ########## ########## ########## #334444434 8633431### #.#####.#. ..####.#11 11#.###### ##########
    J =    4     ########## ########## ########## ########## ##.2344323 641####### #########. ..######11 1.######## ##########
    J =    3     ########## ########## ########## ########## ###2333221 ########## #######.#. .##.###### ########## ##########
    J =    2     ########## ########## ########## ########## ####11#### ########## ########.. ...####### ########## ##########
    J =    1     ########## ########## ########## ########## ########## ########## ########## ...####### ########## ##########



                     I =  101  TO  200  :


    J =  193     ########## ########## ########## ########## ########## ########## ########## ########## ########## ##########
    J =  192     ########## ########## ########## ########## ########## ########## ########## ########## ########## ##########
    J =  191     ########## ########## ########## ########## ########## ########## ########## ########## ########## ##########
    J =  190     ########## ########## ########## ########## ########## ########## ########## ########## ########## ##########
    J =  189     ########## ########## ########## ########## ########## ########## ########## ########## ########## ##########
    J =  188     ########## ########## ########## ########## ########## ########## ########## ########## ########## ##########
    J =  187     ########## ########## ########## ########## ########## ########## ########## ########## ########## ##########
    J =  186     ########## ########## ########## ########## ########## ########## ########## ########## ########## ##########
    J =  185     ########## ########## ########## ########## ########## ########## ########## ########## ########## ##########
    J =  184     ########## ########## ########## ########## ########## ########## ########## ########## ########## ##########
    J =  183     ########## ########## ########## ########## ########## ########## ########## ########## ########## ##########
    J =  182     ########## ########## ########## ########## ########## ########## ########## ########## ########## ##########
    J =  181     ########## ########## ########## ########## ########## ########## ########## ########## ########## ##########
    J =  180     ########## ########## ########## ########## ########## ########## ########## ########## ########## ##########
    J =  179     ########## ########## ########## ########## ########## ########## ########## ########## ########## ##########
    J =  178     ########## ########## ########## ########## ########## ########## ########## ########## ########## ##########
    J =  177     ########## ########## ########## ########## ########## ########## ########## ########## ########## ##########
    J =  176     ########## ########## ########## ########## ########## ########## ########## ########## ########## ##########
    J =  175     ########## ########## ########## ########## ########## ########## ########## ########## ########## ##########
    J =  174     ########## ########## #####.#### ########## ########## ########## ########## ########## ########## ##########
    J =  173     ########## ########## #####.#### ########## ########## ########## ########## ########## ########## ##########
    J =  172     ########## ########## ####..#### ########## ########## ########## ########## ########## ########## ##########
    J =  171     ########## ########## ####..#### ######..## ####.#..## ########## ########## ########## ########## ##########
    J =  170     ########## ###11##### #.##...### #####.###. #111###### ########## ########## ########## ########## ##########
    J =  169     ########## #11111111# 1111....## #####11122 222222211# ########## ########## ########## ########## ##########
    J =  168     ..######11 111111#111 1111#.#### 1111222232 2333233322 1##.###### ########## ########## ########## ##########
    J =  167     .....11111 1111111111 1111111111 1222233334 4333333333 221####### ########## ########## ########## ##########
    J =  166     ...##11111 1111111222 2222221222 2222333457 6554444333 3321###### ########## ########## ########## ##########
    J =  165     ####..1111 1111111222 2222222222 3333334699 9876554443 332221#### ########## #11111#### ########## ##########
    J =  164     ##....#111 1111111223 3333333333 3333457999 9998765544 3332221### ########## #1111111## ########## ##########
    J =  163     ####..##11 1111111223 3333333333 3334579999 9999876554 43332211## #########. #111111111 ########## ##########
    J =  162     #..#####11 1111111233 3333333333 4446899999 9999997654 443332211# #######111 1111111111 ########## ##########
    J =  161     #..####.11 1111111233 4444444444 4458999999 9999998654 444332211# #####.1111 1111111111 1######### ##########
    J =  160     ...##.##11 1111111233 4444444444 4569999999 9999999765 444333211# ##11111111 1211111111 11######## ##########
    J =  159     .#.#111111 1111112234 4444444444 5679999999 9999999976 5443322111 1111111222 2222221111 111####### ##########
    J =  158     .#.#111111 1111112344 5444444555 6799999999 9999999997 5443322111 1111112222 2222222111 111####### ##########
    J =  157     ..####1111 1111123445 5555555667 8999999999 9999999998 6544322222 2111222222 2222222211 1111###### ##########
    J =  156     ...###1111 1111234555 6666778899 9999999999 9999999999 7654433333 2222223333 2222222211 11111##### ##########
    J =  155     #.....#... .112345666 6778999999 9999999999 9999999999 9866544333 3322333333 3222222221 111111#### ##########
    J =  154     11111..... #112456789 9999999999 9999999999 9999999999 9998765443 3333333333 3322222222 111111#### ##########
    J =  153     1111111... ...2577999 9999999999 9999999999 9999999999 9999987544 3333333333 3332222222 1111111### ##########
    J =  152     12222111.. ##.2799999 9999999999 9999999999 9999999999 9999998644 4433333333 3333322222 1111111#11 ##########
    J =  151     223332111# #.26999999 9999999999 9999999999 9999999999 9999999654 4444444333 3333332222 2111111111 1#########
    J =  150     2344432111 1169999999 9999999999 9999999999 9999999999 9999999876 5544444433 3333333222 2211111111 1#########
    J =  149     3445554334 4899999999 9999999999 9999999999 9999999999 9999999997 6554444443 3333333222 2221111111 1.########
    J =  148     4456776569 9999999999 9999999999 9999999999 9999999999 9999999999 8755544444 3333333322 2222111111 1#########
    J =  147     4567888999 9999999999 9999999999 9999999999 9999999999 9999999999 9865555444 4333333322 2222111111 11########
    J =  146     9999999999 9999999999 9999999999 9999999999 9999999999 9999999999 9986555544 4443333332 2222211111 11########
    J =  145     9999999999 9999999999 9999999999 9999999999 9999999999 9999999999 9997655554 4444333332 2222211111 11########
    J =  144     9999999999 9999999999 9999999999 9999999999 9999999999 9999999999 9998665555 4444333333 2222211111 11########
    J =  143     9999999999 9999999999 9999999999 9999999999 9999999999 9999999999 9999766655 4444433333 3222211111 11########
    J =  142     9999999999 9999999999 9999999999 9999999999 9999999999 9999999999 9999866665 5444443333 3222221111 11########
    J =  141     9999999999 9999999999 9999999999 9999999999 9999999999 9999999999 9999977666 5544444333 3322221111 1.########
    J =  140     9999999999 9999999999 9999999999 9999999999 9999999999 9999999999 9999987766 5554444333 3322221111 1#########
    J =  139     9999999999 9999999999 9999999999 9999999999 9999999999 9999999999 9999998776 6554444433 3322221111 1#########
    J =  138     9999999999 9999999999 9999999999 9999999999 9999999999 9999999999 9999999877 6655444443 3332221111 1#########
    J =  137     9999999999 9999999999 9999999999 9999999999 9999999999 9999999999 9999999987 6655544443 3332222111 .#########
    J =  136     9999999999 9999999999 9999999999 9999999999 9999999999 9999999999 9999999998 7655554444 3333222111 ##########
    J =  135     9999999999 9999999999 9999999999 9999999999 9999999999 9999999999 9999999998 7765555444 3333222111 ##..######
    J =  134     9999999999 9999999999 9999999999 9999999999 9999999999 9999999999 9999999999 8766555444 4333322111 ###.######
    J =  133     9999999999 9999999999 9999999999 9999999999 9999999999 9999999999 9999999999 8766655544 4333322111 ###..#####
    J =  132     9999999999 9999999999 9999999999 9999999999 9999999999 9999999999 9999999999 9876665554 4433322211 1##.######
    J =  131     9999999999 9999999999 9999999999 9999999999 9999999999 9999999999 9999999999 9876665554 4433332211 1#..######
    J =  130     9999999999 9999999999 9999999999 9999999999 9999999999 9999999999 9999999999 9977665555 4443332211 1..#######
    J =  129     9999999999 9999999999 9999999999 9999999999 9999999999 9999999999 9999999999 9987766555 4444332221 1#########
    J =  128     9999999999 9999999999 9999999999 9999999999 9999999999 9999999999 9999999999 9988766555 5444333221 11########
    J =  127     9999999999 9999999999 9999999999 9999999999 9999999999 9999999999 9999999999 9998776655 5544433221 111#######
    J =  126     9999999999 9999999999 9999999999 9999999999 9999999999 9999999999 9999999999 9998876655 5544433322 111#######
    J =  125     9999999999 9999999999 9999999999 9999999999 9999999999 9999999999 9999999999 9999877655 5554443322 2111######
    J =  124     9999999999 9999999999 9999999999 9999999999 9999999999 9999999999 9999999999 9999887665 5554443332 2211######
    J =  123     9999999999 9999999999 9999999999 9999999999 9999999999 9999999999 9999999999 9999987666 5554444333 22111#####
    J =  122     9999999999 9999999999 9999999999 9999999999 9999999999 9999999999 9999999999 9999988766 6555444333 22211#####
    J =  121     9999999999 9999999999 9999999999 9999999999 9999999999 9999999999 9999999999 9999998766 6555444433 322211####
    J =  120     9999999999 9999999999 9999999999 9999999999 9999999999 9999999999 9999999999 9999998776 6555544433 322211###.
    J =  119     9999999999 9999999999 9999999999 9999999999 9999999999 9999999999 9999999999 9999998876 6655544433 3222211##.
    J =  118     9999999999 9999999999 9999999999 9999999999 9999999999 9999999999 9999999999 9999999877 6655544433 3322211...
    J =  117     9999999999 9999999999 9999999999 9999999999 9999999999 9999999999 9999999999 9999999887 6655544433 3322211###
    J =  116     9999999999 9999999999 9999999999 9999999999 9999999999 9999999999 9999999999 9999999987 6655544443 332222111#
    J =  115     9999999999 9999999999 9999999999 9999999999 9999999999 9999999999 9999999999 9999999987 6665554443 332222111#
    J =  114     9999999999 9999999999 9999999999 9999999999 9999999999 9999999999 9999999999 9999999987 6665554443 333222111#
    J =  113     9999999999 9999999999 9999999999 9999999999 9999999999 9999999999 9999999999 9999999987 6665554443 3332221111
    J =  112     9999999999 9999999999 9999999999 9999999999 9999999999 9999999999 9999999999 9999999987 7666555444 3332221111
    J =  111     9999999999 9999999999 9999999999 9999999999 9999999999 9999999999 9999999999 9999999997 7666555444 3332222211
    J =  110     9999999999 9999999999 9999999999 9999999999 9999999999 9999999999 9999999999 9999999997 7666555444 4332222221
    J =  109     9999999999 9999999999 9999999999 9999999999 9999999999 9999999999 9999999999 9999999998 7766655544 4333222221
    J =  108     9999999999 9999999999 9999999999 9999999999 9999999999 9999999999 9999999999 9999999998 7766655544 4333322221
    J =  107     9999999999 9999999999 9999999999 9999999999 9999999999 9999999999 9999999999 9999999998 7766655554 4433332222
    J =  106     9999999999 9999999999 9999999999 9999999999 9999999999 9999999999 9999999999 9999999998 7766665554 4433332222
    J =  105     9999999999 9999999999 9999999999 9999999999 9999999999 9999999999 9999999999 9999999999 7776665554 4443332222
    J =  104     9999999999 9999999999 9999999999 9999999999 9999999999 9999999999 9999999999 9999999999 8776665555 4443333222
    J =  103     9999999999 9999999999 9999999999 9999999999 9999999999 9999999999 9999999999 9999999999 8776666555 4433333222
    J =  102     9999999999 9999999999 9999999999 9999999999 9999999999 9999999999 9999999999 9999999998 8776666555 4433333222
    J =  101     9999999999 9999999999 9999999999 9999999999 9999999999 9999999999 9999999999 9999999998 8776666555 4443333322
    J =  100     9999999999 9999999999 9999999999 9999999999 9999999999 9999999999 9999999999 9999999999 8776666555 4443333322
    J =   99     9999999999 9999999999 9999999999 9999999999 9999999999 9999999999 9999999999 9999999999 8777666555 4443333322
    J =   98     9999999999 9999999999 9999999999 9999999999 9999999999 9999999999 9999999999 9999999998 8777666555 4444333322
    J =   97     9999999999 9999999999 9999999999 9999999999 9999999999 9999999999 9999999999 9999999998 7777666555 4444333322
    J =   96     9999999999 9999999999 9999999999 9999999999 9999999999 9999999999 9999999999 9999999998 7777666555 4444333322
    J =   95     9999999999 9999999999 9999999999 9999999999 9999999999 9999999999 9999999999 9999999998 7776666555 4444333322
    J =   94     9999999999 9999999999 9999999999 9999999999 9999999999 9999999999 9999999999 9999999998 7776666555 4443333322
    J =   93     9999999999 9999999999 9999999999 9999999999 9999999999 9999999999 9999999999 9999999998 7776666554 4443333222
    J =   92     9999999999 9999999999 9999999999 9999999999 9999999999 9999999999 9999999999 9999999987 7776666554 4433333222
    J =   91     9999999999 9999999999 9999999999 9999999999 9999999999 9999999999 9999999999 9999999997 7666665544 3333332222
    J =   90     9999999999 9999999999 9999999999 9999999999 9999999999 9999999999 9999999999 9999999999 7666665432 2333222222
    J =   89     9999999999 9999999999 9999999999 9999999999 9999999999 9999999999 9999999999 9999999999 9976664322 2222211111
    J =   88     9999999999 9999999999 9999999999 9999999999 9999999999 9999999999 9999999999 9999999999 9999765322 2222111111
    J =   87     9999999999 9999999999 9999999999 9999999999 9999999999 9999999999 9999999999 9999999999 9999997543 3222222233
    J =   86     9999999999 9999999999 9999999999 9999999999 9999999999 9999999999 9999999999 9999999999 9999999997 6544456899
    J =   85     9999999999 9999999999 9999999999 9999999999 9999999999 9999999999 9999999999 9999999999 9999999999 9999999999
    J =   84     9999999999 9999999999 9999999999 9999999999 9999999999 9999999999 9999999999 9999999999 9999999999 9999999999
    J =   83     9999999999 9999999999 9999999999 9999999999 9999999999 9999999999 9999999999 9999999999 9999999999 9999999999
    J =   82     9999999999 9999999999 9999999999 9999999999 9999999999 9999999999 9999999999 9999999999 9999999999 9999999999
    J =   81     9999999999 9999999999 9999999999 9999999999 9999999999 9999999999 9999999999 9999999999 9999999999 9999999999
    J =   80     9999999999 9999999999 9999999999 9999999999 9999999999 9999999999 9999999999 9999999999 9999999999 9999999999
    J =   79     9999999999 9999999999 9999999999 9999999999 9999999999 9999999999 9999999999 9999999999 9999999999 9999999999
    J =   78     9999999999 9999999999 9999999999 9999999999 9999999999 9999999999 9999999999 9999999999 9999999999 9999999999
    J =   77     9999999999 9999999999 9999999999 9999999999 9999999999 9999999999 9999999999 9999999999 9999999999 9999999999
    J =   76     9999999999 9999999999 9999999999 9999999999 9999999999 9999999999 9999999999 9999999999 9999999999 9999999999
    J =   75     9999999999 9999998999 9999899999 9999999999 9999999999 9999999999 9999999999 9999999999 9999999999 9999999999
    J =   74     9999999999 9998887799 9999899999 9999999999 9999999999 9999999999 9999999999 9999999999 9999999999 9999999999
    J =   73     9999999999 9997766789 9998899999 9999999999 9999999999 9999999999 9999999999 9999999999 9999999999 9999999999
    J =   72     9999999999 9997667889 9998899999 9999999999 9999999999 9999999999 9999999999 9999999999 9999999999 9999999999
    J =   71     9999999999 9997666899 9888889999 9987799999 9999999999 9999999999 9999999999 9999999999 9999999999 9999999999
    J =   70     9999999999 9998765799 9888888888 8986699999 9999999999 9999999999 9999999999 9999999999 9999999999 9999999999
    J =   69     9999999999 9999866789 8888877887 8986699999 9999999999 9999999999 9999999999 9999999999 9999999999 9999999.##
    J =   68     9999999999 9999888888 8887767877 7777699999 9999999999 9999999999 9999999999 9999999999 9999999999 99999#####
    J =   67     9999999999 9998999887 7777656776 6666799999 9999999999 9999999999 9999999999 9999999999 9999999999 99########
    J =   66     9999999999 9988887766 6777656765 5666799999 9999999999 9999999999 9999999999 9999999999 9999###### ##########
    J =   65     9999999999 8877766655 5677656765 5566699999 9999999999 9999999999 9999999999 9999999999 95######## ##########
    J =   64     9999999988 7766665555 6666555665 5556689999 9999999999 9999999999 9999999999 99999999#. ########## ##########
    J =   63     9999887777 7655665566 6665545666 6555569999 9999999999 9999999999 9999999999 9999971### ########## ##########
    J =   62     9987666666 7655555566 6566554556 6555558999 9999999999 9999999999 9999999999 99991##### ########## #11111111#
    J =   61     9865456656 7655555555 5566554456 5555556999 9999999999 9999999999 9999999999 993####### ########## 1111111111
    J =   60     7753245555 6665445555 5555554455 5445546999 9999999999 9999999999 9999999999 91.####### #########1 1135311111
    J =   59     6653235555 5665445555 5555454445 4345445999 9999999999 9999999999 9999999992 1.######## #######111 4246411111
    J =   58     5554345555 5555444555 4444444444 4444434999 9999999999 9999999999 9999999991 1######### ######1115 842321111#
    J =   57     5554455555 5555444444 4443444344 4444444699 9999999999 9999999999 9999999911 ########## ####111113 5311111111
    J =   56     5555555555 5554434444 4432343334 3444444469 9999999999 9999999999 9999999511 ########## ####111111 1111111111
    J =   55     5555555555 5444444433 3322333333 3333334456 8999999999 9999999999 9999999211 ######1111 1111111111 1111111111
    J =   54     5555554554 4444433333 3322233333 3333333444 5799999999 9999999999 9999991111 .#####1111 1111111111 1111111111
    J =   53     5444444444 4433333332 2222223333 3333322334 4579999999 9999999999 99991111## ######9999 #113111111 1111111111
    J =   52     4444444333 3333333222 2222222223 2233322233 4469999999 9999999999 999911##.# ####999999 99999211## #.#1111111
    J =   51     3333333333 3322222222 2222222222 2222212233 3458999999 9999999999 9999##999. #999999999 9999911### ##.1111111
    J =   50     3333333332 2222222111 2232222222 2222212443 3347999999 9999999999 999999999# 9999999999 9999921### ###1111111
    J =   49     3333222222 2222111112 2123322122 2332111942 2346999999 9999999999 9999999999 9999999999 9999911### #####11111
    J =   48     2222222222 1122111222 2123322121 3332112642 2335999999 9999999999 9999999999 9999999999 99999...## ####216311
    J =   47     2222222111 1111222211 #.####1111 232111##11 1235999999 9999999999 9999999999 9999999999 999999#.## ####999999
    J =   46     2221111111 1112232### ########## #11111.##5 4235999999 9999999999 9999999999 9999999999 9999999### #.99999999
    J =   45     2211111111 11112.#### ########## #########. .335999999 9999999999 9999999999 9999999999 9999999999 9999999999
    J =   44     111111111# ########## ########## ########## 2226999999 9999999999 9999999999 9999999999 9999999999 9999999999
    J =   43     11111##### ########## ########## ########## 1139999999 9999999999 9999999999 9999999999 9999999999 9999999999
    J =   42     ########## ########## ########## ########## 1179999999 9999999999 9999999999 9999999999 9999999999 9999999999
    J =   41     ########## ########## ########## ########## 3299999999 9999999999 9999999999 9999999999 9999999999 9999999999
    J =   40     ########## ########## ########## ########## 2799999999 9999999999 9999999999 9999999999 9999999999 9999999999
    J =   39     ########## ########## ########## ########## 2999999999 9999999999 9999999999 9999999999 9999999999 9999999999
    J =   38     ########## ########## ########## ########## 9999999999 9999999999 9999999999 9999999999 9999999999 9999999999
    J =   37     ########## ########## ########## #########5 9999999999 9999999999 9999999999 9999999999 9999999999 9999999999
    J =   36     ########## ########## ########## ########99 9999999999 9999999999 9999999999 9999999999 9999999999 9999999999
    J =   35     ########## ########## ########## #######999 9999999999 9999999999 9999999999 9999999999 9999999999 9999999999
    J =   34     ########## ########## ########## #######997 2599999999 9999999999 9999999999 9999999999 9999999999 9999999999
    J =   33     ########## ########## ########## #####4999# #999999999 9999999999 9999999999 9999999999 9999999999 9999999999
    J =   32     ########## ########## ########## ####1996## 9999999999 9999999999 9999999999 9999999999 9999999999 9999999999
    J =   31     ########## ########## ########## ####2996#9 9999999999 9999999999 9999999999 9999999999 9999999999 9999999999
    J =   30     ########## ########## ########## ###6999999 9999999999 9999999999 9999999999 9999999999 9999999999 9999999999
    J =   29     ########## ########## ########## ###1999999 9999999999 9999999999 9999999999 9999999999 9999999999 9999999999
    J =   28     ########## ########## ########## #144999999 9999999999 9999999999 9999999999 9999999999 9999999999 9999999999
    J =   27     ########## ########## ########## .299999999 9999999999 9999999999 9999999999 9999999999 9999999999 9999999999
    J =   26     ########## ########## ########## .#99999999 9999999999 9999999999 9999999999 9999999999 9999999999 9999999999
    J =   25     ########## ########## #########. ##99999999 9999999999 9999999999 9999999999 9999999999 9999999999 9999999999
    J =   24     ########## ########## ########## ##49999999 9999999999 9999999999 9999999999 9999999999 9999999999 9999999999
    J =   23     ########## ########## ########## 1149999999 9999999999 9999999999 9999999999 9999999999 9999999999 9999999999
    J =   22     ########## ########## #########. 1199999999 9999999999 9999999999 9999999999 9999999999 9999999999 9999999999
    J =   21     ########## ########## #######... 2289999999 9999999999 9999999999 9999999999 9999999999 9999999999 9999999999
    J =   20     ########## ########## ########.. ##69999999 9999999999 9999999999 9999999999 9999999999 9999999999 9999999999
    J =   19     ########## ########## ########## ##99999999 9999999999 9999999999 9999999999 9999999999 9999999999 9999999999
    J =   18     ########## ########## ########## ..69999999 9999999999 9999999999 9999999999 9999999999 9999999999 9999999999
    J =   17     ########## ########## #########. .#39999999 9999999999 9999999999 9999999999 9999999999 9999999999 9999999999
    J =   16     ########## ########## #########. #129999999 9999999999 9999999999 9999999999 9999999999 9999999999 9999999999
    J =   15     ########## ########## ########## #999999999 9999999999 9999999999 9999999999 9999999999 9999999999 9999999999
    J =   14     ########## ########## ########## #999999999 9999999999 9999999999 9999999999 9999999999 9999999999 9999999999
    J =   13     ########## ########## ######.### #999999999 9999999999 9999999999 9999999999 9999999999 9999999999 9999999999
    J =   12     ########## ########## ########## 9999999999 9999999999 9999999999 9999999999 9999999999 9999999999 9999999999
    J =   11     ########## ########## ########## 9999999999 9999999999 9999999999 9999999999 9999999999 9999999999 9999999999
    J =   10     ########## ########## ####...### 9999999999 9999999999 9999999999 9999999999 9999999999 9999999999 9999999999
    J =    9     ########## ########## ###..####9 9993999999 9999999999 9999999999 9999999999 9999999999 9999999999 9999999999
    J =    8     ########## ########## ###..####9 9992999999 9999999999 9999999999 9999999999 9999999999 9999999999 9999999999
    J =    7     ########## ########## ##...####9 9995999999 9999999999 9999999999 9999999999 9999999999 9999999999 9999999999
    J =    6     ########## ########## ##...####9 9999999999 9999999999 9999999999 9999999999 9999999999 9999999999 9999999999
    J =    5     ########## ########## #.....##99 9999999999 9999999999 9999999999 9999999999 9999999999 9999999999 9999999999
    J =    4     ########## ########## ####111#99 9999999999 9999999999 9999999999 9999999999 9999999999 9999999999 9999999999
    J =    3     ########## ########## ####111#99 9999999999 9999999999 9999999999 9999999999 9999999999 9999999999 9999999999
    J =    2     ########## ########## ####211399 9999999999 9999999999 9999999999 9999999999 9999999999 9999999999 9999999999
    J =    1     ########## ########## ####311999 9999999999 9999999999 9999999999 9999999999 9999999999 9999999999 9999999999



                     I =  201  TO  263  :


    J =  193     ########## #####11122 2222333344 5578999999 9999999999 9999999999 999
    J =  192     ########## ####111122 2223333445 5689999999 9999999999 9999999999 999
    J =  191     ########## ###1111222 2233334445 6899999999 9999999999 9999999999 999
    J =  190     ########## ##11111222 2233344456 7999999999 9999999999 9999999999 999
    J =  189     ########## #111122222 2333444456 9999999999 9999999999 9999999999 999
    J =  188     ########## #111122222 3333444557 9999999999 9999999999 9999999999 999
    J =  187     ########## .111222222 3334444569 9999999999 9999999999 9999999999 999
    J =  186     ########## #111222223 3344444579 9999999999 9999999999 9999999999 999
    J =  185     ########## 1111222233 3444445699 9999999999 9999999999 9999999999 999
    J =  184     ########.1 1111222233 3444445799 9999999999 9999999999 9999999999 999
    J =  183     #########1 1112222233 3444445999 9999999999 9999999999 9999999999 999
    J =  182     #########1 1112222233 3444456999 9999999999 9999999999 9999999999 999
    J =  181     #######..1 1112222233 3444558999 9999999999 9999999999 9999999999 999
    J =  180     ########11 1122222233 3444569999 9999999999 9999999999 9999999999 999
    J =  179     #######.11 1122222333 3444579999 9999999999 9999999999 9999999999 999
    J =  178     ########11 1122223333 3444599999 9999999999 9999999999 9999999999 999
    J =  177     ########11 1222223333 4444699999 9999999999 9999999999 9999999999 999
    J =  176     #######111 1222223334 4445999999 9999999999 9999999999 9999999999 999
    J =  175     #######111 1222223334 4446999999 9999999999 9999999999 9999999999 999
    J =  174     ########11 2222223333 4447999999 9999999999 9999999999 9999999999 999
    J =  173     #######.12 2222233333 4459999999 9999999999 9999999999 9999999999 999
    J =  172     ########12 2222233333 4469999999 9999999999 9999999999 9999999999 999
    J =  171     ########12 2222333334 4479999999 9999999999 9999999999 9999999999 999
    J =  170     ########12 2222333334 4489999999 9999999999 9999999999 9999999999 999
    J =  169     ########12 2222333334 4599999999 9999999999 9999999999 9999999999 999
    J =  168     ########12 2222333334 4599999999 9999999999 9999999999 9999999999 999
    J =  167     #########1 2222333334 4699999999 9999999999 9999999999 9999999999 999
    J =  166     #########1 2222333344 4699999999 9999999999 9999999999 9999999999 999
    J =  165     #########1 1222333444 4799999999 9999999999 9999999999 9999999999 999
    J =  164     #########1 2222333444 4799999999 9999999999 9999999999 9999999999 999
    J =  163     ########## 2222333344 4799999999 9999999999 9999999999 9999999999 999
    J =  162     ########## 2222233334 4799999999 9999999999 9999999999 9999999999 999
    J =  161     ########## 2222233334 4799999999 9999999999 9999999999 9999999999 999
    J =  160     ########## 1222223333 4799999999 9999999999 9999999999 9999999999 999
    J =  159     ########## #222222333 4699999999 9999999999 9999999999 9999999999 999
    J =  158     ########## #122222233 4699999999 9999999999 9999999999 9999999999 999
    J =  157     ########## #122222233 4599999999 9999999999 9999999999 9999999999 999
    J =  156     ########## ##22222333 4599999999 9999999999 9999999999 9999999999 999
    J =  155     ########## ##12222333 3589999999 9999999999 9999999999 9999999999 999
    J =  154     ########## ###2222333 3479999999 9999999999 9999999999 9999999999 999
    J =  153     ########## ###1222333 3469999999 9999999999 9999999999 9999999999 999
    J =  152     ########## ####222233 3469999999 9999999999 9999999999 9999999999 999
    J =  151     ########## ####122223 3459999999 9999999999 9999999999 9999999999 999
    J =  150     ########## #####22222 3458999999 9999999999 9999999999 9999999999 999
    J =  149     ########## #####12222 3457999999 9999999999 9999999999 9999999999 999
    J =  148     #########. #####12222 2347999999 9999999999 9999999999 9999999999 999
    J =  147     ########## ######1222 2346999999 9999999999 9999999999 9999999999 999
    J =  146     ########## #####.1122 2346999999 9999999999 9999999999 9999999999 999
    J =  145     ########## #####.##11 2345999999 9999999999 9999999999 9999999999 999
    J =  144     ########## ########11 2345899999 9999999999 9999999999 9999999999 999
    J =  143     ########## #########1 2345899999 9999999999 9999999999 9999999999 999
    J =  142     ########## #######.#1 2235799999 9999999999 9999999999 9999999999 999
    J =  141     ########## #######.11 2234799999 9999999999 9999999999 9999999999 999
    J =  140     ########## #######.12 2234699999 9999999999 9999999999 9999999999 999
    J =  139     ########## ########12 2234699999 9999999999 9999999999 9999999999 999
    J =  138     ########## ########12 2234599999 9999999999 9999999999 9999999999 999
    J =  137     ########## #########2 2234599999 9999999999 9999999999 9999999999 999
    J =  136     ########## #########2 2233599999 9999999999 9999999999 9999999999 999
    J =  135     ########## #########1 2223599999 9999999999 9999999999 9999999999 999
    J =  134     ########## #########1 1223489999 9999999999 9999999999 9999999999 999
    J =  133     ########## ########## 1123489999 9999999999 9999999999 9999999999 999
    J =  132     ########## ########## #122489999 9999999999 9999999999 9999999999 999
    J =  131     ########## ########## #122489999 9999999999 9999999999 9999999999 999
    J =  130     ########## ########## #112489999 9999999999 9999999999 9999999999 999
    J =  129     ########## ########## ##12489999 9999999999 9999999999 9999999999 999
    J =  128     ########## ########## ##12389999 9999999999 9999999999 9999999999 999
    J =  127     ########## ########## ##11389999 9999999999 9999999999 9999999999 999
    J =  126     ########## ########## ###1289999 9999999455 5569999999 9999999999 999
    J =  125     ########## ########## ###1289999 9999999543 3223359999 9999999999 999
    J =  124     ########## ########## ####279999 9999999643 2211111499 9999999999 999
    J =  123     ########## ########## ####169999 9999999853 2111111124 6999999999 999
    J =  122     ########## ########## ####169999 9999999964 2111111111 1126999999 999
    J =  121     ########## ########## #####59999 9999999974 2111111111 1111112999 999
    J =  120     ########## ########## #####59999 9999999973 1111111111 11111##299 999
    J =  119     ########## ########## #####79999 9999999962 1111111111 1111113#29 999
    J =  118     ########## ########## #####89999 9999999981 111#111111 1111111##2 999
    J =  117     ########## ########## #####99999 9999999995 111####### ##11111997 139
    J =  116     ########## ########## #####99999 9999999999 11###99999 991111599# #53
    J =  115     ########## ########## #####99999 9999999999 9##9999999 9992113999 992
    J =  114     .######### ########## #####99999 9999999999 9999999999 9998212999 9#1
    J =  113     11######## ########## #####99999 9999999999 9999999999 9999712599 9##
    J =  112     11######## ########## #####99999 9999999999 9999999999 9999962219 ###
    J =  111     111####### ########## ####499999 9999999999 9999999999 9999994119 #99
    J =  110     111####### ########## ####699999 9999999999 9999999999 9999992112 #99
    J =  109     111####### ########## ####799999 9999999999 9999999999 999999#69# #99
    J =  108     111####### ########## ####999999 9999995379 9999999999 99999999## #99
    J =  107     1111###### ########## ####999999 9999991114 9999999999 9999999996 #99
    J =  106     1111#.#### ########## ####999999 9999961111 2499999999 9999999999 #99
    J =  105     2111111### ########## ####999999 9999931111 1125899999 9999999999 999
    J =  104     211111111# ########## ####999999 9999911111 1112245554 59#5999999 999
    J =  103     211111111# ########## ##11899999 9999911111 1111223222 5795999999 999
    J =  102     2211111111 ########## ##11999999 9999911111 1111222221 1211999999 999
    J =  101     2211111111 ########## #.11999999 9999951111 1111222269 8211899999 999
    J =  100     2211111111 1######### ##11999999 9999991111 1111222399 99##999999 999
    J =   99     2211111111 1######### ###1999999 9999993111 1111111299 9999999999 999
    J =   98     2211111111 1######### ##14999999 9999995111 1111111119 9999999999 999
    J =   97     2221111111 1######### .119999999 9999997111 1111111112 9999999999 999
    J =   96     2221111111 1###.##... #149999999 9999999111 11111111## 9999999999 999
    J =   95     2221111111 1111111... 1299999999 9999999111 11111111## #9999996## 129
    J =   94     2221111111 11111111#1 2899999999 9999999111 11111111## #99999###1 189
    J =   93     2221111111 1111111113 8999999999 9999998111 11111111## #199999111 599
    J =   92     2221111111 111111#159 9999999999 9999997111 11111111## ##99999112 699
    J =   91     2211111111 1111112899 9999999999 9999996111 1111111### ##19999962 588
    J =   90     1111111#11 1112479999 9999999999 9999994111 111111#### ###1999994 233
    J =   89     111111##11 2458999999 9999999999 9999993111 1111###### ####899999 111
    J =   88     111#111126 8999999999 9999999999 9999992111 11111##### ####999999 511
    J =   87     2211267999 9999999999 9999999999 9999992111 111111#### ####999999 911
    J =   86     9999999999 9999999999 9999999999 9999993111 11111117## ##11199999 921
    J =   85     9999999999 9999999999 9999999999 9999994111 111111115# ##3#199999 941
    J =   84     9999999999 9999999999 9999999999 9999995211 1111111112 993##99999 961
    J =   83     9999999999 9999999999 9999999999 9999997211 1111111111 242###9999 961
    J =   82     9999999999 9999999999 9999999999 9999999421 1111111111 57####8999 961
    J =   81     9999999999 9999999999 9999977999 9999999521 1111111111 13####1999 982
    J =   80     9999999999 9999999999 9963333999 9999999621 1111111111 11#####999 999
    J =   79     9999999999 9999999999 9211111599 9999999611 1111111111 112####999 999
    J =   78     9999999999 9999999999 5111111299 9999999811 1111111111 113####999 999
    J =   77     9999999999 9999999999 6111111159 9999999911 1111111111 137###1299 999
    J =   76     9999999999 9999999999 9521111129 9999999921 1111111111 1229931999 999
    J =   75     9999999999 9999999999 9998421115 9999999951 1111111111 1123411499 999
    J =   74     9999999999 9999999999 9999998632 7999999992 1111111111 1111111189 999
    J =   73     9999999999 9999999999 9999999999 9999999995 2111111111 1111111129 999
    J =   72     9999999999 9999999999 9999999999 9999999999 2111111111 1111111113 999
    J =   71     9999999999 9999999999 9999999999 9999999999 6111111111 1111111111 235
    J =   70     9999999999 981.299999 9999999999 9999999999 9411111111 1111111111 111
    J =   69     .999999999 #.111111## 1299999999 9999999999 9921111111 1111111111 111
    J =   68     ######99## ...#111#.# 1117999999 9999999999 9961111111 1111111111 111
    J =   67     ########## #########. 111###9999 9999999999 9994111111 1111111111 111
    J =   66     ########## ########## ..##..##99 9999999999 9999521111 1111111111 111
    J =   65     ########## ########## ######.#19 9999999999 9999993111 1112111111 111
    J =   64     ########## ########## #######.11 4999999999 9999999984 2135311123 211
    J =   63     ########## ########## ########## .#59999999 9999999999 9556311123 211
    J =   62     111####### ########## ########## .#11795##1 2999999999 9996211112 111
    J =   61     1119###### ########## ########## #.111....1 1115999999 9999411111 111
    J =   60     1119.##### ########## ########## ##11....#1 11####4999 9999941111 111
    J =   59     111####### ########## ########## ###......1 11..###.#7 9999993111 111
    J =   58     ########## ########## ########## ########## ##......## 1699999621 135
    J =   57     ########## ########## ########## ########## ####.....# #149999996 999
    J =   56     11######## ########## ########## ########## ######.... #215999999 999
    J =   55     11111121## .########. ########## ########## #######... ..11299999 999
    J =   54     1111119411 16######## ########## ########## ########## ..#.199999 999
    J =   53     1111115999 9999999999 9######### ########## ########## ...##99999 999
    J =   52     1111113999 9999999999 99######## ########## ########## #...##9999 999
    J =   51     1111111899 9999999999 999####### ########## ########## ####..#999 999
    J =   50     2111111149 9999999999 99999##### ########## ########## ######.#99 999
    J =   49     1111111157 9999999999 9999991### ########## ########## #######.#4 999
    J =   48     1#411#.799 9999999999 9999999711 1######### ########## ########## #99
    J =   47     9999999999 9999999999 9999999991 11111#1295 11######## ########## .##
    J =   46     9999999999 9999999999 9999999999 9111111121 111####### ########## .##
    J =   45     9999999999 9999999999 9999999999 9322212211 111####### ########## ###
    J =   44     9999999999 9999999999 9999999999 9622222221 1111###### ########## ###
    J =   43     9999999999 9999999999 9999999999 9921122222 2111###### ########## ###
    J =   42     9999999999 9999999999 9999999999 9911112222 2111###### ########## ###
    J =   41     9999999999 9999999999 9999999999 992#122222 1121###### ########## ###
    J =   40     9999999999 9999999999 9999999999 9999993222 1121###### ########## ###
    J =   39     9999999999 9999999999 9999999999 9999991122 112111#### ########## ###
    J =   38     9999999999 9999999999 9999999999 9999999#11 1111111### ########## ###
    J =   37     9999999999 9999999999 9999999999 9999999999 82111111## ########## ###
    J =   36     9999999999 9999999999 9999999999 9999999999 99211#111# ########## ###
    J =   35     9999999999 9999999999 9999999999 9999999999 9999111221 1111111111 ###
    J =   34     9999999999 9999999999 9999999999 9999999999 9999913231 1112222111 ###
    J =   33     9999999999 9999999999 9999999999 9999999999 9999999222 1122222221 11#
    J =   32     9999999999 9999999999 9999999999 9999999999 9999999942 1122222222 21#
    J =   31     9999999999 9999999999 9999999999 9999999999 9999999998 2112211222 1##
    J =   30     9999999999 9999999999 9999999999 9999999999 9999999999 3111112211 ###
    J =   29     9999999999 9999999999 9999999999 9999999999 9999999999 82111221## ###
    J =   28     9999999999 9999999999 9999999999 9999999999 9999999999 9412211### ###
    J =   27     9999999999 9999999999 9999999999 9999999999 9999999999 99222##### ###
    J =   26     9999999999 9999999999 9999999999 9999999999 9999999999 99511##### ###
    J =   25     9999999999 9999999999 9999999999 9999999999 9999999999 9931###### ###
    J =   24     9999999999 9999999999 9999999999 9999999999 9999999999 9999#99999 999
    J =   23     9999999999 9999999999 9999999999 9999999999 9999999999 9999999999 999
    J =   22     9999999999 9999999999 9999#99999 9999999999 9999999999 9999999999 999
    J =   21     9999999999 9999999999 9999999999 9999999999 9999999999 9999999999 999
    J =   20     9999999999 9999999999 9999999999 9999999999 9999999999 9999999999 999
    J =   19     9999999999 9999999999 9999999999 9999999999 9999999999 9999999999 999
    J =   18     99999999#9 9999999999 9999999999 9999999999 9999999999 9999999999 999
    J =   17     99999999## ##99999999 9999999999 9999999999 9999999999 9999999999 999
    J =   16     9999999999 9999999999 9999999999 9999999999 9999999999 9999999999 999
    J =   15     9999999999 9999999999 9999999999 9999999999 9999999999 9999999999 999
    J =   14     9999999999 9999999999 9999999999 9999999999 9999999999 9999999999 999
    J =   13     9999999999 9999999999 9999999999 9999999999 9999999999 9999999999 999
    J =   12     9999999999 9999999999 9999999999 9999999999 9999999999 9999999999 999
    J =   11     9999999999 9999999999 9999999999 9999999999 9999999999 9999999999 999
    J =   10     9999999999 9999999999 9999999999 9999999999 9999999999 9999999999 999
    J =    9     9999999999 9999999999 9999999999 9999999999 9999999999 9999999999 999
    J =    8     9999999999 9999999999 9999999999 9999999999 9999999999 9999999999 999
    J =    7     9999999999 9999999999 9999999999 9999999999 9999999999 9999999999 999
    J =    6     9999999999 9999999999 9999999999 9999999999 9999999999 9#######33 999
    J =    5     9999999999 9999999999 9999999999 9999999999 9999999### ########## ###
    J =    4     9999999999 9999999999 9999999999 9999999999 999999#### ########## ###
    J =    3     9999999999 9999999999 9999999999 9999999999 999999#### ########## ###
    J =    2     9999999999 9999999999 9999999999 9999999999 9999999996 ########## ###
    J =    1     9999999999 9999999999 9999999999 9999999999 9999999999 2######### ###
/bin/rm -f fort.51 fort.51A
