set time=1
cd ~/hycom/GOMb0.08/topo
echo \033]0;/home/awallcraft/hycom/GOMb0.08/topo\007/home/awallcraft/hycom/GOMb0.08/topo
]0;/home/awallcraft/hycom/GOMb0.08/topo/home/awallcraft/hycom/GOMb0.08/topo
setenv FOR061A fort.61A
/bin/rm -f fort.61A
setenv CDF_GEBCO ~/topo_ieee/GEBCO_30sec/GEBCO_2014_1D.nc
/home/awallcraft/hycom/ALL/topo/src/landsea_30sec

xcspmd: idm,jdm =  263  193

 READING /TOPOG/
&TOPOG
 INTERP=         -4,
 MTYPE=          0,
 JPR=          8,
 /
I,J,LONV,XAF =    1    1   -98.000  9842.500
I,J,LONV,XAF =   11    1   -97.200  9938.498
I,J,LONV,XAF =   21    1   -96.400 10034.497
I,J,LONV,XAF =   31    1   -95.600 10130.503
I,J,LONV,XAF =   41    1   -94.800 10226.502
I,J,LONV,XAF =   51    1   -94.000 10322.500
I,J,LONV,XAF =   61    1   -93.200 10418.498
I,J,LONV,XAF =   71    1   -92.400 10514.497
I,J,LONV,XAF =   81    1   -91.600 10610.503
I,J,LONV,XAF =   91    1   -90.800 10706.502
I,J,LONV,XAF =  101    1   -90.000 10802.500
I,J,LONV,XAF =  111    1   -89.200 10898.498
I,J,LONV,XAF =  121    1   -88.400 10994.497
I,J,LONV,XAF =  131    1   -87.600 11090.503
I,J,LONV,XAF =  141    1   -86.800 11186.502
I,J,LONV,XAF =  151    1   -86.000 11282.500
I,J,LONV,XAF =  161    1   -85.200 11378.498
I,J,LONV,XAF =  171    1   -84.400 11474.497
I,J,LONV,XAF =  181    1   -83.600 11570.503
I,J,LONV,XAF =  191    1   -82.800 11666.502
I,J,LONV,XAF =  201    1   -82.000 11762.500
I,J,LONV,XAF =  211    1   -81.200 11858.498
I,J,LONV,XAF =  221    1   -80.400 11954.497
I,J,LONV,XAF =  231    1   -79.600 12050.503
I,J,LONV,XAF =  241    1   -78.800 12146.502
I,J,LONV,XAF =  251    1   -78.000 12242.500
I,J,LONV,XAF =  261    1   -77.200 12338.498
I,J,LONV,XAF =  263    1   -77.040 12357.703
I,J,LONV,XAF =    1  101   -98.000  9842.500
I,J,LONV,XAF =   11  101   -97.200  9938.498
I,J,LONV,XAF =   21  101   -96.400 10034.497
I,J,LONV,XAF =   31  101   -95.600 10130.503
I,J,LONV,XAF =   41  101   -94.800 10226.502
I,J,LONV,XAF =   51  101   -94.000 10322.500
I,J,LONV,XAF =   61  101   -93.200 10418.498
I,J,LONV,XAF =   71  101   -92.400 10514.497
I,J,LONV,XAF =   81  101   -91.600 10610.503
I,J,LONV,XAF =   91  101   -90.800 10706.502
I,J,LONV,XAF =  101  101   -90.000 10802.500
I,J,LONV,XAF =  111  101   -89.200 10898.498
I,J,LONV,XAF =  121  101   -88.400 10994.497
I,J,LONV,XAF =  131  101   -87.600 11090.503
I,J,LONV,XAF =  141  101   -86.800 11186.502
I,J,LONV,XAF =  151  101   -86.000 11282.500
I,J,LONV,XAF =  161  101   -85.200 11378.498
I,J,LONV,XAF =  171  101   -84.400 11474.497
I,J,LONV,XAF =  181  101   -83.600 11570.503
I,J,LONV,XAF =  191  101   -82.800 11666.502
I,J,LONV,XAF =  201  101   -82.000 11762.500
I,J,LONV,XAF =  211  101   -81.200 11858.498
I,J,LONV,XAF =  221  101   -80.400 11954.497
I,J,LONV,XAF =  231  101   -79.600 12050.503
I,J,LONV,XAF =  241  101   -78.800 12146.502
I,J,LONV,XAF =  251  101   -78.000 12242.500
I,J,LONV,XAF =  261  101   -77.200 12338.498
I,J,LONV,XAF =  263  101   -77.040 12357.703
I,J,LONV,XAF =    1  193   -98.000  9842.500
I,J,LONV,XAF =   11  193   -97.200  9938.498
I,J,LONV,XAF =   21  193   -96.400 10034.497
I,J,LONV,XAF =   31  193   -95.600 10130.503
I,J,LONV,XAF =   41  193   -94.800 10226.502
I,J,LONV,XAF =   51  193   -94.000 10322.500
I,J,LONV,XAF =   61  193   -93.200 10418.498
I,J,LONV,XAF =   71  193   -92.400 10514.497
I,J,LONV,XAF =   81  193   -91.600 10610.503
I,J,LONV,XAF =   91  193   -90.800 10706.502
I,J,LONV,XAF =  101  193   -90.000 10802.500
I,J,LONV,XAF =  111  193   -89.200 10898.498
I,J,LONV,XAF =  121  193   -88.400 10994.497
I,J,LONV,XAF =  131  193   -87.600 11090.503
I,J,LONV,XAF =  141  193   -86.800 11186.502
I,J,LONV,XAF =  151  193   -86.000 11282.500
I,J,LONV,XAF =  161  193   -85.200 11378.498
I,J,LONV,XAF =  171  193   -84.400 11474.497
I,J,LONV,XAF =  181  193   -83.600 11570.503
I,J,LONV,XAF =  191  193   -82.800 11666.502
I,J,LONV,XAF =  201  193   -82.000 11762.500
I,J,LONV,XAF =  211  193   -81.200 11858.498
I,J,LONV,XAF =  221  193   -80.400 11954.497
I,J,LONV,XAF =  231  193   -79.600 12050.503
I,J,LONV,XAF =  241  193   -78.800 12146.502
I,J,LONV,XAF =  251  193   -78.000 12242.500
I,J,LONV,XAF =  261  193   -77.200 12338.498
I,J,LONV,XAF =  263  193   -77.040 12357.703
I,J,LATU,YAF =    1    1    18.092 13213.498
I,J,LATU,YAF =    1   11    18.850 13304.552
I,J,LATU,YAF =    1   21    19.606 13395.195
I,J,LATU,YAF =    1   31    20.358 13485.415
I,J,LATU,YAF =    1   41    21.106 13575.198
I,J,LATU,YAF =    1   51    21.850 13664.531
I,J,LATU,YAF =    1   61    22.591 13753.401
I,J,LATU,YAF =    1   71    23.327 13841.795
I,J,LATU,YAF =    1   81    24.060 13929.702
I,J,LATU,YAF =    1   91    24.788 14017.110
I,J,LATU,YAF =    1  101    25.513 14104.008
I,J,LATU,YAF =    1  111    26.232 14190.385
I,J,LATU,YAF =    1  121    26.948 14276.230
I,J,LATU,YAF =    1  131    27.659 14361.534
I,J,LATU,YAF =    1  141    28.365 14446.287
I,J,LATU,YAF =    1  151    29.066 14530.479
I,J,LATU,YAF =    1  161    29.763 14614.104
I,J,LATU,YAF =    1  171    30.455 14697.149
I,J,LATU,YAF =    1  181    31.143 14779.609
I,J,LATU,YAF =    1  191    31.825 14861.476
I,J,LATU,YAF =    1  193    31.961 14877.777
I,J,LATU,YAF =  101    1    18.092 13213.498
I,J,LATU,YAF =  101   11    18.850 13304.552
I,J,LATU,YAF =  101   21    19.606 13395.195
I,J,LATU,YAF =  101   31    20.358 13485.415
I,J,LATU,YAF =  101   41    21.106 13575.198
I,J,LATU,YAF =  101   51    21.850 13664.531
I,J,LATU,YAF =  101   61    22.591 13753.401
I,J,LATU,YAF =  101   71    23.327 13841.795
I,J,LATU,YAF =  101   81    24.060 13929.702
I,J,LATU,YAF =  101   91    24.788 14017.110
I,J,LATU,YAF =  101  101    25.513 14104.008
I,J,LATU,YAF =  101  111    26.232 14190.385
I,J,LATU,YAF =  101  121    26.948 14276.230
I,J,LATU,YAF =  101  131    27.659 14361.534
I,J,LATU,YAF =  101  141    28.365 14446.287
I,J,LATU,YAF =  101  151    29.066 14530.479
I,J,LATU,YAF =  101  161    29.763 14614.104
I,J,LATU,YAF =  101  171    30.455 14697.149
I,J,LATU,YAF =  101  181    31.143 14779.609
I,J,LATU,YAF =  101  191    31.825 14861.476
I,J,LATU,YAF =  101  193    31.961 14877.777
I,J,LATU,YAF =  201    1    18.092 13213.498
I,J,LATU,YAF =  201   11    18.850 13304.552
I,J,LATU,YAF =  201   21    19.606 13395.195
I,J,LATU,YAF =  201   31    20.358 13485.415
I,J,LATU,YAF =  201   41    21.106 13575.198
I,J,LATU,YAF =  201   51    21.850 13664.531
I,J,LATU,YAF =  201   61    22.591 13753.401
I,J,LATU,YAF =  201   71    23.327 13841.795
I,J,LATU,YAF =  201   81    24.060 13929.702
I,J,LATU,YAF =  201   91    24.788 14017.110
I,J,LATU,YAF =  201  101    25.513 14104.008
I,J,LATU,YAF =  201  111    26.232 14190.385
I,J,LATU,YAF =  201  121    26.948 14276.230
I,J,LATU,YAF =  201  131    27.659 14361.534
I,J,LATU,YAF =  201  141    28.365 14446.287
I,J,LATU,YAF =  201  151    29.066 14530.479
I,J,LATU,YAF =  201  161    29.763 14614.104
I,J,LATU,YAF =  201  171    30.455 14697.149
I,J,LATU,YAF =  201  181    31.143 14779.609
I,J,LATU,YAF =  201  191    31.825 14861.476
I,J,LATU,YAF =  201  193    31.961 14877.777
I,J,LATU,YAF =  263    1    18.092 13213.498
I,J,LATU,YAF =  263   11    18.850 13304.552
I,J,LATU,YAF =  263   21    19.606 13395.195
I,J,LATU,YAF =  263   31    20.358 13485.415
I,J,LATU,YAF =  263   41    21.106 13575.198
I,J,LATU,YAF =  263   51    21.850 13664.531
I,J,LATU,YAF =  263   61    22.591 13753.401
I,J,LATU,YAF =  263   71    23.327 13841.795
I,J,LATU,YAF =  263   81    24.060 13929.702
I,J,LATU,YAF =  263   91    24.788 14017.110
I,J,LATU,YAF =  263  101    25.513 14104.008
I,J,LATU,YAF =  263  111    26.232 14190.385
I,J,LATU,YAF =  263  121    26.948 14276.230
I,J,LATU,YAF =  263  131    27.659 14361.534
I,J,LATU,YAF =  263  141    28.365 14446.287
I,J,LATU,YAF =  263  151    29.066 14530.479
I,J,LATU,YAF =  263  161    29.763 14614.104
I,J,LATU,YAF =  263  171    30.455 14697.149
I,J,LATU,YAF =  263  181    31.143 14779.609
I,J,LATU,YAF =  263  191    31.825 14861.476
I,J,LATU,YAF =  263  193    31.961 14877.777

 MIN,MAX I COORDS =  9842.50,12357.70
 MIN,MAX J COORDS = 13213.50,14877.78


 CDF_GEBCO = /home/awallcraft/topo_ieee/GEBCO_30sec/GEBCO_2014_1D.nc

NetCDF library call returns                  0


NetCDF library call returns                  0


NetCDF library call returns                  0

 IZ.1,1 =   -4223
 IZ.N,M =    2797
 DH: MIN=       0.0000 MAX=       1.0000 AVE=       0.7292 RMS=       0.8539
3.902u 4.776s 0:15.06 57.5%	0+0k 3648048+416io 14pf+0w
/bin/mv fort.61A landsea_GOMb0.08.a
