cd ~/hycom/GOMb0.08/topo
echo \033]0;/home/awallcraft/hycom/GOMb0.08/topo\007/home/awallcraft/hycom/GOMb0.08/topo
]0;/home/awallcraft/hycom/GOMb0.08/topo/home/awallcraft/hycom/GOMb0.08/topo
touch fort.61
/bin/rm -f fort.61
cat
echo regional.grid.b
regional.grid.b
setenv FOR061 fort.61
setenv FOR061A fort.61A
/home/awallcraft/hycom/ALL/topo/src/grid_mercator

xcspmd: idm,jdm =  263  193

blkini: idm    =   263
blkini: jdm    =   193
blkini: mapflg =     0
blkinr: pntlon =     1.0000 
blkinr: reflon =   -98.0000 deg E
blkinr: grdlon =     0.0800 degrees
blkinr: pntlat =  -229.0000 
blkinr: reflat =     0.0000 deg N
blkinr: grdlat =     0.0800 degrees

j,qlat =    1    18.054    18.054
j,plat =    1    18.092    18.092
j,qlat =    2    18.130    18.130
j,plat =    2    18.168    18.168
j,qlat =    3    18.206    18.206
j,plat =    3    18.244    18.244
j,qlat =    4    18.282    18.282
j,plat =    4    18.320    18.320
j,qlat =    5    18.358    18.358
j,plat =    5    18.396    18.396
j,qlat =    6    18.434    18.434
j,plat =    6    18.471    18.471
j,qlat =    7    18.509    18.509
j,plat =    7    18.547    18.547
j,qlat =    8    18.585    18.585
j,plat =    8    18.623    18.623
j,qlat =    9    18.661    18.661
j,plat =    9    18.699    18.699
j,qlat =   10    18.737    18.737
j,plat =   10    18.775    18.775
j,qlat =   11    18.813    18.813
j,plat =   11    18.850    18.850
j,qlat =   12    18.888    18.888
j,plat =   12    18.926    18.926
j,qlat =   13    18.964    18.964
j,plat =   13    19.002    19.002
j,qlat =   14    19.040    19.040
j,plat =   14    19.077    19.077
j,qlat =   15    19.115    19.115
j,plat =   15    19.153    19.153
j,qlat =   16    19.191    19.191
j,plat =   16    19.229    19.229
j,qlat =   17    19.266    19.266
j,plat =   17    19.304    19.304
j,qlat =   18    19.342    19.342
j,plat =   18    19.380    19.380
j,qlat =   19    19.417    19.417
j,plat =   19    19.455    19.455
j,qlat =   20    19.493    19.493
j,plat =   20    19.530    19.530
j,qlat =   21    19.568    19.568
j,plat =   21    19.606    19.606
j,qlat =   22    19.643    19.643
j,plat =   22    19.681    19.681
j,qlat =   23    19.719    19.719
j,plat =   23    19.756    19.756
j,qlat =   24    19.794    19.794
j,plat =   24    19.832    19.832
j,qlat =   25    19.869    19.869
j,plat =   25    19.907    19.907
j,qlat =   26    19.945    19.945
j,plat =   26    19.982    19.982
j,qlat =   27    20.020    20.020
j,plat =   27    20.057    20.057
j,qlat =   28    20.095    20.095
j,plat =   28    20.132    20.132
j,qlat =   29    20.170    20.170
j,plat =   29    20.208    20.208
j,qlat =   30    20.245    20.245
j,plat =   30    20.283    20.283
j,qlat =   31    20.320    20.320
j,plat =   31    20.358    20.358
j,qlat =   32    20.395    20.395
j,plat =   32    20.433    20.433
j,qlat =   33    20.470    20.470
j,plat =   33    20.508    20.508
j,qlat =   34    20.545    20.545
j,plat =   34    20.582    20.582
j,qlat =   35    20.620    20.620
j,plat =   35    20.657    20.657
j,qlat =   36    20.695    20.695
j,plat =   36    20.732    20.732
j,qlat =   37    20.770    20.770
j,plat =   37    20.807    20.807
j,qlat =   38    20.844    20.844
j,plat =   38    20.882    20.882
j,qlat =   39    20.919    20.919
j,plat =   39    20.956    20.956
j,qlat =   40    20.994    20.994
j,plat =   40    21.031    21.031
j,qlat =   41    21.068    21.068
j,plat =   41    21.106    21.106
j,qlat =   42    21.143    21.143
j,plat =   42    21.180    21.180
j,qlat =   43    21.218    21.218
j,plat =   43    21.255    21.255
j,qlat =   44    21.292    21.292
j,plat =   44    21.330    21.330
j,qlat =   45    21.367    21.367
j,plat =   45    21.404    21.404
j,qlat =   46    21.441    21.441
j,plat =   46    21.479    21.479
j,qlat =   47    21.516    21.516
j,plat =   47    21.553    21.553
j,qlat =   48    21.590    21.590
j,plat =   48    21.627    21.627
j,qlat =   49    21.665    21.665
j,plat =   49    21.702    21.702
j,qlat =   50    21.739    21.739
j,plat =   50    21.776    21.776
j,qlat =   51    21.813    21.813
j,plat =   51    21.850    21.850
j,qlat =   52    21.887    21.887
j,plat =   52    21.924    21.924
j,qlat =   53    21.962    21.962
j,plat =   53    21.999    21.999
j,qlat =   54    22.036    22.036
j,plat =   54    22.073    22.073
j,qlat =   55    22.110    22.110
j,plat =   55    22.147    22.147
j,qlat =   56    22.184    22.184
j,plat =   56    22.221    22.221
j,qlat =   57    22.258    22.258
j,plat =   57    22.295    22.295
j,qlat =   58    22.332    22.332
j,plat =   58    22.369    22.369
j,qlat =   59    22.406    22.406
j,plat =   59    22.443    22.443
j,qlat =   60    22.480    22.480
j,plat =   60    22.517    22.517
j,qlat =   61    22.554    22.554
j,plat =   61    22.591    22.591
j,qlat =   62    22.628    22.628
j,plat =   62    22.665    22.665
j,qlat =   63    22.702    22.702
j,plat =   63    22.738    22.738
j,qlat =   64    22.775    22.775
j,plat =   64    22.812    22.812
j,qlat =   65    22.849    22.849
j,plat =   65    22.886    22.886
j,qlat =   66    22.923    22.923
j,plat =   66    22.960    22.960
j,qlat =   67    22.996    22.996
j,plat =   67    23.033    23.033
j,qlat =   68    23.070    23.070
j,plat =   68    23.107    23.107
j,qlat =   69    23.144    23.144
j,plat =   69    23.180    23.180
j,qlat =   70    23.217    23.217
j,plat =   70    23.254    23.254
j,qlat =   71    23.291    23.291
j,plat =   71    23.327    23.327
j,qlat =   72    23.364    23.364
j,plat =   72    23.401    23.401
j,qlat =   73    23.438    23.438
j,plat =   73    23.474    23.474
j,qlat =   74    23.511    23.511
j,plat =   74    23.548    23.548
j,qlat =   75    23.584    23.584
j,plat =   75    23.621    23.621
j,qlat =   76    23.658    23.658
j,plat =   76    23.694    23.694
j,qlat =   77    23.731    23.731
j,plat =   77    23.767    23.767
j,qlat =   78    23.804    23.804
j,plat =   78    23.841    23.841
j,qlat =   79    23.877    23.877
j,plat =   79    23.914    23.914
j,qlat =   80    23.950    23.950
j,plat =   80    23.987    23.987
j,qlat =   81    24.023    24.023
j,plat =   81    24.060    24.060
j,qlat =   82    24.097    24.097
j,plat =   82    24.133    24.133
j,qlat =   83    24.170    24.170
j,plat =   83    24.206    24.206
j,qlat =   84    24.243    24.243
j,plat =   84    24.279    24.279
j,qlat =   85    24.315    24.315
j,plat =   85    24.352    24.352
j,qlat =   86    24.388    24.388
j,plat =   86    24.425    24.425
j,qlat =   87    24.461    24.461
j,plat =   87    24.498    24.498
j,qlat =   88    24.534    24.534
j,plat =   88    24.570    24.570
j,qlat =   89    24.607    24.607
j,plat =   89    24.643    24.643
j,qlat =   90    24.679    24.679
j,plat =   90    24.716    24.716
j,qlat =   91    24.752    24.752
j,plat =   91    24.788    24.788
j,qlat =   92    24.825    24.825
j,plat =   92    24.861    24.861
j,qlat =   93    24.897    24.897
j,plat =   93    24.934    24.934
j,qlat =   94    24.970    24.970
j,plat =   94    25.006    25.006
j,qlat =   95    25.042    25.042
j,plat =   95    25.079    25.079
j,qlat =   96    25.115    25.115
j,plat =   96    25.151    25.151
j,qlat =   97    25.187    25.187
j,plat =   97    25.223    25.223
j,qlat =   98    25.260    25.260
j,plat =   98    25.296    25.296
j,qlat =   99    25.332    25.332
j,plat =   99    25.368    25.368
j,qlat =  100    25.404    25.404
j,plat =  100    25.440    25.440
j,qlat =  101    25.476    25.476
j,plat =  101    25.513    25.513
j,qlat =  102    25.549    25.549
j,plat =  102    25.585    25.585
j,qlat =  103    25.621    25.621
j,plat =  103    25.657    25.657
j,qlat =  104    25.693    25.693
j,plat =  104    25.729    25.729
j,qlat =  105    25.765    25.765
j,plat =  105    25.801    25.801
j,qlat =  106    25.837    25.837
j,plat =  106    25.873    25.873
j,qlat =  107    25.909    25.909
j,plat =  107    25.945    25.945
j,qlat =  108    25.981    25.981
j,plat =  108    26.017    26.017
j,qlat =  109    26.053    26.053
j,plat =  109    26.089    26.089
j,qlat =  110    26.125    26.125
j,plat =  110    26.161    26.161
j,qlat =  111    26.196    26.196
j,plat =  111    26.232    26.232
j,qlat =  112    26.268    26.268
j,plat =  112    26.304    26.304
j,qlat =  113    26.340    26.340
j,plat =  113    26.376    26.376
j,qlat =  114    26.412    26.412
j,plat =  114    26.447    26.447
j,qlat =  115    26.483    26.483
j,plat =  115    26.519    26.519
j,qlat =  116    26.555    26.555
j,plat =  116    26.591    26.591
j,qlat =  117    26.626    26.626
j,plat =  117    26.662    26.662
j,qlat =  118    26.698    26.698
j,plat =  118    26.734    26.734
j,qlat =  119    26.769    26.769
j,plat =  119    26.805    26.805
j,qlat =  120    26.841    26.841
j,plat =  120    26.876    26.876
j,qlat =  121    26.912    26.912
j,plat =  121    26.948    26.948
j,qlat =  122    26.983    26.983
j,plat =  122    27.019    27.019
j,qlat =  123    27.055    27.055
j,plat =  123    27.090    27.090
j,qlat =  124    27.126    27.126
j,plat =  124    27.161    27.161
j,qlat =  125    27.197    27.197
j,plat =  125    27.233    27.233
j,qlat =  126    27.268    27.268
j,plat =  126    27.304    27.304
j,qlat =  127    27.339    27.339
j,plat =  127    27.375    27.375
j,qlat =  128    27.410    27.410
j,plat =  128    27.446    27.446
j,qlat =  129    27.481    27.481
j,plat =  129    27.517    27.517
j,qlat =  130    27.552    27.552
j,plat =  130    27.588    27.588
j,qlat =  131    27.623    27.623
j,plat =  131    27.659    27.659
j,qlat =  132    27.694    27.694
j,plat =  132    27.729    27.729
j,qlat =  133    27.765    27.765
j,plat =  133    27.800    27.800
j,qlat =  134    27.836    27.836
j,plat =  134    27.871    27.871
j,qlat =  135    27.906    27.906
j,plat =  135    27.942    27.942
j,qlat =  136    27.977    27.977
j,plat =  136    28.012    28.012
j,qlat =  137    28.048    28.048
j,plat =  137    28.083    28.083
j,qlat =  138    28.118    28.118
j,plat =  138    28.153    28.153
j,qlat =  139    28.189    28.189
j,plat =  139    28.224    28.224
j,qlat =  140    28.259    28.259
j,plat =  140    28.294    28.294
j,qlat =  141    28.330    28.330
j,plat =  141    28.365    28.365
j,qlat =  142    28.400    28.400
j,plat =  142    28.435    28.435
j,qlat =  143    28.470    28.470
j,plat =  143    28.506    28.506
j,qlat =  144    28.541    28.541
j,plat =  144    28.576    28.576
j,qlat =  145    28.611    28.611
j,plat =  145    28.646    28.646
j,qlat =  146    28.681    28.681
j,plat =  146    28.716    28.716
j,qlat =  147    28.751    28.751
j,plat =  147    28.786    28.786
j,qlat =  148    28.821    28.821
j,plat =  148    28.857    28.857
j,qlat =  149    28.892    28.892
j,plat =  149    28.927    28.927
j,qlat =  150    28.962    28.962
j,plat =  150    28.997    28.997
j,qlat =  151    29.032    29.032
j,plat =  151    29.066    29.066
j,qlat =  152    29.101    29.101
j,plat =  152    29.136    29.136
j,qlat =  153    29.171    29.171
j,plat =  153    29.206    29.206
j,qlat =  154    29.241    29.241
j,plat =  154    29.276    29.276
j,qlat =  155    29.311    29.311
j,plat =  155    29.346    29.346
j,qlat =  156    29.381    29.381
j,plat =  156    29.416    29.416
j,qlat =  157    29.450    29.450
j,plat =  157    29.485    29.485
j,qlat =  158    29.520    29.520
j,plat =  158    29.555    29.555
j,qlat =  159    29.590    29.590
j,plat =  159    29.624    29.624
j,qlat =  160    29.659    29.659
j,plat =  160    29.694    29.694
j,qlat =  161    29.729    29.729
j,plat =  161    29.763    29.763
j,qlat =  162    29.798    29.798
j,plat =  162    29.833    29.833
j,qlat =  163    29.867    29.867
j,plat =  163    29.902    29.902
j,qlat =  164    29.937    29.937
j,plat =  164    29.971    29.971
j,qlat =  165    30.006    30.006
j,plat =  165    30.041    30.041
j,qlat =  166    30.075    30.075
j,plat =  166    30.110    30.110
j,qlat =  167    30.145    30.145
j,plat =  167    30.179    30.179
j,qlat =  168    30.214    30.214
j,plat =  168    30.248    30.248
j,qlat =  169    30.283    30.283
j,plat =  169    30.317    30.317
j,qlat =  170    30.352    30.352
j,plat =  170    30.386    30.386
j,qlat =  171    30.421    30.421
j,plat =  171    30.455    30.455
j,qlat =  172    30.490    30.490
j,plat =  172    30.524    30.524
j,qlat =  173    30.559    30.559
j,plat =  173    30.593    30.593
j,qlat =  174    30.628    30.628
j,plat =  174    30.662    30.662
j,qlat =  175    30.696    30.696
j,plat =  175    30.731    30.731
j,qlat =  176    30.765    30.765
j,plat =  176    30.800    30.800
j,qlat =  177    30.834    30.834
j,plat =  177    30.868    30.868
j,qlat =  178    30.903    30.903
j,plat =  178    30.937    30.937
j,qlat =  179    30.971    30.971
j,plat =  179    31.006    31.006
j,qlat =  180    31.040    31.040
j,plat =  180    31.074    31.074
j,qlat =  181    31.108    31.108
j,plat =  181    31.143    31.143
j,qlat =  182    31.177    31.177
j,plat =  182    31.211    31.211
j,qlat =  183    31.245    31.245
j,plat =  183    31.279    31.279
j,qlat =  184    31.314    31.314
j,plat =  184    31.348    31.348
j,qlat =  185    31.382    31.382
j,plat =  185    31.416    31.416
j,qlat =  186    31.450    31.450
j,plat =  186    31.484    31.484
j,qlat =  187    31.518    31.518
j,plat =  187    31.553    31.553
j,qlat =  188    31.587    31.587
j,plat =  188    31.621    31.621
j,qlat =  189    31.655    31.655
j,plat =  189    31.689    31.689
j,qlat =  190    31.723    31.723
j,plat =  190    31.757    31.757
j,qlat =  191    31.791    31.791
j,plat =  191    31.825    31.825
j,qlat =  192    31.859    31.859
j,plat =  192    31.893    31.893
j,qlat =  193    31.927    31.927
j,plat =  193    31.961    31.961

i,qlon =    1   -98.040   -98.040
i,plon =    1   -98.000   -98.000
i,qlon =    2   -97.960   -97.960
i,plon =    2   -97.920   -97.920
i,qlon =    3   -97.880   -97.880
i,plon =    3   -97.840   -97.840
i,qlon =    4   -97.800   -97.800
i,plon =    4   -97.760   -97.760
i,qlon =    5   -97.720   -97.720
i,plon =    5   -97.680   -97.680
i,qlon =    6   -97.640   -97.640
i,plon =    6   -97.600   -97.600
i,qlon =    7   -97.560   -97.560
i,plon =    7   -97.520   -97.520
i,qlon =    8   -97.480   -97.480
i,plon =    8   -97.440   -97.440
i,qlon =    9   -97.400   -97.400
i,plon =    9   -97.360   -97.360
i,qlon =   10   -97.320   -97.320
i,plon =   10   -97.280   -97.280
i,qlon =   11   -97.240   -97.240
i,plon =   11   -97.200   -97.200
i,qlon =   12   -97.160   -97.160
i,plon =   12   -97.120   -97.120
i,qlon =   13   -97.080   -97.080
i,plon =   13   -97.040   -97.040
i,qlon =   14   -97.000   -97.000
i,plon =   14   -96.960   -96.960
i,qlon =   15   -96.920   -96.920
i,plon =   15   -96.880   -96.880
i,qlon =   16   -96.840   -96.840
i,plon =   16   -96.800   -96.800
i,qlon =   17   -96.760   -96.760
i,plon =   17   -96.720   -96.720
i,qlon =   18   -96.680   -96.680
i,plon =   18   -96.640   -96.640
i,qlon =   19   -96.600   -96.600
i,plon =   19   -96.560   -96.560
i,qlon =   20   -96.520   -96.520
i,plon =   20   -96.480   -96.480
i,qlon =   21   -96.440   -96.440
i,plon =   21   -96.400   -96.400
i,qlon =   22   -96.360   -96.360
i,plon =   22   -96.320   -96.320
i,qlon =   23   -96.280   -96.280
i,plon =   23   -96.240   -96.240
i,qlon =   24   -96.200   -96.200
i,plon =   24   -96.160   -96.160
i,qlon =   25   -96.120   -96.120
i,plon =   25   -96.080   -96.080
i,qlon =   26   -96.040   -96.040
i,plon =   26   -96.000   -96.000
i,qlon =   27   -95.960   -95.960
i,plon =   27   -95.920   -95.920
i,qlon =   28   -95.880   -95.880
i,plon =   28   -95.840   -95.840
i,qlon =   29   -95.800   -95.800
i,plon =   29   -95.760   -95.760
i,qlon =   30   -95.720   -95.720
i,plon =   30   -95.680   -95.680
i,qlon =   31   -95.640   -95.640
i,plon =   31   -95.600   -95.600
i,qlon =   32   -95.560   -95.560
i,plon =   32   -95.520   -95.520
i,qlon =   33   -95.480   -95.480
i,plon =   33   -95.440   -95.440
i,qlon =   34   -95.400   -95.400
i,plon =   34   -95.360   -95.360
i,qlon =   35   -95.320   -95.320
i,plon =   35   -95.280   -95.280
i,qlon =   36   -95.240   -95.240
i,plon =   36   -95.200   -95.200
i,qlon =   37   -95.160   -95.160
i,plon =   37   -95.120   -95.120
i,qlon =   38   -95.080   -95.080
i,plon =   38   -95.040   -95.040
i,qlon =   39   -95.000   -95.000
i,plon =   39   -94.960   -94.960
i,qlon =   40   -94.920   -94.920
i,plon =   40   -94.880   -94.880
i,qlon =   41   -94.840   -94.840
i,plon =   41   -94.800   -94.800
i,qlon =   42   -94.760   -94.760
i,plon =   42   -94.720   -94.720
i,qlon =   43   -94.680   -94.680
i,plon =   43   -94.640   -94.640
i,qlon =   44   -94.600   -94.600
i,plon =   44   -94.560   -94.560
i,qlon =   45   -94.520   -94.520
i,plon =   45   -94.480   -94.480
i,qlon =   46   -94.440   -94.440
i,plon =   46   -94.400   -94.400
i,qlon =   47   -94.360   -94.360
i,plon =   47   -94.320   -94.320
i,qlon =   48   -94.280   -94.280
i,plon =   48   -94.240   -94.240
i,qlon =   49   -94.200   -94.200
i,plon =   49   -94.160   -94.160
i,qlon =   50   -94.120   -94.120
i,plon =   50   -94.080   -94.080
i,qlon =   51   -94.040   -94.040
i,plon =   51   -94.000   -94.000
i,qlon =   52   -93.960   -93.960
i,plon =   52   -93.920   -93.920
i,qlon =   53   -93.880   -93.880
i,plon =   53   -93.840   -93.840
i,qlon =   54   -93.800   -93.800
i,plon =   54   -93.760   -93.760
i,qlon =   55   -93.720   -93.720
i,plon =   55   -93.680   -93.680
i,qlon =   56   -93.640   -93.640
i,plon =   56   -93.600   -93.600
i,qlon =   57   -93.560   -93.560
i,plon =   57   -93.520   -93.520
i,qlon =   58   -93.480   -93.480
i,plon =   58   -93.440   -93.440
i,qlon =   59   -93.400   -93.400
i,plon =   59   -93.360   -93.360
i,qlon =   60   -93.320   -93.320
i,plon =   60   -93.280   -93.280
i,qlon =   61   -93.240   -93.240
i,plon =   61   -93.200   -93.200
i,qlon =   62   -93.160   -93.160
i,plon =   62   -93.120   -93.120
i,qlon =   63   -93.080   -93.080
i,plon =   63   -93.040   -93.040
i,qlon =   64   -93.000   -93.000
i,plon =   64   -92.960   -92.960
i,qlon =   65   -92.920   -92.920
i,plon =   65   -92.880   -92.880
i,qlon =   66   -92.840   -92.840
i,plon =   66   -92.800   -92.800
i,qlon =   67   -92.760   -92.760
i,plon =   67   -92.720   -92.720
i,qlon =   68   -92.680   -92.680
i,plon =   68   -92.640   -92.640
i,qlon =   69   -92.600   -92.600
i,plon =   69   -92.560   -92.560
i,qlon =   70   -92.520   -92.520
i,plon =   70   -92.480   -92.480
i,qlon =   71   -92.440   -92.440
i,plon =   71   -92.400   -92.400
i,qlon =   72   -92.360   -92.360
i,plon =   72   -92.320   -92.320
i,qlon =   73   -92.280   -92.280
i,plon =   73   -92.240   -92.240
i,qlon =   74   -92.200   -92.200
i,plon =   74   -92.160   -92.160
i,qlon =   75   -92.120   -92.120
i,plon =   75   -92.080   -92.080
i,qlon =   76   -92.040   -92.040
i,plon =   76   -92.000   -92.000
i,qlon =   77   -91.960   -91.960
i,plon =   77   -91.920   -91.920
i,qlon =   78   -91.880   -91.880
i,plon =   78   -91.840   -91.840
i,qlon =   79   -91.800   -91.800
i,plon =   79   -91.760   -91.760
i,qlon =   80   -91.720   -91.720
i,plon =   80   -91.680   -91.680
i,qlon =   81   -91.640   -91.640
i,plon =   81   -91.600   -91.600
i,qlon =   82   -91.560   -91.560
i,plon =   82   -91.520   -91.520
i,qlon =   83   -91.480   -91.480
i,plon =   83   -91.440   -91.440
i,qlon =   84   -91.400   -91.400
i,plon =   84   -91.360   -91.360
i,qlon =   85   -91.320   -91.320
i,plon =   85   -91.280   -91.280
i,qlon =   86   -91.240   -91.240
i,plon =   86   -91.200   -91.200
i,qlon =   87   -91.160   -91.160
i,plon =   87   -91.120   -91.120
i,qlon =   88   -91.080   -91.080
i,plon =   88   -91.040   -91.040
i,qlon =   89   -91.000   -91.000
i,plon =   89   -90.960   -90.960
i,qlon =   90   -90.920   -90.920
i,plon =   90   -90.880   -90.880
i,qlon =   91   -90.840   -90.840
i,plon =   91   -90.800   -90.800
i,qlon =   92   -90.760   -90.760
i,plon =   92   -90.720   -90.720
i,qlon =   93   -90.680   -90.680
i,plon =   93   -90.640   -90.640
i,qlon =   94   -90.600   -90.600
i,plon =   94   -90.560   -90.560
i,qlon =   95   -90.520   -90.520
i,plon =   95   -90.480   -90.480
i,qlon =   96   -90.440   -90.440
i,plon =   96   -90.400   -90.400
i,qlon =   97   -90.360   -90.360
i,plon =   97   -90.320   -90.320
i,qlon =   98   -90.280   -90.280
i,plon =   98   -90.240   -90.240
i,qlon =   99   -90.200   -90.200
i,plon =   99   -90.160   -90.160
i,qlon =  100   -90.120   -90.120
i,plon =  100   -90.080   -90.080
i,qlon =  101   -90.040   -90.040
i,plon =  101   -90.000   -90.000
i,qlon =  102   -89.960   -89.960
i,plon =  102   -89.920   -89.920
i,qlon =  103   -89.880   -89.880
i,plon =  103   -89.840   -89.840
i,qlon =  104   -89.800   -89.800
i,plon =  104   -89.760   -89.760
i,qlon =  105   -89.720   -89.720
i,plon =  105   -89.680   -89.680
i,qlon =  106   -89.640   -89.640
i,plon =  106   -89.600   -89.600
i,qlon =  107   -89.560   -89.560
i,plon =  107   -89.520   -89.520
i,qlon =  108   -89.480   -89.480
i,plon =  108   -89.440   -89.440
i,qlon =  109   -89.400   -89.400
i,plon =  109   -89.360   -89.360
i,qlon =  110   -89.320   -89.320
i,plon =  110   -89.280   -89.280
i,qlon =  111   -89.240   -89.240
i,plon =  111   -89.200   -89.200
i,qlon =  112   -89.160   -89.160
i,plon =  112   -89.120   -89.120
i,qlon =  113   -89.080   -89.080
i,plon =  113   -89.040   -89.040
i,qlon =  114   -89.000   -89.000
i,plon =  114   -88.960   -88.960
i,qlon =  115   -88.920   -88.920
i,plon =  115   -88.880   -88.880
i,qlon =  116   -88.840   -88.840
i,plon =  116   -88.800   -88.800
i,qlon =  117   -88.760   -88.760
i,plon =  117   -88.720   -88.720
i,qlon =  118   -88.680   -88.680
i,plon =  118   -88.640   -88.640
i,qlon =  119   -88.600   -88.600
i,plon =  119   -88.560   -88.560
i,qlon =  120   -88.520   -88.520
i,plon =  120   -88.480   -88.480
i,qlon =  121   -88.440   -88.440
i,plon =  121   -88.400   -88.400
i,qlon =  122   -88.360   -88.360
i,plon =  122   -88.320   -88.320
i,qlon =  123   -88.280   -88.280
i,plon =  123   -88.240   -88.240
i,qlon =  124   -88.200   -88.200
i,plon =  124   -88.160   -88.160
i,qlon =  125   -88.120   -88.120
i,plon =  125   -88.080   -88.080
i,qlon =  126   -88.040   -88.040
i,plon =  126   -88.000   -88.000
i,qlon =  127   -87.960   -87.960
i,plon =  127   -87.920   -87.920
i,qlon =  128   -87.880   -87.880
i,plon =  128   -87.840   -87.840
i,qlon =  129   -87.800   -87.800
i,plon =  129   -87.760   -87.760
i,qlon =  130   -87.720   -87.720
i,plon =  130   -87.680   -87.680
i,qlon =  131   -87.640   -87.640
i,plon =  131   -87.600   -87.600
i,qlon =  132   -87.560   -87.560
i,plon =  132   -87.520   -87.520
i,qlon =  133   -87.480   -87.480
i,plon =  133   -87.440   -87.440
i,qlon =  134   -87.400   -87.400
i,plon =  134   -87.360   -87.360
i,qlon =  135   -87.320   -87.320
i,plon =  135   -87.280   -87.280
i,qlon =  136   -87.240   -87.240
i,plon =  136   -87.200   -87.200
i,qlon =  137   -87.160   -87.160
i,plon =  137   -87.120   -87.120
i,qlon =  138   -87.080   -87.080
i,plon =  138   -87.040   -87.040
i,qlon =  139   -87.000   -87.000
i,plon =  139   -86.960   -86.960
i,qlon =  140   -86.920   -86.920
i,plon =  140   -86.880   -86.880
i,qlon =  141   -86.840   -86.840
i,plon =  141   -86.800   -86.800
i,qlon =  142   -86.760   -86.760
i,plon =  142   -86.720   -86.720
i,qlon =  143   -86.680   -86.680
i,plon =  143   -86.640   -86.640
i,qlon =  144   -86.600   -86.600
i,plon =  144   -86.560   -86.560
i,qlon =  145   -86.520   -86.520
i,plon =  145   -86.480   -86.480
i,qlon =  146   -86.440   -86.440
i,plon =  146   -86.400   -86.400
i,qlon =  147   -86.360   -86.360
i,plon =  147   -86.320   -86.320
i,qlon =  148   -86.280   -86.280
i,plon =  148   -86.240   -86.240
i,qlon =  149   -86.200   -86.200
i,plon =  149   -86.160   -86.160
i,qlon =  150   -86.120   -86.120
i,plon =  150   -86.080   -86.080
i,qlon =  151   -86.040   -86.040
i,plon =  151   -86.000   -86.000
i,qlon =  152   -85.960   -85.960
i,plon =  152   -85.920   -85.920
i,qlon =  153   -85.880   -85.880
i,plon =  153   -85.840   -85.840
i,qlon =  154   -85.800   -85.800
i,plon =  154   -85.760   -85.760
i,qlon =  155   -85.720   -85.720
i,plon =  155   -85.680   -85.680
i,qlon =  156   -85.640   -85.640
i,plon =  156   -85.600   -85.600
i,qlon =  157   -85.560   -85.560
i,plon =  157   -85.520   -85.520
i,qlon =  158   -85.480   -85.480
i,plon =  158   -85.440   -85.440
i,qlon =  159   -85.400   -85.400
i,plon =  159   -85.360   -85.360
i,qlon =  160   -85.320   -85.320
i,plon =  160   -85.280   -85.280
i,qlon =  161   -85.240   -85.240
i,plon =  161   -85.200   -85.200
i,qlon =  162   -85.160   -85.160
i,plon =  162   -85.120   -85.120
i,qlon =  163   -85.080   -85.080
i,plon =  163   -85.040   -85.040
i,qlon =  164   -85.000   -85.000
i,plon =  164   -84.960   -84.960
i,qlon =  165   -84.920   -84.920
i,plon =  165   -84.880   -84.880
i,qlon =  166   -84.840   -84.840
i,plon =  166   -84.800   -84.800
i,qlon =  167   -84.760   -84.760
i,plon =  167   -84.720   -84.720
i,qlon =  168   -84.680   -84.680
i,plon =  168   -84.640   -84.640
i,qlon =  169   -84.600   -84.600
i,plon =  169   -84.560   -84.560
i,qlon =  170   -84.520   -84.520
i,plon =  170   -84.480   -84.480
i,qlon =  171   -84.440   -84.440
i,plon =  171   -84.400   -84.400
i,qlon =  172   -84.360   -84.360
i,plon =  172   -84.320   -84.320
i,qlon =  173   -84.280   -84.280
i,plon =  173   -84.240   -84.240
i,qlon =  174   -84.200   -84.200
i,plon =  174   -84.160   -84.160
i,qlon =  175   -84.120   -84.120
i,plon =  175   -84.080   -84.080
i,qlon =  176   -84.040   -84.040
i,plon =  176   -84.000   -84.000
i,qlon =  177   -83.960   -83.960
i,plon =  177   -83.920   -83.920
i,qlon =  178   -83.880   -83.880
i,plon =  178   -83.840   -83.840
i,qlon =  179   -83.800   -83.800
i,plon =  179   -83.760   -83.760
i,qlon =  180   -83.720   -83.720
i,plon =  180   -83.680   -83.680
i,qlon =  181   -83.640   -83.640
i,plon =  181   -83.600   -83.600
i,qlon =  182   -83.560   -83.560
i,plon =  182   -83.520   -83.520
i,qlon =  183   -83.480   -83.480
i,plon =  183   -83.440   -83.440
i,qlon =  184   -83.400   -83.400
i,plon =  184   -83.360   -83.360
i,qlon =  185   -83.320   -83.320
i,plon =  185   -83.280   -83.280
i,qlon =  186   -83.240   -83.240
i,plon =  186   -83.200   -83.200
i,qlon =  187   -83.160   -83.160
i,plon =  187   -83.120   -83.120
i,qlon =  188   -83.080   -83.080
i,plon =  188   -83.040   -83.040
i,qlon =  189   -83.000   -83.000
i,plon =  189   -82.960   -82.960
i,qlon =  190   -82.920   -82.920
i,plon =  190   -82.880   -82.880
i,qlon =  191   -82.840   -82.840
i,plon =  191   -82.800   -82.800
i,qlon =  192   -82.760   -82.760
i,plon =  192   -82.720   -82.720
i,qlon =  193   -82.680   -82.680
i,plon =  193   -82.640   -82.640
i,qlon =  194   -82.600   -82.600
i,plon =  194   -82.560   -82.560
i,qlon =  195   -82.520   -82.520
i,plon =  195   -82.480   -82.480
i,qlon =  196   -82.440   -82.440
i,plon =  196   -82.400   -82.400
i,qlon =  197   -82.360   -82.360
i,plon =  197   -82.320   -82.320
i,qlon =  198   -82.280   -82.280
i,plon =  198   -82.240   -82.240
i,qlon =  199   -82.200   -82.200
i,plon =  199   -82.160   -82.160
i,qlon =  200   -82.120   -82.120
i,plon =  200   -82.080   -82.080
i,qlon =  201   -82.040   -82.040
i,plon =  201   -82.000   -82.000
i,qlon =  202   -81.960   -81.960
i,plon =  202   -81.920   -81.920
i,qlon =  203   -81.880   -81.880
i,plon =  203   -81.840   -81.840
i,qlon =  204   -81.800   -81.800
i,plon =  204   -81.760   -81.760
i,qlon =  205   -81.720   -81.720
i,plon =  205   -81.680   -81.680
i,qlon =  206   -81.640   -81.640
i,plon =  206   -81.600   -81.600
i,qlon =  207   -81.560   -81.560
i,plon =  207   -81.520   -81.520
i,qlon =  208   -81.480   -81.480
i,plon =  208   -81.440   -81.440
i,qlon =  209   -81.400   -81.400
i,plon =  209   -81.360   -81.360
i,qlon =  210   -81.320   -81.320
i,plon =  210   -81.280   -81.280
i,qlon =  211   -81.240   -81.240
i,plon =  211   -81.200   -81.200
i,qlon =  212   -81.160   -81.160
i,plon =  212   -81.120   -81.120
i,qlon =  213   -81.080   -81.080
i,plon =  213   -81.040   -81.040
i,qlon =  214   -81.000   -81.000
i,plon =  214   -80.960   -80.960
i,qlon =  215   -80.920   -80.920
i,plon =  215   -80.880   -80.880
i,qlon =  216   -80.840   -80.840
i,plon =  216   -80.800   -80.800
i,qlon =  217   -80.760   -80.760
i,plon =  217   -80.720   -80.720
i,qlon =  218   -80.680   -80.680
i,plon =  218   -80.640   -80.640
i,qlon =  219   -80.600   -80.600
i,plon =  219   -80.560   -80.560
i,qlon =  220   -80.520   -80.520
i,plon =  220   -80.480   -80.480
i,qlon =  221   -80.440   -80.440
i,plon =  221   -80.400   -80.400
i,qlon =  222   -80.360   -80.360
i,plon =  222   -80.320   -80.320
i,qlon =  223   -80.280   -80.280
i,plon =  223   -80.240   -80.240
i,qlon =  224   -80.200   -80.200
i,plon =  224   -80.160   -80.160
i,qlon =  225   -80.120   -80.120
i,plon =  225   -80.080   -80.080
i,qlon =  226   -80.040   -80.040
i,plon =  226   -80.000   -80.000
i,qlon =  227   -79.960   -79.960
i,plon =  227   -79.920   -79.920
i,qlon =  228   -79.880   -79.880
i,plon =  228   -79.840   -79.840
i,qlon =  229   -79.800   -79.800
i,plon =  229   -79.760   -79.760
i,qlon =  230   -79.720   -79.720
i,plon =  230   -79.680   -79.680
i,qlon =  231   -79.640   -79.640
i,plon =  231   -79.600   -79.600
i,qlon =  232   -79.560   -79.560
i,plon =  232   -79.520   -79.520
i,qlon =  233   -79.480   -79.480
i,plon =  233   -79.440   -79.440
i,qlon =  234   -79.400   -79.400
i,plon =  234   -79.360   -79.360
i,qlon =  235   -79.320   -79.320
i,plon =  235   -79.280   -79.280
i,qlon =  236   -79.240   -79.240
i,plon =  236   -79.200   -79.200
i,qlon =  237   -79.160   -79.160
i,plon =  237   -79.120   -79.120
i,qlon =  238   -79.080   -79.080
i,plon =  238   -79.040   -79.040
i,qlon =  239   -79.000   -79.000
i,plon =  239   -78.960   -78.960
i,qlon =  240   -78.920   -78.920
i,plon =  240   -78.880   -78.880
i,qlon =  241   -78.840   -78.840
i,plon =  241   -78.800   -78.800
i,qlon =  242   -78.760   -78.760
i,plon =  242   -78.720   -78.720
i,qlon =  243   -78.680   -78.680
i,plon =  243   -78.640   -78.640
i,qlon =  244   -78.600   -78.600
i,plon =  244   -78.560   -78.560
i,qlon =  245   -78.520   -78.520
i,plon =  245   -78.480   -78.480
i,qlon =  246   -78.440   -78.440
i,plon =  246   -78.400   -78.400
i,qlon =  247   -78.360   -78.360
i,plon =  247   -78.320   -78.320
i,qlon =  248   -78.280   -78.280
i,plon =  248   -78.240   -78.240
i,qlon =  249   -78.200   -78.200
i,plon =  249   -78.160   -78.160
i,qlon =  250   -78.120   -78.120
i,plon =  250   -78.080   -78.080
i,qlon =  251   -78.040   -78.040
i,plon =  251   -78.000   -78.000
i,qlon =  252   -77.960   -77.960
i,plon =  252   -77.920   -77.920
i,qlon =  253   -77.880   -77.880
i,plon =  253   -77.840   -77.840
i,qlon =  254   -77.800   -77.800
i,plon =  254   -77.760   -77.760
i,qlon =  255   -77.720   -77.720
i,plon =  255   -77.680   -77.680
i,qlon =  256   -77.640   -77.640
i,plon =  256   -77.600   -77.600
i,qlon =  257   -77.560   -77.560
i,plon =  257   -77.520   -77.520
i,qlon =  258   -77.480   -77.480
i,plon =  258   -77.440   -77.440
i,qlon =  259   -77.400   -77.400
i,plon =  259   -77.360   -77.360
i,qlon =  260   -77.320   -77.320
i,plon =  260   -77.280   -77.280
i,qlon =  261   -77.240   -77.240
i,plon =  261   -77.200   -77.200
i,qlon =  262   -77.160   -77.160
i,plon =  262   -77.120   -77.120
i,qlon =  263   -77.080   -77.080
i,plon =  263   -77.040   -77.040

  263    'idm   ' = longitudinal array size
  193    'jdm   ' = latitudinal  array size
    0    'mapflg' = map flag (-1=unknown,0=mercator,...)
plon:  min,max =       -98.00000      -77.04000
plat:  min,max =        18.09165       31.96065
qlon:  min,max =       -98.04000      -77.08000
qlat:  min,max =        18.05362       31.92670
ulon:  min,max =       -98.04000      -77.08000
ulat:  min,max =        18.09165       31.96065
vlon:  min,max =       -98.00000      -77.04000
vlat:  min,max =        18.05362       31.92670
pang:  min,max =         0.00000        0.00000


j,vy =    1   8457.64   8457.64      0.00
j,vx =    1   8457.64   8457.64      0.00
j,uy =    1   8455.81   8455.81      0.00
j,ux =    1   8455.81   8455.81      0.00
j,vy =    2   8453.97   8453.97      0.00
j,vx =    2   8453.97   8453.97      0.00
j,uy =    2   8452.13   8452.13      0.00
j,ux =    2   8452.13   8452.13      0.00
j,vy =    3   8450.29   8450.29      0.00
j,vx =    3   8450.29   8450.29      0.00
j,uy =    3   8448.45   8448.45      0.00
j,ux =    3   8448.45   8448.45      0.00
j,vy =    4   8446.60   8446.60      0.00
j,vx =    4   8446.60   8446.60      0.00
j,uy =    4   8444.75   8444.75      0.00
j,ux =    4   8444.75   8444.75      0.00
j,vy =    5   8442.89   8442.89      0.00
j,vx =    5   8442.89   8442.89      0.00
j,uy =    5   8441.03   8441.03      0.00
j,ux =    5   8441.03   8441.03      0.00
j,vy =    6   8439.17   8439.17      0.00
j,vx =    6   8439.17   8439.17      0.00
j,uy =    6   8437.31   8437.31      0.00
j,ux =    6   8437.31   8437.31      0.00
j,vy =    7   8435.44   8435.44      0.00
j,vx =    7   8435.44   8435.44      0.00
j,uy =    7   8433.57   8433.57      0.00
j,ux =    7   8433.57   8433.57      0.00
j,vy =    8   8431.69   8431.69      0.00
j,vx =    8   8431.69   8431.69      0.00
j,uy =    8   8429.82   8429.82      0.00
j,ux =    8   8429.82   8429.82      0.00
j,vy =    9   8427.94   8427.94      0.00
j,vx =    9   8427.94   8427.94      0.00
j,uy =    9   8426.05   8426.05      0.00
j,ux =    9   8426.05   8426.05      0.00
j,vy =   10   8424.16   8424.16      0.00
j,vx =   10   8424.16   8424.16      0.00
j,uy =   10   8422.27   8422.27      0.00
j,ux =   10   8422.27   8422.27      0.00
j,vy =   11   8420.38   8420.38      0.00
j,vx =   11   8420.38   8420.38      0.00
j,uy =   11   8418.48   8418.48      0.00
j,ux =   11   8418.48   8418.48      0.00
j,vy =   12   8416.58   8416.58      0.00
j,vx =   12   8416.58   8416.58      0.00
j,uy =   12   8414.68   8414.68      0.00
j,ux =   12   8414.68   8414.68      0.00
j,vy =   13   8412.77   8412.77      0.00
j,vx =   13   8412.77   8412.77      0.00
j,uy =   13   8410.86   8410.86      0.00
j,ux =   13   8410.86   8410.86      0.00
j,vy =   14   8408.95   8408.95      0.00
j,vx =   14   8408.95   8408.95      0.00
j,uy =   14   8407.03   8407.03      0.00
j,ux =   14   8407.03   8407.03      0.00
j,vy =   15   8405.11   8405.11      0.00
j,vx =   15   8405.11   8405.11      0.00
j,uy =   15   8403.19   8403.19      0.00
j,ux =   15   8403.19   8403.19      0.00
j,vy =   16   8401.26   8401.26      0.00
j,vx =   16   8401.26   8401.26      0.00
j,uy =   16   8399.33   8399.33      0.00
j,ux =   16   8399.33   8399.33      0.00
j,vy =   17   8397.40   8397.40      0.00
j,vx =   17   8397.40   8397.40      0.00
j,uy =   17   8395.46   8395.46      0.00
j,ux =   17   8395.46   8395.46      0.00
j,vy =   18   8393.52   8393.52      0.00
j,vx =   18   8393.52   8393.52      0.00
j,uy =   18   8391.58   8391.58      0.00
j,ux =   18   8391.58   8391.58      0.00
j,vy =   19   8389.64   8389.64      0.00
j,vx =   19   8389.64   8389.64      0.00
j,uy =   19   8387.69   8387.69      0.00
j,ux =   19   8387.69   8387.69      0.00
j,vy =   20   8385.73   8385.73      0.00
j,vx =   20   8385.73   8385.73      0.00
j,uy =   20   8383.78   8383.78      0.00
j,ux =   20   8383.78   8383.78      0.00
j,vy =   21   8381.82   8381.82      0.00
j,vx =   21   8381.82   8381.82      0.00
j,uy =   21   8379.86   8379.86      0.00
j,ux =   21   8379.86   8379.86      0.00
j,vy =   22   8377.89   8377.89      0.00
j,vx =   22   8377.90   8377.90      0.00
j,uy =   22   8375.93   8375.93      0.00
j,ux =   22   8375.93   8375.93      0.00
j,vy =   23   8373.96   8373.96      0.00
j,vx =   23   8373.96   8373.96      0.00
j,uy =   23   8371.98   8371.98      0.00
j,ux =   23   8371.98   8371.98      0.00
j,vy =   24   8370.00   8370.00      0.00
j,vx =   24   8370.01   8370.01      0.00
j,uy =   24   8368.02   8368.02      0.00
j,ux =   24   8368.02   8368.02      0.00
j,vy =   25   8366.04   8366.04      0.00
j,vx =   25   8366.04   8366.04      0.00
j,uy =   25   8364.05   8364.05      0.00
j,ux =   25   8364.05   8364.05      0.00
j,vy =   26   8362.06   8362.06      0.00
j,vx =   26   8362.06   8362.06      0.00
j,uy =   26   8360.07   8360.07      0.00
j,ux =   26   8360.07   8360.07      0.00
j,vy =   27   8358.08   8358.08      0.00
j,vx =   27   8358.08   8358.08      0.00
j,uy =   27   8356.08   8356.08      0.00
j,ux =   27   8356.08   8356.08      0.00
j,vy =   28   8354.07   8354.07      0.00
j,vx =   28   8354.07   8354.07      0.00
j,uy =   28   8352.07   8352.07      0.00
j,ux =   28   8352.07   8352.07      0.00
j,vy =   29   8350.06   8350.06      0.00
j,vx =   29   8350.06   8350.06      0.00
j,uy =   29   8348.05   8348.05      0.00
j,ux =   29   8348.05   8348.05      0.00
j,vy =   30   8346.03   8346.03      0.00
j,vx =   30   8346.03   8346.03      0.00
j,uy =   30   8344.02   8344.02      0.00
j,ux =   30   8344.02   8344.02      0.00
j,vy =   31   8342.00   8342.00      0.00
j,vx =   31   8342.00   8342.00      0.00
j,uy =   31   8339.97   8339.97      0.00
j,ux =   31   8339.97   8339.97      0.00
j,vy =   32   8337.94   8337.94      0.00
j,vx =   32   8337.94   8337.94      0.00
j,uy =   32   8335.91   8335.91      0.00
j,ux =   32   8335.91   8335.91      0.00
j,vy =   33   8333.88   8333.88      0.00
j,vx =   33   8333.88   8333.88      0.00
j,uy =   33   8331.84   8331.84      0.00
j,ux =   33   8331.85   8331.85      0.00
j,vy =   34   8329.81   8329.81      0.00
j,vx =   34   8329.81   8329.81      0.00
j,uy =   34   8327.76   8327.76      0.00
j,ux =   34   8327.76   8327.76      0.00
j,vy =   35   8325.72   8325.72      0.00
j,vx =   35   8325.72   8325.72      0.00
j,uy =   35   8323.67   8323.67      0.00
j,ux =   35   8323.67   8323.67      0.00
j,vy =   36   8321.62   8321.62      0.00
j,vx =   36   8321.62   8321.62      0.00
j,uy =   36   8319.56   8319.56      0.00
j,ux =   36   8319.56   8319.56      0.00
j,vy =   37   8317.51   8317.51      0.00
j,vx =   37   8317.51   8317.51      0.00
j,uy =   37   8315.45   8315.45      0.00
j,ux =   37   8315.45   8315.45      0.00
j,vy =   38   8313.38   8313.38      0.00
j,vx =   38   8313.38   8313.38      0.00
j,uy =   38   8311.31   8311.31      0.00
j,ux =   38   8311.31   8311.31      0.00
j,vy =   39   8309.24   8309.24      0.00
j,vx =   39   8309.25   8309.25      0.00
j,uy =   39   8307.17   8307.17      0.00
j,ux =   39   8307.17   8307.17      0.00
j,vy =   40   8305.10   8305.10      0.00
j,vx =   40   8305.10   8305.10      0.00
j,uy =   40   8303.02   8303.02      0.00
j,ux =   40   8303.02   8303.02      0.00
j,vy =   41   8300.94   8300.94      0.00
j,vx =   41   8300.94   8300.94      0.00
j,uy =   41   8298.85   8298.85      0.00
j,ux =   41   8298.85   8298.85      0.00
j,vy =   42   8296.76   8296.76      0.00
j,vx =   42   8296.76   8296.76      0.00
j,uy =   42   8294.67   8294.67      0.00
j,ux =   42   8294.67   8294.67      0.00
j,vy =   43   8292.58   8292.58      0.00
j,vx =   43   8292.58   8292.58      0.00
j,uy =   43   8290.48   8290.48      0.00
j,ux =   43   8290.48   8290.48      0.00
j,vy =   44   8288.38   8288.38      0.00
j,vx =   44   8288.38   8288.38      0.00
j,uy =   44   8286.28   8286.28      0.00
j,ux =   44   8286.28   8286.28      0.00
j,vy =   45   8284.17   8284.17      0.00
j,vx =   45   8284.17   8284.17      0.00
j,uy =   45   8282.07   8282.07      0.00
j,ux =   45   8282.07   8282.07      0.00
j,vy =   46   8279.95   8279.95      0.00
j,vx =   46   8279.95   8279.95      0.00
j,uy =   46   8277.84   8277.84      0.00
j,ux =   46   8277.84   8277.84      0.00
j,vy =   47   8275.72   8275.72      0.00
j,vx =   47   8275.72   8275.72      0.00
j,uy =   47   8273.60   8273.60      0.00
j,ux =   47   8273.60   8273.60      0.00
j,vy =   48   8271.48   8271.48      0.00
j,vx =   48   8271.48   8271.48      0.00
j,uy =   48   8269.35   8269.35      0.00
j,ux =   48   8269.35   8269.35      0.00
j,vy =   49   8267.22   8267.22      0.00
j,vx =   49   8267.22   8267.22      0.00
j,uy =   49   8265.09   8265.09      0.00
j,ux =   49   8265.09   8265.09      0.00
j,vy =   50   8262.96   8262.96      0.00
j,vx =   50   8262.96   8262.96      0.00
j,uy =   50   8260.82   8260.82      0.00
j,ux =   50   8260.82   8260.82      0.00
j,vy =   51   8258.68   8258.68      0.00
j,vx =   51   8258.68   8258.68      0.00
j,uy =   51   8256.53   8256.53      0.00
j,ux =   51   8256.53   8256.53      0.00
j,vy =   52   8254.39   8254.39      0.00
j,vx =   52   8254.39   8254.39      0.00
j,uy =   52   8252.24   8252.24      0.00
j,ux =   52   8252.24   8252.24      0.00
j,vy =   53   8250.08   8250.08      0.00
j,vx =   53   8250.08   8250.08      0.00
j,uy =   53   8247.93   8247.93      0.00
j,ux =   53   8247.93   8247.93      0.00
j,vy =   54   8245.77   8245.77      0.00
j,vx =   54   8245.77   8245.77      0.00
j,uy =   54   8243.61   8243.61      0.00
j,ux =   54   8243.61   8243.61      0.00
j,vy =   55   8241.44   8241.44      0.00
j,vx =   55   8241.44   8241.44      0.00
j,uy =   55   8239.28   8239.28      0.00
j,ux =   55   8239.28   8239.28      0.00
j,vy =   56   8237.11   8237.11      0.00
j,vx =   56   8237.11   8237.11      0.00
j,uy =   56   8234.93   8234.93      0.00
j,ux =   56   8234.94   8234.94      0.00
j,vy =   57   8232.76   8232.76      0.00
j,vx =   57   8232.76   8232.76      0.00
j,uy =   57   8230.58   8230.58      0.00
j,ux =   57   8230.58   8230.58      0.00
j,vy =   58   8228.40   8228.40      0.00
j,vx =   58   8228.40   8228.40      0.00
j,uy =   58   8226.22   8226.22      0.00
j,ux =   58   8226.22   8226.22      0.00
j,vy =   59   8224.03   8224.03      0.00
j,vx =   59   8224.03   8224.03      0.00
j,uy =   59   8221.84   8221.84      0.00
j,ux =   59   8221.84   8221.84      0.00
j,vy =   60   8219.65   8219.65      0.00
j,vx =   60   8219.65   8219.65      0.00
j,uy =   60   8217.45   8217.45      0.00
j,ux =   60   8217.45   8217.45      0.00
j,vy =   61   8215.25   8215.25      0.00
j,vx =   61   8215.25   8215.25      0.00
j,uy =   61   8213.05   8213.05      0.00
j,ux =   61   8213.05   8213.05      0.00
j,vy =   62   8210.85   8210.85      0.00
j,vx =   62   8210.85   8210.85      0.00
j,uy =   62   8208.64   8208.64      0.00
j,ux =   62   8208.64   8208.64      0.00
j,vy =   63   8206.43   8206.43      0.00
j,vx =   63   8206.43   8206.43      0.00
j,uy =   63   8204.22   8204.22      0.00
j,ux =   63   8204.22   8204.22      0.00
j,vy =   64   8202.00   8202.00      0.00
j,vx =   64   8202.00   8202.00      0.00
j,uy =   64   8199.78   8199.78      0.00
j,ux =   64   8199.78   8199.78      0.00
j,vy =   65   8197.56   8197.56      0.00
j,vx =   65   8197.56   8197.56      0.00
j,uy =   65   8195.34   8195.34      0.00
j,ux =   65   8195.34   8195.34      0.00
j,vy =   66   8193.11   8193.11      0.00
j,vx =   66   8193.11   8193.11      0.00
j,uy =   66   8190.88   8190.88      0.00
j,ux =   66   8190.88   8190.88      0.00
j,vy =   67   8188.65   8188.65      0.00
j,vx =   67   8188.65   8188.65      0.00
j,uy =   67   8186.42   8186.42      0.00
j,ux =   67   8186.42   8186.42      0.00
j,vy =   68   8184.18   8184.18      0.00
j,vx =   68   8184.18   8184.18      0.00
j,uy =   68   8181.94   8181.94      0.00
j,ux =   68   8181.94   8181.94      0.00
j,vy =   69   8179.70   8179.70      0.00
j,vx =   69   8179.70   8179.70      0.00
j,uy =   69   8177.45   8177.45      0.00
j,ux =   69   8177.45   8177.45      0.00
j,vy =   70   8175.20   8175.20      0.00
j,vx =   70   8175.20   8175.20      0.00
j,uy =   70   8172.95   8172.95      0.00
j,ux =   70   8172.95   8172.95      0.00
j,vy =   71   8170.70   8170.70      0.00
j,vx =   71   8170.70   8170.70      0.00
j,uy =   71   8168.44   8168.44      0.00
j,ux =   71   8168.44   8168.44      0.00
j,vy =   72   8166.18   8166.18      0.00
j,vx =   72   8166.18   8166.18      0.00
j,uy =   72   8163.92   8163.92      0.00
j,ux =   72   8163.92   8163.92      0.00
j,vy =   73   8161.65   8161.65      0.00
j,vx =   73   8161.65   8161.65      0.00
j,uy =   73   8159.39   8159.39      0.00
j,ux =   73   8159.39   8159.39      0.00
j,vy =   74   8157.11   8157.11      0.00
j,vx =   74   8157.11   8157.11      0.00
j,uy =   74   8154.84   8154.84      0.00
j,ux =   74   8154.84   8154.84      0.00
j,vy =   75   8152.57   8152.57      0.00
j,vx =   75   8152.57   8152.57      0.00
j,uy =   75   8150.29   8150.29      0.00
j,ux =   75   8150.29   8150.29      0.00
j,vy =   76   8148.01   8148.01      0.00
j,vx =   76   8148.01   8148.01      0.00
j,uy =   76   8145.72   8145.72      0.00
j,ux =   76   8145.72   8145.72      0.00
j,vy =   77   8143.44   8143.44      0.00
j,vx =   77   8143.44   8143.44      0.00
j,uy =   77   8141.15   8141.15      0.00
j,ux =   77   8141.15   8141.15      0.00
j,vy =   78   8138.85   8138.85      0.00
j,vx =   78   8138.85   8138.85      0.00
j,uy =   78   8136.56   8136.56      0.00
j,ux =   78   8136.56   8136.56      0.00
j,vy =   79   8134.26   8134.26      0.00
j,vx =   79   8134.26   8134.26      0.00
j,uy =   79   8131.96   8131.96      0.00
j,ux =   79   8131.96   8131.96      0.00
j,vy =   80   8129.66   8129.66      0.00
j,vx =   80   8129.66   8129.66      0.00
j,uy =   80   8127.35   8127.35      0.00
j,ux =   80   8127.35   8127.35      0.00
j,vy =   81   8125.05   8125.05      0.00
j,vx =   81   8125.05   8125.05      0.00
j,uy =   81   8122.74   8122.74      0.00
j,ux =   81   8122.74   8122.74      0.00
j,vy =   82   8120.42   8120.42      0.00
j,vx =   82   8120.42   8120.42      0.00
j,uy =   82   8118.11   8118.11      0.00
j,ux =   82   8118.11   8118.11      0.00
j,vy =   83   8115.79   8115.79      0.00
j,vx =   83   8115.79   8115.79      0.00
j,uy =   83   8113.47   8113.47      0.00
j,ux =   83   8113.47   8113.47      0.00
j,vy =   84   8111.14   8111.14      0.00
j,vx =   84   8111.14   8111.14      0.00
j,uy =   84   8108.82   8108.82      0.00
j,ux =   84   8108.82   8108.82      0.00
j,vy =   85   8106.49   8106.49      0.00
j,vx =   85   8106.49   8106.49      0.00
j,uy =   85   8104.16   8104.16      0.00
j,ux =   85   8104.16   8104.16      0.00
j,vy =   86   8101.82   8101.82      0.00
j,vx =   86   8101.82   8101.82      0.00
j,uy =   86   8099.49   8099.49      0.00
j,ux =   86   8099.49   8099.49      0.00
j,vy =   87   8097.15   8097.15      0.00
j,vx =   87   8097.15   8097.15      0.00
j,uy =   87   8094.80   8094.80      0.00
j,ux =   87   8094.80   8094.80      0.00
j,vy =   88   8092.46   8092.46      0.00
j,vx =   88   8092.46   8092.46      0.00
j,uy =   88   8090.11   8090.11      0.00
j,ux =   88   8090.11   8090.11      0.00
j,vy =   89   8087.76   8087.76      0.00
j,vx =   89   8087.76   8087.76      0.00
j,uy =   89   8085.41   8085.41      0.00
j,ux =   89   8085.41   8085.41      0.00
j,vy =   90   8083.05   8083.05      0.00
j,vx =   90   8083.05   8083.05      0.00
j,uy =   90   8080.70   8080.70      0.00
j,ux =   90   8080.70   8080.70      0.00
j,vy =   91   8078.34   8078.34      0.00
j,vx =   91   8078.34   8078.34      0.00
j,uy =   91   8075.97   8075.97      0.00
j,ux =   91   8075.97   8075.97      0.00
j,vy =   92   8073.61   8073.61      0.00
j,vx =   92   8073.61   8073.61      0.00
j,uy =   92   8071.24   8071.24      0.00
j,ux =   92   8071.24   8071.24      0.00
j,vy =   93   8068.87   8068.87      0.00
j,vx =   93   8068.87   8068.87      0.00
j,uy =   93   8066.50   8066.50      0.00
j,ux =   93   8066.50   8066.50      0.00
j,vy =   94   8064.12   8064.12      0.00
j,vx =   94   8064.12   8064.12      0.00
j,uy =   94   8061.75   8061.75      0.00
j,ux =   94   8061.75   8061.75      0.00
j,vy =   95   8059.37   8059.37      0.00
j,vx =   95   8059.37   8059.37      0.00
j,uy =   95   8056.98   8056.98      0.00
j,ux =   95   8056.98   8056.98      0.00
j,vy =   96   8054.60   8054.60      0.00
j,vx =   96   8054.60   8054.60      0.00
j,uy =   96   8052.21   8052.21      0.00
j,ux =   96   8052.21   8052.21      0.00
j,vy =   97   8049.82   8049.82      0.00
j,vx =   97   8049.82   8049.82      0.00
j,uy =   97   8047.43   8047.43      0.00
j,ux =   97   8047.43   8047.43      0.00
j,vy =   98   8045.03   8045.03      0.00
j,vx =   98   8045.03   8045.03      0.00
j,uy =   98   8042.63   8042.63      0.00
j,ux =   98   8042.63   8042.63      0.00
j,vy =   99   8040.23   8040.23      0.00
j,vx =   99   8040.23   8040.23      0.00
j,uy =   99   8037.83   8037.83      0.00
j,ux =   99   8037.83   8037.83      0.00
j,vy =  100   8035.42   8035.42      0.00
j,vx =  100   8035.42   8035.42      0.00
j,uy =  100   8033.02   8033.02      0.00
j,ux =  100   8033.02   8033.02      0.00
j,vy =  101   8030.61   8030.61      0.00
j,vx =  101   8030.61   8030.61      0.00
j,uy =  101   8028.19   8028.19      0.00
j,ux =  101   8028.19   8028.19      0.00
j,vy =  102   8025.78   8025.78      0.00
j,vx =  102   8025.78   8025.78      0.00
j,uy =  102   8023.36   8023.36      0.00
j,ux =  102   8023.36   8023.36      0.00
j,vy =  103   8020.94   8020.94      0.00
j,vx =  103   8020.94   8020.94      0.00
j,uy =  103   8018.52   8018.52      0.00
j,ux =  103   8018.52   8018.52      0.00
j,vy =  104   8016.09   8016.09      0.00
j,vx =  104   8016.09   8016.09      0.00
j,uy =  104   8013.66   8013.66      0.00
j,ux =  104   8013.66   8013.66      0.00
j,vy =  105   8011.23   8011.23      0.00
j,vx =  105   8011.23   8011.23      0.00
j,uy =  105   8008.80   8008.80      0.00
j,ux =  105   8008.80   8008.80      0.00
j,vy =  106   8006.37   8006.37      0.00
j,vx =  106   8006.37   8006.37      0.00
j,uy =  106   8003.93   8003.93      0.00
j,ux =  106   8003.93   8003.93      0.00
j,vy =  107   8001.49   8001.49      0.00
j,vx =  107   8001.49   8001.49      0.00
j,uy =  107   7999.05   7999.05      0.00
j,ux =  107   7999.05   7999.05      0.00
j,vy =  108   7996.60   7996.60      0.00
j,vx =  108   7996.60   7996.60      0.00
j,uy =  108   7994.16   7994.16      0.00
j,ux =  108   7994.16   7994.16      0.00
j,vy =  109   7991.71   7991.71      0.00
j,vx =  109   7991.71   7991.71      0.00
j,uy =  109   7989.26   7989.26      0.00
j,ux =  109   7989.26   7989.26      0.00
j,vy =  110   7986.80   7986.80      0.00
j,vx =  110   7986.80   7986.80      0.00
j,uy =  110   7984.35   7984.35      0.00
j,ux =  110   7984.35   7984.35      0.00
j,vy =  111   7981.89   7981.89      0.00
j,vx =  111   7981.89   7981.89      0.00
j,uy =  111   7979.43   7979.43      0.00
j,ux =  111   7979.43   7979.43      0.00
j,vy =  112   7976.96   7976.96      0.00
j,vx =  112   7976.96   7976.96      0.00
j,uy =  112   7974.50   7974.50      0.00
j,ux =  112   7974.50   7974.50      0.00
j,vy =  113   7972.03   7972.03      0.00
j,vx =  113   7972.03   7972.03      0.00
j,uy =  113   7969.56   7969.56      0.00
j,ux =  113   7969.56   7969.56      0.00
j,vy =  114   7967.09   7967.09      0.00
j,vx =  114   7967.09   7967.09      0.00
j,uy =  114   7964.61   7964.61      0.00
j,ux =  114   7964.61   7964.61      0.00
j,vy =  115   7962.13   7962.13      0.00
j,vx =  115   7962.13   7962.13      0.00
j,uy =  115   7959.65   7959.65      0.00
j,ux =  115   7959.65   7959.65      0.00
j,vy =  116   7957.17   7957.17      0.00
j,vx =  116   7957.17   7957.17      0.00
j,uy =  116   7954.69   7954.69      0.00
j,ux =  116   7954.69   7954.69      0.00
j,vy =  117   7952.20   7952.20      0.00
j,vx =  117   7952.20   7952.20      0.00
j,uy =  117   7949.71   7949.71      0.00
j,ux =  117   7949.71   7949.71      0.00
j,vy =  118   7947.22   7947.22      0.00
j,vx =  118   7947.22   7947.22      0.00
j,uy =  118   7944.72   7944.72      0.00
j,ux =  118   7944.72   7944.72      0.00
j,vy =  119   7942.23   7942.23      0.00
j,vx =  119   7942.23   7942.23      0.00
j,uy =  119   7939.73   7939.73      0.00
j,ux =  119   7939.73   7939.73      0.00
j,vy =  120   7937.23   7937.23      0.00
j,vx =  120   7937.23   7937.23      0.00
j,uy =  120   7934.73   7934.73      0.00
j,ux =  120   7934.73   7934.73      0.00
j,vy =  121   7932.22   7932.22      0.00
j,vx =  121   7932.22   7932.22      0.00
j,uy =  121   7929.71   7929.71      0.00
j,ux =  121   7929.71   7929.71      0.00
j,vy =  122   7927.20   7927.20      0.00
j,vx =  122   7927.20   7927.20      0.00
j,uy =  122   7924.69   7924.69      0.00
j,ux =  122   7924.69   7924.69      0.00
j,vy =  123   7922.18   7922.18      0.00
j,vx =  123   7922.18   7922.18      0.00
j,uy =  123   7919.66   7919.66      0.00
j,ux =  123   7919.66   7919.66      0.00
j,vy =  124   7917.14   7917.14      0.00
j,vx =  124   7917.14   7917.14      0.00
j,uy =  124   7914.62   7914.62      0.00
j,ux =  124   7914.62   7914.62      0.00
j,vy =  125   7912.10   7912.10      0.00
j,vx =  125   7912.10   7912.10      0.00
j,uy =  125   7909.57   7909.57      0.00
j,ux =  125   7909.57   7909.57      0.00
j,vy =  126   7907.04   7907.04      0.00
j,vx =  126   7907.04   7907.04      0.00
j,uy =  126   7904.51   7904.51      0.00
j,ux =  126   7904.51   7904.51      0.00
j,vy =  127   7901.98   7901.98      0.00
j,vx =  127   7901.98   7901.98      0.00
j,uy =  127   7899.44   7899.44      0.00
j,ux =  127   7899.44   7899.44      0.00
j,vy =  128   7896.91   7896.91      0.00
j,vx =  128   7896.91   7896.91      0.00
j,uy =  128   7894.37   7894.37      0.00
j,ux =  128   7894.37   7894.37      0.00
j,vy =  129   7891.83   7891.83      0.00
j,vx =  129   7891.83   7891.83      0.00
j,uy =  129   7889.28   7889.28      0.00
j,ux =  129   7889.28   7889.28      0.00
j,vy =  130   7886.74   7886.74      0.00
j,vx =  130   7886.74   7886.74      0.00
j,uy =  130   7884.19   7884.19      0.00
j,ux =  130   7884.19   7884.19      0.00
j,vy =  131   7881.64   7881.64      0.00
j,vx =  131   7881.64   7881.64      0.00
j,uy =  131   7879.09   7879.09      0.00
j,ux =  131   7879.09   7879.09      0.00
j,vy =  132   7876.53   7876.53      0.00
j,vx =  132   7876.53   7876.53      0.00
j,uy =  132   7873.98   7873.98      0.00
j,ux =  132   7873.98   7873.98      0.00
j,vy =  133   7871.42   7871.42      0.00
j,vx =  133   7871.42   7871.42      0.00
j,uy =  133   7868.86   7868.86      0.00
j,ux =  133   7868.86   7868.86      0.00
j,vy =  134   7866.29   7866.29      0.00
j,vx =  134   7866.29   7866.29      0.00
j,uy =  134   7863.73   7863.73      0.00
j,ux =  134   7863.73   7863.73      0.00
j,vy =  135   7861.16   7861.16      0.00
j,vx =  135   7861.16   7861.16      0.00
j,uy =  135   7858.59   7858.59      0.00
j,ux =  135   7858.59   7858.59      0.00
j,vy =  136   7856.02   7856.02      0.00
j,vx =  136   7856.02   7856.02      0.00
j,uy =  136   7853.44   7853.44      0.00
j,ux =  136   7853.44   7853.44      0.00
j,vy =  137   7850.87   7850.87      0.00
j,vx =  137   7850.87   7850.87      0.00
j,uy =  137   7848.29   7848.29      0.00
j,ux =  137   7848.29   7848.29      0.00
j,vy =  138   7845.71   7845.71      0.00
j,vx =  138   7845.71   7845.71      0.00
j,uy =  138   7843.13   7843.13      0.00
j,ux =  138   7843.13   7843.13      0.00
j,vy =  139   7840.54   7840.54      0.00
j,vx =  139   7840.54   7840.54      0.00
j,uy =  139   7837.96   7837.96      0.00
j,ux =  139   7837.96   7837.96      0.00
j,vy =  140   7835.37   7835.37      0.00
j,vx =  140   7835.37   7835.37      0.00
j,uy =  140   7832.78   7832.78      0.00
j,ux =  140   7832.78   7832.78      0.00
j,vy =  141   7830.18   7830.18      0.00
j,vx =  141   7830.18   7830.18      0.00
j,uy =  141   7827.59   7827.59      0.00
j,ux =  141   7827.59   7827.59      0.00
j,vy =  142   7824.99   7824.99      0.00
j,vx =  142   7824.99   7824.99      0.00
j,uy =  142   7822.39   7822.39      0.00
j,ux =  142   7822.39   7822.39      0.00
j,vy =  143   7819.79   7819.79      0.00
j,vx =  143   7819.79   7819.79      0.00
j,uy =  143   7817.19   7817.19      0.00
j,ux =  143   7817.19   7817.19      0.00
j,vy =  144   7814.58   7814.58      0.00
j,vx =  144   7814.58   7814.58      0.00
j,uy =  144   7811.97   7811.97      0.00
j,ux =  144   7811.97   7811.97      0.00
j,vy =  145   7809.36   7809.36      0.00
j,vx =  145   7809.36   7809.36      0.00
j,uy =  145   7806.75   7806.75      0.00
j,ux =  145   7806.75   7806.75      0.00
j,vy =  146   7804.14   7804.14      0.00
j,vx =  146   7804.14   7804.14      0.00
j,uy =  146   7801.52   7801.52      0.00
j,ux =  146   7801.52   7801.52      0.00
j,vy =  147   7798.90   7798.90      0.00
j,vx =  147   7798.90   7798.90      0.00
j,uy =  147   7796.28   7796.28      0.00
j,ux =  147   7796.28   7796.28      0.00
j,vy =  148   7793.66   7793.66      0.00
j,vx =  148   7793.66   7793.66      0.00
j,uy =  148   7791.04   7791.04      0.00
j,ux =  148   7791.04   7791.04      0.00
j,vy =  149   7788.41   7788.41      0.00
j,vx =  149   7788.41   7788.41      0.00
j,uy =  149   7785.78   7785.78      0.00
j,ux =  149   7785.78   7785.78      0.00
j,vy =  150   7783.15   7783.15      0.00
j,vx =  150   7783.15   7783.15      0.00
j,uy =  150   7780.52   7780.52      0.00
j,ux =  150   7780.52   7780.52      0.00
j,vy =  151   7777.89   7777.89      0.00
j,vx =  151   7777.89   7777.89      0.00
j,uy =  151   7775.25   7775.25      0.00
j,ux =  151   7775.25   7775.25      0.00
j,vy =  152   7772.61   7772.61      0.00
j,vx =  152   7772.61   7772.61      0.00
j,uy =  152   7769.97   7769.97      0.00
j,ux =  152   7769.97   7769.97      0.00
j,vy =  153   7767.33   7767.33      0.00
j,vx =  153   7767.33   7767.33      0.00
j,uy =  153   7764.69   7764.69      0.00
j,ux =  153   7764.69   7764.69      0.00
j,vy =  154   7762.04   7762.04      0.00
j,vx =  154   7762.04   7762.04      0.00
j,uy =  154   7759.39   7759.39      0.00
j,ux =  154   7759.39   7759.39      0.00
j,vy =  155   7756.74   7756.74      0.00
j,vx =  155   7756.74   7756.74      0.00
j,uy =  155   7754.09   7754.09      0.00
j,ux =  155   7754.09   7754.09      0.00
j,vy =  156   7751.44   7751.44      0.00
j,vx =  156   7751.44   7751.44      0.00
j,uy =  156   7748.78   7748.78      0.00
j,ux =  156   7748.78   7748.78      0.00
j,vy =  157   7746.12   7746.12      0.00
j,vx =  157   7746.12   7746.12      0.00
j,uy =  157   7743.46   7743.46      0.00
j,ux =  157   7743.46   7743.46      0.00
j,vy =  158   7740.80   7740.80      0.00
j,vx =  158   7740.80   7740.80      0.00
j,uy =  158   7738.14   7738.14      0.00
j,ux =  158   7738.14   7738.14      0.00
j,vy =  159   7735.47   7735.47      0.00
j,vx =  159   7735.47   7735.47      0.00
j,uy =  159   7732.81   7732.81      0.00
j,ux =  159   7732.81   7732.81      0.00
j,vy =  160   7730.14   7730.14      0.00
j,vx =  160   7730.14   7730.14      0.00
j,uy =  160   7727.46   7727.46      0.00
j,ux =  160   7727.46   7727.46      0.00
j,vy =  161   7724.79   7724.79      0.00
j,vx =  161   7724.79   7724.79      0.00
j,uy =  161   7722.12   7722.12      0.00
j,ux =  161   7722.12   7722.12      0.00
j,vy =  162   7719.44   7719.44      0.00
j,vx =  162   7719.44   7719.44      0.00
j,uy =  162   7716.76   7716.76      0.00
j,ux =  162   7716.76   7716.76      0.00
j,vy =  163   7714.08   7714.08      0.00
j,vx =  163   7714.08   7714.08      0.00
j,uy =  163   7711.40   7711.40      0.00
j,ux =  163   7711.40   7711.40      0.00
j,vy =  164   7708.71   7708.71      0.00
j,vx =  164   7708.71   7708.71      0.00
j,uy =  164   7706.02   7706.02      0.00
j,ux =  164   7706.02   7706.02      0.00
j,vy =  165   7703.34   7703.34      0.00
j,vx =  165   7703.34   7703.34      0.00
j,uy =  165   7700.65   7700.65      0.00
j,ux =  165   7700.65   7700.65      0.00
j,vy =  166   7697.95   7697.95      0.00
j,vx =  166   7697.95   7697.95      0.00
j,uy =  166   7695.26   7695.26      0.00
j,ux =  166   7695.26   7695.26      0.00
j,vy =  167   7692.56   7692.56      0.00
j,vx =  167   7692.56   7692.56      0.00
j,uy =  167   7689.86   7689.86      0.00
j,ux =  167   7689.86   7689.86      0.00
j,vy =  168   7687.17   7687.17      0.00
j,vx =  168   7687.16   7687.16      0.00
j,uy =  168   7684.46   7684.46      0.00
j,ux =  168   7684.46   7684.46      0.00
j,vy =  169   7681.76   7681.76      0.00
j,vx =  169   7681.76   7681.76      0.00
j,uy =  169   7679.05   7679.05      0.00
j,ux =  169   7679.05   7679.05      0.00
j,vy =  170   7676.35   7676.35      0.00
j,vx =  170   7676.35   7676.35      0.00
j,uy =  170   7673.64   7673.64      0.00
j,ux =  170   7673.64   7673.64      0.00
j,vy =  171   7670.93   7670.93      0.00
j,vx =  171   7670.93   7670.93      0.00
j,uy =  171   7668.22   7668.22      0.00
j,ux =  171   7668.22   7668.22      0.00
j,vy =  172   7665.50   7665.50      0.00
j,vx =  172   7665.50   7665.50      0.00
j,uy =  172   7662.78   7662.78      0.00
j,ux =  172   7662.78   7662.78      0.00
j,vy =  173   7660.07   7660.07      0.00
j,vx =  173   7660.07   7660.07      0.00
j,uy =  173   7657.35   7657.35      0.00
j,ux =  173   7657.35   7657.35      0.00
j,vy =  174   7654.63   7654.63      0.00
j,vx =  174   7654.63   7654.63      0.00
j,uy =  174   7651.90   7651.90      0.00
j,ux =  174   7651.90   7651.90      0.00
j,vy =  175   7649.18   7649.18      0.00
j,vx =  175   7649.18   7649.18      0.00
j,uy =  175   7646.45   7646.45      0.00
j,ux =  175   7646.45   7646.45      0.00
j,vy =  176   7643.72   7643.72      0.00
j,vx =  176   7643.72   7643.72      0.00
j,uy =  176   7640.99   7640.99      0.00
j,ux =  176   7640.99   7640.99      0.00
j,vy =  177   7638.26   7638.26      0.00
j,vx =  177   7638.26   7638.26      0.00
j,uy =  177   7635.52   7635.52      0.00
j,ux =  177   7635.52   7635.52      0.00
j,vy =  178   7632.79   7632.79      0.00
j,vx =  178   7632.79   7632.79      0.00
j,uy =  178   7630.05   7630.05      0.00
j,ux =  178   7630.05   7630.05      0.00
j,vy =  179   7627.31   7627.31      0.00
j,vx =  179   7627.31   7627.31      0.00
j,uy =  179   7624.57   7624.57      0.00
j,ux =  179   7624.57   7624.57      0.00
j,vy =  180   7621.83   7621.83      0.00
j,vx =  180   7621.83   7621.83      0.00
j,uy =  180   7619.08   7619.08      0.00
j,ux =  180   7619.08   7619.08      0.00
j,vy =  181   7616.34   7616.34      0.00
j,vx =  181   7616.34   7616.34      0.00
j,uy =  181   7613.59   7613.59      0.00
j,ux =  181   7613.59   7613.59      0.00
j,vy =  182   7610.84   7610.84      0.00
j,vx =  182   7610.84   7610.84      0.00
j,uy =  182   7608.09   7608.09      0.00
j,ux =  182   7608.09   7608.09      0.00
j,vy =  183   7605.33   7605.33      0.00
j,vx =  183   7605.33   7605.33      0.00
j,uy =  183   7602.58   7602.58      0.00
j,ux =  183   7602.58   7602.58      0.00
j,vy =  184   7599.82   7599.82      0.00
j,vx =  184   7599.82   7599.82      0.00
j,uy =  184   7597.06   7597.06      0.00
j,ux =  184   7597.06   7597.06      0.00
j,vy =  185   7594.30   7594.30      0.00
j,vx =  185   7594.30   7594.30      0.00
j,uy =  185   7591.54   7591.54      0.00
j,ux =  185   7591.54   7591.54      0.00
j,vy =  186   7588.78   7588.78      0.00
j,vx =  186   7588.78   7588.78      0.00
j,uy =  186   7586.01   7586.01      0.00
j,ux =  186   7586.01   7586.01      0.00
j,vy =  187   7583.25   7583.25      0.00
j,vx =  187   7583.25   7583.25      0.00
j,uy =  187   7580.48   7580.48      0.00
j,ux =  187   7580.48   7580.48      0.00
j,vy =  188   7577.71   7577.71      0.00
j,vx =  188   7577.71   7577.71      0.00
j,uy =  188   7574.94   7574.94      0.00
j,ux =  188   7574.94   7574.94      0.00
j,vy =  189   7572.16   7572.16      0.00
j,vx =  189   7572.16   7572.16      0.00
j,uy =  189   7569.39   7569.39      0.00
j,ux =  189   7569.39   7569.39      0.00
j,vy =  190   7566.61   7566.61      0.00
j,vx =  190   7566.61   7566.61      0.00
j,uy =  190   7563.83   7563.83      0.00
j,ux =  190   7563.83   7563.83      0.00
j,vy =  191   7561.05   7561.05      0.00
j,vx =  191   7561.05   7561.05      0.00
j,uy =  191   7558.27   7558.27      0.00
j,ux =  191   7558.27   7558.27      0.00
j,vy =  192   7555.49   7555.49      0.00
j,vx =  192   7555.49   7555.49      0.00
j,uy =  192   7552.70   7552.70      0.00
j,ux =  192   7552.70   7552.70      0.00
j,vy =  193   7549.92   7549.92      0.00
j,vx =  193   7549.92   7549.92      0.00
j,uy =  193   7547.13   7547.13      0.00
j,ux =  193   7547.13   7547.13      0.00

pscx:  min,max =      7547.12842     8455.80566
pscy:  min,max =      7547.12842     8455.80566
qscx:  min,max =      7549.91650     8457.63770
qscy:  min,max =      7549.91650     8457.63672
uscx:  min,max =      7547.12842     8455.80566
uscy:  min,max =      7547.12842     8455.80566
vscx:  min,max =      7549.91650     8457.63770
vscy:  min,max =      7549.91650     8457.63672

cori:  min,max =    0.0000451976   0.0000771265

pasp:  min,max =         1.00000        1.00000

mv fort.61 regional.grid.b
mv fort.61A regional.grid.a
cat regional.grid.b
  263    'idm   ' = longitudinal array size
  193    'jdm   ' = latitudinal  array size
    0    'mapflg' = map flag (-1=unknown,0=mercator,2=uniform,4=f-plane)
plon:  min,max =       -98.00000      -77.04000
plat:  min,max =        18.09165       31.96065
qlon:  min,max =       -98.04000      -77.08000
qlat:  min,max =        18.05362       31.92670
ulon:  min,max =       -98.04000      -77.08000
ulat:  min,max =        18.09165       31.96065
vlon:  min,max =       -98.00000      -77.04000
vlat:  min,max =        18.05362       31.92670
pang:  min,max =         0.00000        0.00000
pscx:  min,max =      7547.12842     8455.80566
pscy:  min,max =      7547.12842     8455.80566
qscx:  min,max =      7549.91650     8457.63770
qscy:  min,max =      7549.91650     8457.63672
uscx:  min,max =      7547.12842     8455.80566
uscy:  min,max =      7547.12842     8455.80566
vscx:  min,max =      7549.91650     8457.63770
vscy:  min,max =      7549.91650     8457.63672
cori:  min,max =    0.0000451976   0.0000771265
pasp:  min,max =         1.00000        1.00000
