setenv E `echo $cwd | awk '{print substr($0,length($0)-2,length($0))}'`
awk {print substr($0,length($0)-2,length($0))}
echo /p/home/wallcraf/HYCOM-examples/GOMb0.08/ports/011
setenv X `echo ${E} | awk '{printf("%04.1f", $1*0.1)}'`
awk {printf("%04.1f", $1*0.1)}
echo 011
source ../../expt_01.1/EXPT.src
setenv OS HPE
setenv R GOMb0.08
setenv V 2.3.01
setenv T 07
setenv K 41
setenv E 011
setenv X 01.1
setenv P HYCOM-examples/GOMb0.08/expt_01.1/data
setenv D /p/home/abozec/HYCOM-examples/GOMb0.08/expt_01.1/data
setenv S /p/work1/abozec/HYCOM-examples/GOMb0.08/expt_01.1/data/
setenv DS /p/work1/abozec/HYCOM-examples/GOMb0.08/expt_01.1/../datasets
setenv N cfsr_gom
setenv W /p/work1/abozec/HYCOM-examples/datasets/CFSR_GOM
setenv MAKE_FORCE 1
setenv ARCHIVE 0
setenv QSUBMIT ~wallcraf/bin/q_navo
setenv mnsqa 1
setenv mnsqe 0
setenv statm 1
setenv plots 0
setenv transp 0
setenv data2d 0
setenv netcdf 1
setenv BINRUN 
/bin/rm -f ports.input
ln -s ../../expt_01.1/ports.input .
setenv FOR051A fort.51A
/bin/rm -f fort.51 fort.51A
ln -s /p/work1/abozec/HYCOM-examples/GOMb0.08/expt_01.1/../datasets/topo/depth_GOMb0.08_07.b fort.51
ln -s /p/work1/abozec/HYCOM-examples/GOMb0.08/expt_01.1/../datasets/topo/depth_GOMb0.08_07.a fort.51A
if ( ! -e regional.grid.a ) then
/bin/ln -s /p/work1/abozec/HYCOM-examples/GOMb0.08/expt_01.1/../datasets/topo/regional.grid.a .
/bin/ln -s /p/work1/abozec/HYCOM-examples/GOMb0.08/expt_01.1/../datasets/topo/regional.grid.b .
endif
/p/home/wallcraf/HYCOM-tools/topo/src/topo_ports

xcspmd: idm,jdm =  263  193

header:
depth_GOMb0.01_04bs17m subregioned to GOMb0.08 via isuba_topog                 
0.01 deg. resolution; boxsmoothed 9x; land from 5x;                            
lon: -98.00 to -77.0000.  lat: 18.09165N to 31.96065N.                         
Filled single-width inlets and 1-point seas.                                   
Re-merged with depth_GLBb0.08_09m11 near open boundaries.                      
min,max depth =     2.00000  6710.49268
 
blkini: nports =     6
 
blkini: kdport =     3
blkini: ifport =   251
blkini: ilport =   251
blkini: jfport =   105
blkini: jlport =   116
 
blkini: kdport =     2
blkini: ifport =   129
blkini: ilport =   246
blkini: jfport =     2
blkini: jlport =     2
 
blkini: kdport =     3
blkini: ifport =   262
blkini: ilport =   262
blkini: jfport =     6
blkini: jlport =    24
 
blkini: kdport =     3
blkini: ifport =   251
blkini: ilport =   251
blkini: jfport =    60
blkini: jlport =    84
 
blkini: kdport =     3
blkini: ifport =   262
blkini: ilport =   262
blkini: jfport =   121
blkini: jlport =   192
 
blkini: kdport =     1
blkini: ifport =   226
blkini: ilport =   261
blkini: jfport =   193
blkini: jlport =   193
 
iu array, cols    1 --  120
 193 000000000000000000000000000000000000000000000000000000000000000000000000000000000000000000000000000000000000000000000000
     ========================================================================================================================
   1 000000000000000000000000000000000000000000000000000000000000000000000000000000000000000000000000000000000000000000000000
iu array, cols  121 --  240
 193 000000000000000000000000000000000000000000000000000000000000000000000000000000000000000000000000000000000000000000000000
     ========================================================================================================================
   1 000000000000000000000000000000000000000000000000000000000000000000000000000000000000000000000000000000000000000000000000
iu array, cols  241 --  263
 193 00000000000000000000000
 192 111111111111111111111*0
 191 111111111111111111111*0
 190 111111111111111111111*0
 189 111111111111111111111*0
 188 111111111111111111111*0
 187 111111111111111111111*0
 186 111111111111111111111*0
 185 111111111111111111111*0
 184 111111111111111111111*0
 183 111111111111111111111*0
 182 111111111111111111111*0
 181 111111111111111111111*0
 180 111111111111111111111*0
 179 111111111111111111111*0
 178 111111111111111111111*0
 177 111111111111111111111*0
 176 111111111111111111111*0
 175 111111111111111111111*0
 174 111111111111111111111*0
 173 111111111111111111111*0
 172 111111111111111111111*0
 171 111111111111111111111*0
 170 111111111111111111111*0
 169 111111111111111111111*0
 168 111111111111111111111*0
 167 111111111111111111111*0
 166 111111111111111111111*0
 165 111111111111111111111*0
 164 111111111111111111111*0
 163 111111111111111111111*0
 162 111111111111111111111*0
 161 111111111111111111111*0
 160 111111111111111111111*0
 159 111111111111111111111*0
 158 111111111111111111111*0
 157 111111111111111111111*0
 156 111111111111111111111*0
 155 111111111111111111111*0
 154 111111111111111111111*0
 153 111111111111111111111*0
 152 111111111111111111111*0
 151 111111111111111111111*0
 150 111111111111111111111*0
 149 111111111111111111111*0
 148 111111111111111111111*0
 147 111111111111111111111*0
 146 111111111111111111111*0
 145 111111111111111111111*0
 144 111111111111111111111*0
 143 111111111111111111111*0
 142 111111111111111111111*0
 141 111111111111111111111*0
 140 111111111111111111111*0
 139 111111111111111111111*0
 138 111111111111111111111*0
 137 111111111111111111111*0
 136 111111111111111111111*0
 135 111111111111111111111*0
 134 111111111111111111111*0
 133 111111111111111111111*0
 132 111111111111111111111*0
 131 111111111111111111111*0
 130 111111111111111111111*0
 129 111111111111111111111*0
 128 111111111111111111111*0
 127 111111111111111111111*0
 126 111111111111111111111*0
 125 111111111111111111111*0
 124 111111111111111111111*0
 123 111111111111111111111*0
 122 111111111111111111111*0
 121 111111111111111111111*0
 120 11111111111111100000000
 119 11111111111111100000000
 118 11100111111111100000000
 117 11100000000000000000000
 116 1100001111*000000000000
 115 1000111111*000000000000
 114 1111111111*000000000000
 113 1111111111*000000000000
 112 1111111111*000000000000
 111 1111111111*000000000000
 110 1111111111*000000000000
 109 1111111111*000000000000
 108 1111111111*000000000000
 107 1111111111*000000000000
 106 1111111111*000000000000
 105 1111111111*000000000000
 104 11111111110000000000000
 103 11111111110000000000000
     =======================
  86 11111111000000000000000
  85 11111111100000000000000
  84 1111111111*000000000000
  83 1111111111*000000000000
  82 1111111111*000000000000
  81 1111111111*000000000000
  80 1111111111*000000000000
  79 1111111111*000000000000
  78 1111111111*000000000000
  77 1111111111*000000000000
  76 1111111111*000000000000
  75 1111111111*000000000000
  74 1111111111*000000000000
  73 1111111111*000000000000
  72 1111111111*000000000000
  71 1111111111*000000000000
  70 1111111111*000000000000
  69 1111111111*000000000000
  68 1111111111*000000000000
  67 1111111111*000000000000
  66 1111111111*000000000000
  65 1111111111*000000000000
  64 1111111111*000000000000
  63 1111111111*000000000000
  62 1111111111*000000000000
  61 1111111111*000000000000
  60 1100000111*000000000000
  59 11000000000000000000000
  58 00000000000000000000000
     =======================
  26 11111111111111100000000
  25 11111111111111000000000
  24 111111111111110011111*0
  23 111111111111111111111*0
  22 111111111111111111111*0
  21 111111111111111111111*0
  20 111111111111111111111*0
  19 111111111111111111111*0
  18 111111111111111111111*0
  17 111111111111111111111*0
  16 111111111111111111111*0
  15 111111111111111111111*0
  14 111111111111111111111*0
  13 111111111111111111111*0
  12 111111111111111111111*0
  11 111111111111111111111*0
  10 111111111111111111111*0
   9 111111111111111111111*0
   8 111111111111111111111*0
   7 111111111111111111111*0
   6 111111111110000000011*0
   5 11111110000000000000000
   4 11111100000000000000000
     =======================
   1 00000000000000000000000
 
iv array, cols    1 --  120
 193 000000000000000000000000000000000000000000000000000000000000000000000000000000000000000000000000000000000000000000000000
     ========================================================================================================================
   1 000000000000000000000000000000000000000000000000000000000000000000000000000000000000000000000000000000000000000000000000
iv array, cols  121 --  240
 193 000000000000000000000000000000000000000000000000000000000000000000000000000000000000000000000000000000000***************
 192 000000000000000000000000000000000000000000000000000000000000000000000000000000000000000000000011111111111111111111111111
 191 000000000000000000000000000000000000000000000000000000000000000000000000000000000000000000000111111111111111111111111111
     ========================================================================================================================
   4 000000001111111111111111111111111111111111111111111111111111111111111111111111111111111111111111111111111111111111111111
   3 000000001111111111111111111111111111111111111111111111111111111111111111111111111111111111111111111111111111111111111111
   2 00000000****************************************************************************************************************
   1 000000000000000000000000000000000000000000000000000000000000000000000000000000000000000000000000000000000000000000000000
iv array, cols  241 --  263
 193 *********************00
 192 11111111111111111111100
 191 11111111111111111111100
     =======================
   4 11111100000000000000000
   3 11111100000000000000000
   2 ******00000000000000000
   1 00000000000000000000000
 
/bin/rm -f fort.51 fort.51A
/bin/rm -f regional.grid.a regional.grid.b
